ARM GAS  /tmp/ccIHtlCx.s 			page 1


   1              		.cpu cortex-m3
   2              		.eabi_attribute 20, 1
   3              		.eabi_attribute 21, 1
   4              		.eabi_attribute 23, 3
   5              		.eabi_attribute 24, 1
   6              		.eabi_attribute 25, 1
   7              		.eabi_attribute 26, 1
   8              		.eabi_attribute 30, 1
   9              		.eabi_attribute 34, 1
  10              		.eabi_attribute 18, 4
  11              		.file	"main.c"
  12              		.text
  13              		.section	.text.MX_GPIO_Init,"ax",%progbits
  14              		.align	1
  15              		.arch armv7-m
  16              		.syntax unified
  17              		.thumb
  18              		.thumb_func
  19              		.fpu softvfp
  21              	MX_GPIO_Init:
  22              		@ args = 0, pretend = 0, frame = 32
  23              		@ frame_needed = 0, uses_anonymous_args = 0
  24 0000 30B5     		push	{r4, r5, lr}
  25 0002 89B0     		sub	sp, sp, #36
  26 0004 0024     		movs	r4, #0
  27 0006 0494     		str	r4, [sp, #16]
  28 0008 0594     		str	r4, [sp, #20]
  29 000a 0694     		str	r4, [sp, #24]
  30 000c 0794     		str	r4, [sp, #28]
  31 000e 184B     		ldr	r3, .L3
  32 0010 9A69     		ldr	r2, [r3, #24]
  33 0012 42F01002 		orr	r2, r2, #16
  34 0016 9A61     		str	r2, [r3, #24]
  35 0018 9A69     		ldr	r2, [r3, #24]
  36 001a 02F01002 		and	r2, r2, #16
  37 001e 0192     		str	r2, [sp, #4]
  38 0020 019A     		ldr	r2, [sp, #4]
  39 0022 9A69     		ldr	r2, [r3, #24]
  40 0024 42F02002 		orr	r2, r2, #32
  41 0028 9A61     		str	r2, [r3, #24]
  42 002a 9A69     		ldr	r2, [r3, #24]
  43 002c 02F02002 		and	r2, r2, #32
  44 0030 0292     		str	r2, [sp, #8]
  45 0032 029A     		ldr	r2, [sp, #8]
  46 0034 9A69     		ldr	r2, [r3, #24]
  47 0036 42F00402 		orr	r2, r2, #4
  48 003a 9A61     		str	r2, [r3, #24]
  49 003c 9B69     		ldr	r3, [r3, #24]
  50 003e 03F00403 		and	r3, r3, #4
  51 0042 0393     		str	r3, [sp, #12]
  52 0044 039B     		ldr	r3, [sp, #12]
  53 0046 0B4D     		ldr	r5, .L3+4
  54 0048 2246     		mov	r2, r4
  55 004a 4FF40051 		mov	r1, #8192
  56 004e 2846     		mov	r0, r5
  57 0050 FFF7FEFF 		bl	HAL_GPIO_WritePin
  58 0054 4FF40053 		mov	r3, #8192
ARM GAS  /tmp/ccIHtlCx.s 			page 2


  59 0058 0493     		str	r3, [sp, #16]
  60 005a 1123     		movs	r3, #17
  61 005c 0593     		str	r3, [sp, #20]
  62 005e 0694     		str	r4, [sp, #24]
  63 0060 0223     		movs	r3, #2
  64 0062 0793     		str	r3, [sp, #28]
  65 0064 04A9     		add	r1, sp, #16
  66 0066 2846     		mov	r0, r5
  67 0068 FFF7FEFF 		bl	HAL_GPIO_Init
  68 006c 09B0     		add	sp, sp, #36
  69              		@ sp needed
  70 006e 30BD     		pop	{r4, r5, pc}
  71              	.L4:
  72              		.align	2
  73              	.L3:
  74 0070 00100240 		.word	1073876992
  75 0074 00100140 		.word	1073811456
  77              		.section	.text.MX_USART1_UART_Init,"ax",%progbits
  78              		.align	1
  79              		.syntax unified
  80              		.thumb
  81              		.thumb_func
  82              		.fpu softvfp
  84              	MX_USART1_UART_Init:
  85              		@ args = 0, pretend = 0, frame = 0
  86              		@ frame_needed = 0, uses_anonymous_args = 0
  87 0000 08B5     		push	{r3, lr}
  88 0002 0848     		ldr	r0, .L7
  89 0004 084B     		ldr	r3, .L7+4
  90 0006 0360     		str	r3, [r0]
  91 0008 4FF4E133 		mov	r3, #115200
  92 000c 4360     		str	r3, [r0, #4]
  93 000e 0023     		movs	r3, #0
  94 0010 8360     		str	r3, [r0, #8]
  95 0012 C360     		str	r3, [r0, #12]
  96 0014 0361     		str	r3, [r0, #16]
  97 0016 0C22     		movs	r2, #12
  98 0018 4261     		str	r2, [r0, #20]
  99 001a 8361     		str	r3, [r0, #24]
 100 001c C361     		str	r3, [r0, #28]
 101 001e FFF7FEFF 		bl	HAL_UART_Init
 102 0022 08BD     		pop	{r3, pc}
 103              	.L8:
 104              		.align	2
 105              	.L7:
 106 0024 00000000 		.word	huart1
 107 0028 00380140 		.word	1073821696
 109              		.section	.text.__io_putchar,"ax",%progbits
 110              		.align	1
 111              		.global	__io_putchar
 112              		.syntax unified
 113              		.thumb
 114              		.thumb_func
 115              		.fpu softvfp
 117              	__io_putchar:
 118              		@ args = 0, pretend = 0, frame = 8
 119              		@ frame_needed = 0, uses_anonymous_args = 0
ARM GAS  /tmp/ccIHtlCx.s 			page 3


 120 0000 00B5     		push	{lr}
 121 0002 83B0     		sub	sp, sp, #12
 122 0004 0190     		str	r0, [sp, #4]
 123 0006 4FF6FF73 		movw	r3, #65535
 124 000a 0122     		movs	r2, #1
 125 000c 01A9     		add	r1, sp, #4
 126 000e 0348     		ldr	r0, .L11
 127 0010 FFF7FEFF 		bl	HAL_UART_Transmit
 128 0014 0198     		ldr	r0, [sp, #4]
 129 0016 03B0     		add	sp, sp, #12
 130              		@ sp needed
 131 0018 5DF804FB 		ldr	pc, [sp], #4
 132              	.L12:
 133              		.align	2
 134              	.L11:
 135 001c 00000000 		.word	huart1
 137              		.section	.text.SystemClock_Config,"ax",%progbits
 138              		.align	1
 139              		.global	SystemClock_Config
 140              		.syntax unified
 141              		.thumb
 142              		.thumb_func
 143              		.fpu softvfp
 145              	SystemClock_Config:
 146              		@ args = 0, pretend = 0, frame = 80
 147              		@ frame_needed = 0, uses_anonymous_args = 0
 148 0000 70B5     		push	{r4, r5, r6, lr}
 149 0002 94B0     		sub	sp, sp, #80
 150 0004 0024     		movs	r4, #0
 151 0006 0C94     		str	r4, [sp, #48]
 152 0008 0D94     		str	r4, [sp, #52]
 153 000a 0F94     		str	r4, [sp, #60]
 154 000c 1094     		str	r4, [sp, #64]
 155 000e 0594     		str	r4, [sp, #20]
 156 0010 0694     		str	r4, [sp, #24]
 157 0012 0794     		str	r4, [sp, #28]
 158 0014 0894     		str	r4, [sp, #32]
 159 0016 0994     		str	r4, [sp, #36]
 160 0018 0194     		str	r4, [sp, #4]
 161 001a 0294     		str	r4, [sp, #8]
 162 001c 0394     		str	r4, [sp, #12]
 163 001e 0494     		str	r4, [sp, #16]
 164 0020 0125     		movs	r5, #1
 165 0022 0A95     		str	r5, [sp, #40]
 166 0024 4FF48033 		mov	r3, #65536
 167 0028 0B93     		str	r3, [sp, #44]
 168 002a 0E95     		str	r5, [sp, #56]
 169 002c 0226     		movs	r6, #2
 170 002e 1196     		str	r6, [sp, #68]
 171 0030 1293     		str	r3, [sp, #72]
 172 0032 4FF48013 		mov	r3, #1048576
 173 0036 1393     		str	r3, [sp, #76]
 174 0038 0AA8     		add	r0, sp, #40
 175 003a FFF7FEFF 		bl	HAL_RCC_OscConfig
 176 003e 0F23     		movs	r3, #15
 177 0040 0593     		str	r3, [sp, #20]
 178 0042 0696     		str	r6, [sp, #24]
ARM GAS  /tmp/ccIHtlCx.s 			page 4


 179 0044 0794     		str	r4, [sp, #28]
 180 0046 4FF48063 		mov	r3, #1024
 181 004a 0893     		str	r3, [sp, #32]
 182 004c 0994     		str	r4, [sp, #36]
 183 004e 2946     		mov	r1, r5
 184 0050 05A8     		add	r0, sp, #20
 185 0052 FFF7FEFF 		bl	HAL_RCC_ClockConfig
 186 0056 1023     		movs	r3, #16
 187 0058 0193     		str	r3, [sp, #4]
 188 005a 4FF48003 		mov	r3, #4194304
 189 005e 0493     		str	r3, [sp, #16]
 190 0060 01A8     		add	r0, sp, #4
 191 0062 FFF7FEFF 		bl	HAL_RCCEx_PeriphCLKConfig
 192 0066 14B0     		add	sp, sp, #80
 193              		@ sp needed
 194 0068 70BD     		pop	{r4, r5, r6, pc}
 196              		.section	.text.main,"ax",%progbits
 197              		.align	1
 198              		.global	main
 199              		.syntax unified
 200              		.thumb
 201              		.thumb_func
 202              		.fpu softvfp
 204              	main:
 205              		@ args = 0, pretend = 0, frame = 0
 206              		@ frame_needed = 0, uses_anonymous_args = 0
 207 0000 70B5     		push	{r4, r5, r6, lr}
 208 0002 FFF7FEFF 		bl	HAL_Init
 209 0006 FFF7FEFF 		bl	SystemClock_Config
 210 000a FFF7FEFF 		bl	MX_GPIO_Init
 211 000e FFF7FEFF 		bl	MX_USART1_UART_Init
 212 0012 FFF7FEFF 		bl	MX_USB_DEVICE_Init
 213 0016 1348     		ldr	r0, .L18
 214 0018 FFF7FEFF 		bl	printf
 215 001c 0022     		movs	r2, #0
 216 001e 4FF40051 		mov	r1, #8192
 217 0022 1148     		ldr	r0, .L18+4
 218 0024 FFF7FEFF 		bl	HAL_GPIO_WritePin
 219 0028 0024     		movs	r4, #0
 220              	.L16:
 221 002a 0F4D     		ldr	r5, .L18+4
 222 002c 0122     		movs	r2, #1
 223 002e 4FF40051 		mov	r1, #8192
 224 0032 2846     		mov	r0, r5
 225 0034 FFF7FEFF 		bl	HAL_GPIO_WritePin
 226 0038 661C     		adds	r6, r4, #1
 227 003a 2146     		mov	r1, r4
 228 003c 0B48     		ldr	r0, .L18+8
 229 003e FFF7FEFF 		bl	printf
 230 0042 4FF47A70 		mov	r0, #1000
 231 0046 FFF7FEFF 		bl	HAL_Delay
 232 004a 0022     		movs	r2, #0
 233 004c 4FF40051 		mov	r1, #8192
 234 0050 2846     		mov	r0, r5
 235 0052 FFF7FEFF 		bl	HAL_GPIO_WritePin
 236 0056 4FF47A70 		mov	r0, #1000
 237 005a FFF7FEFF 		bl	HAL_Delay
ARM GAS  /tmp/ccIHtlCx.s 			page 5


 238 005e 3446     		mov	r4, r6
 239 0060 E3E7     		b	.L16
 240              	.L19:
 241 0062 00BF     		.align	2
 242              	.L18:
 243 0064 00000000 		.word	.LC0
 244 0068 00100140 		.word	1073811456
 245 006c 50000000 		.word	.LC1
 247              		.section	.text.Error_Handler,"ax",%progbits
 248              		.align	1
 249              		.global	Error_Handler
 250              		.syntax unified
 251              		.thumb
 252              		.thumb_func
 253              		.fpu softvfp
 255              	Error_Handler:
 256              		@ args = 0, pretend = 0, frame = 0
 257              		@ frame_needed = 0, uses_anonymous_args = 0
 258              		@ link register save eliminated.
 259 0000 7047     		bx	lr
 261              		.comm	huart1,64,4
 262              		.section	.rodata.main.str1.4,"aMS",%progbits,1
 263              		.align	2
 264              	.LC0:
 265 0000 0A0D2055 		.ascii	"\012\015 UART Printf Example: retarget the C librar"
 265      41525420 
 265      5072696E 
 265      74662045 
 265      78616D70 
 266 002d 79207072 		.ascii	"y printf function to the UART\012\015\000"
 266      696E7466 
 266      2066756E 
 266      6374696F 
 266      6E20746F 
 267 004d 000000   		.space	3
 268              	.LC1:
 269 0050 77656C63 		.ascii	"welcome to www.waveshere.com !!! %d\012\015\000"
 269      6F6D6520 
 269      746F2077 
 269      77772E77 
 269      61766573 
 270              		.ident	"GCC: (GNU Tools for Arm Embedded Processors 8-2018-q4-major) 8.2.1 20181213 (release) [gcc
ARM GAS  /tmp/ccIHtlCx.s 			page 6


DEFINED SYMBOLS
                            *ABS*:0000000000000000 main.c
     /tmp/ccIHtlCx.s:14     .text.MX_GPIO_Init:0000000000000000 $t
     /tmp/ccIHtlCx.s:21     .text.MX_GPIO_Init:0000000000000000 MX_GPIO_Init
     /tmp/ccIHtlCx.s:74     .text.MX_GPIO_Init:0000000000000070 $d
     /tmp/ccIHtlCx.s:78     .text.MX_USART1_UART_Init:0000000000000000 $t
     /tmp/ccIHtlCx.s:84     .text.MX_USART1_UART_Init:0000000000000000 MX_USART1_UART_Init
     /tmp/ccIHtlCx.s:106    .text.MX_USART1_UART_Init:0000000000000024 $d
                            *COM*:0000000000000040 huart1
     /tmp/ccIHtlCx.s:110    .text.__io_putchar:0000000000000000 $t
     /tmp/ccIHtlCx.s:117    .text.__io_putchar:0000000000000000 __io_putchar
     /tmp/ccIHtlCx.s:135    .text.__io_putchar:000000000000001c $d
     /tmp/ccIHtlCx.s:138    .text.SystemClock_Config:0000000000000000 $t
     /tmp/ccIHtlCx.s:145    .text.SystemClock_Config:0000000000000000 SystemClock_Config
     /tmp/ccIHtlCx.s:197    .text.main:0000000000000000 $t
     /tmp/ccIHtlCx.s:204    .text.main:0000000000000000 main
     /tmp/ccIHtlCx.s:243    .text.main:0000000000000064 $d
     /tmp/ccIHtlCx.s:248    .text.Error_Handler:0000000000000000 $t
     /tmp/ccIHtlCx.s:255    .text.Error_Handler:0000000000000000 Error_Handler
     /tmp/ccIHtlCx.s:263    .rodata.main.str1.4:0000000000000000 $d

UNDEFINED SYMBOLS
HAL_GPIO_WritePin
HAL_GPIO_Init
HAL_UART_Init
HAL_UART_Transmit
HAL_RCC_OscConfig
HAL_RCC_ClockConfig
HAL_RCCEx_PeriphCLKConfig
HAL_Init
MX_USB_DEVICE_Init
printf
HAL_Delay
