ARM GAS  /tmp/cchZLWO1.s 			page 1


   1              		.cpu cortex-m3
   2              		.eabi_attribute 20, 1
   3              		.eabi_attribute 21, 1
   4              		.eabi_attribute 23, 3
   5              		.eabi_attribute 24, 1
   6              		.eabi_attribute 25, 1
   7              		.eabi_attribute 26, 1
   8              		.eabi_attribute 30, 1
   9              		.eabi_attribute 34, 1
  10              		.eabi_attribute 18, 4
  11              		.file	"stm32f1xx_hal_gpio.c"
  12              		.text
  13              		.section	.text.HAL_GPIO_Init,"ax",%progbits
  14              		.align	1
  15              		.global	HAL_GPIO_Init
  16              		.arch armv7-m
  17              		.syntax unified
  18              		.thumb
  19              		.thumb_func
  20              		.fpu softvfp
  22              	HAL_GPIO_Init:
  23              		@ args = 0, pretend = 0, frame = 8
  24              		@ frame_needed = 0, uses_anonymous_args = 0
  25              		@ link register save eliminated.
  26 0000 F0B4     		push	{r4, r5, r6, r7}
  27 0002 82B0     		sub	sp, sp, #8
  28 0004 0026     		movs	r6, #0
  29 0006 3546     		mov	r5, r6
  30 0008 A0E0     		b	.L2
  31              	.L38:
  32 000a 002B     		cmp	r3, #0
  33 000c 58D0     		beq	.L8
  34 000e 012B     		cmp	r3, #1
  35 0010 10D1     		bne	.L10
  36 0012 CE68     		ldr	r6, [r1, #12]
  37 0014 0EE0     		b	.L10
  38              	.L5:
  39 0016 694F     		ldr	r7, .L39
  40 0018 BB42     		cmp	r3, r7
  41 001a 51D0     		beq	.L8
  42 001c 48D9     		bls	.L34
  43 001e 684F     		ldr	r7, .L39+4
  44 0020 BB42     		cmp	r3, r7
  45 0022 4DD0     		beq	.L8
  46 0024 07F58037 		add	r7, r7, #65536
  47 0028 BB42     		cmp	r3, r7
  48 002a 49D0     		beq	.L8
  49 002c A7F58017 		sub	r7, r7, #1048576
  50 0030 BB42     		cmp	r3, r7
  51 0032 45D0     		beq	.L8
  52              	.L10:
  53 0034 FF2A     		cmp	r2, #255
  54 0036 57D8     		bhi	.L14
  55 0038 8446     		mov	ip, r0
  56              	.L15:
  57 003a FF2A     		cmp	r2, #255
  58 003c 57D8     		bhi	.L16
ARM GAS  /tmp/cchZLWO1.s 			page 2


  59 003e AC00     		lsls	r4, r5, #2
  60              	.L17:
  61 0040 DCF80030 		ldr	r3, [ip]
  62 0044 0F27     		movs	r7, #15
  63 0046 A740     		lsls	r7, r7, r4
  64 0048 23EA0703 		bic	r3, r3, r7
  65 004c 06FA04F4 		lsl	r4, r6, r4
  66 0050 2343     		orrs	r3, r3, r4
  67 0052 CCF80030 		str	r3, [ip]
  68 0056 4B68     		ldr	r3, [r1, #4]
  69 0058 13F0805F 		tst	r3, #268435456
  70 005c 75D0     		beq	.L3
  71 005e 594B     		ldr	r3, .L39+8
  72 0060 9C69     		ldr	r4, [r3, #24]
  73 0062 44F00104 		orr	r4, r4, #1
  74 0066 9C61     		str	r4, [r3, #24]
  75 0068 9B69     		ldr	r3, [r3, #24]
  76 006a 03F00103 		and	r3, r3, #1
  77 006e 0193     		str	r3, [sp, #4]
  78 0070 019B     		ldr	r3, [sp, #4]
  79 0072 AC08     		lsrs	r4, r5, #2
  80 0074 A71C     		adds	r7, r4, #2
  81 0076 544B     		ldr	r3, .L39+12
  82 0078 53F82730 		ldr	r3, [r3, r7, lsl #2]
  83 007c 05F00307 		and	r7, r5, #3
  84 0080 BF00     		lsls	r7, r7, #2
  85 0082 4FF00F0C 		mov	ip, #15
  86 0086 0CFA07FC 		lsl	ip, ip, r7
  87 008a 23EA0C0C 		bic	ip, r3, ip
  88 008e 4F4B     		ldr	r3, .L39+16
  89 0090 9842     		cmp	r0, r3
  90 0092 32D0     		beq	.L29
  91 0094 03F58063 		add	r3, r3, #1024
  92 0098 9842     		cmp	r0, r3
  93 009a 70D0     		beq	.L30
  94 009c 03F58063 		add	r3, r3, #1024
  95 00a0 9842     		cmp	r0, r3
  96 00a2 6ED0     		beq	.L31
  97 00a4 03F58063 		add	r3, r3, #1024
  98 00a8 9842     		cmp	r0, r3
  99 00aa 24D0     		beq	.L35
 100 00ac 0423     		movs	r3, #4
 101 00ae 25E0     		b	.L18
 102              	.L34:
 103 00b0 A7F58017 		sub	r7, r7, #1048576
 104 00b4 BB42     		cmp	r3, r7
 105 00b6 03D0     		beq	.L8
 106 00b8 07F58037 		add	r7, r7, #65536
 107 00bc BB42     		cmp	r3, r7
 108 00be B9D1     		bne	.L10
 109              	.L8:
 110 00c0 8B68     		ldr	r3, [r1, #8]
 111 00c2 7BB1     		cbz	r3, .L28
 112 00c4 012B     		cmp	r3, #1
 113 00c6 08D0     		beq	.L36
 114 00c8 4461     		str	r4, [r0, #20]
 115 00ca 0826     		movs	r6, #8
ARM GAS  /tmp/cchZLWO1.s 			page 3


 116 00cc B2E7     		b	.L10
 117              	.L6:
 118 00ce CE68     		ldr	r6, [r1, #12]
 119 00d0 0836     		adds	r6, r6, #8
 120 00d2 AFE7     		b	.L10
 121              	.L4:
 122 00d4 CE68     		ldr	r6, [r1, #12]
 123 00d6 0C36     		adds	r6, r6, #12
 124 00d8 ACE7     		b	.L10
 125              	.L36:
 126 00da 0461     		str	r4, [r0, #16]
 127 00dc 0826     		movs	r6, #8
 128 00de A9E7     		b	.L10
 129              	.L27:
 130 00e0 0026     		movs	r6, #0
 131 00e2 A7E7     		b	.L10
 132              	.L28:
 133 00e4 0426     		movs	r6, #4
 134 00e6 A5E7     		b	.L10
 135              	.L14:
 136 00e8 00F1040C 		add	ip, r0, #4
 137 00ec A5E7     		b	.L15
 138              	.L16:
 139 00ee A5F10804 		sub	r4, r5, #8
 140 00f2 A400     		lsls	r4, r4, #2
 141 00f4 A4E7     		b	.L17
 142              	.L35:
 143 00f6 0323     		movs	r3, #3
 144 00f8 00E0     		b	.L18
 145              	.L29:
 146 00fa 0023     		movs	r3, #0
 147              	.L18:
 148 00fc BB40     		lsls	r3, r3, r7
 149 00fe 43EA0C03 		orr	r3, r3, ip
 150 0102 0234     		adds	r4, r4, #2
 151 0104 304F     		ldr	r7, .L39+12
 152 0106 47F82430 		str	r3, [r7, r4, lsl #2]
 153 010a 4B68     		ldr	r3, [r1, #4]
 154 010c 13F4803F 		tst	r3, #65536
 155 0110 39D0     		beq	.L19
 156 0112 2F4C     		ldr	r4, .L39+20
 157 0114 2368     		ldr	r3, [r4]
 158 0116 1343     		orrs	r3, r3, r2
 159 0118 2360     		str	r3, [r4]
 160              	.L20:
 161 011a 4B68     		ldr	r3, [r1, #4]
 162 011c 13F4003F 		tst	r3, #131072
 163 0120 37D0     		beq	.L21
 164 0122 2B4C     		ldr	r4, .L39+20
 165 0124 6368     		ldr	r3, [r4, #4]
 166 0126 1343     		orrs	r3, r3, r2
 167 0128 6360     		str	r3, [r4, #4]
 168              	.L22:
 169 012a 4B68     		ldr	r3, [r1, #4]
 170 012c 13F4801F 		tst	r3, #1048576
 171 0130 35D0     		beq	.L23
 172 0132 274C     		ldr	r4, .L39+20
ARM GAS  /tmp/cchZLWO1.s 			page 4


 173 0134 A368     		ldr	r3, [r4, #8]
 174 0136 1343     		orrs	r3, r3, r2
 175 0138 A360     		str	r3, [r4, #8]
 176              	.L24:
 177 013a 4B68     		ldr	r3, [r1, #4]
 178 013c 13F4001F 		tst	r3, #2097152
 179 0140 33D0     		beq	.L25
 180 0142 234C     		ldr	r4, .L39+20
 181 0144 E368     		ldr	r3, [r4, #12]
 182 0146 1A43     		orrs	r2, r2, r3
 183 0148 E260     		str	r2, [r4, #12]
 184              	.L3:
 185 014a 0135     		adds	r5, r5, #1
 186              	.L2:
 187 014c 0F2D     		cmp	r5, #15
 188 014e 32D8     		bhi	.L37
 189 0150 0124     		movs	r4, #1
 190 0152 AC40     		lsls	r4, r4, r5
 191 0154 0A68     		ldr	r2, [r1]
 192 0156 2240     		ands	r2, r2, r4
 193 0158 9442     		cmp	r4, r2
 194 015a F6D1     		bne	.L3
 195 015c 4B68     		ldr	r3, [r1, #4]
 196 015e 122B     		cmp	r3, #18
 197 0160 B8D0     		beq	.L4
 198 0162 3FF658AF 		bhi	.L5
 199 0166 022B     		cmp	r3, #2
 200 0168 B1D0     		beq	.L6
 201 016a 7FF64EAF 		bls	.L38
 202 016e 032B     		cmp	r3, #3
 203 0170 B6D0     		beq	.L27
 204 0172 112B     		cmp	r3, #17
 205 0174 7FF45EAF 		bne	.L10
 206 0178 CE68     		ldr	r6, [r1, #12]
 207 017a 0436     		adds	r6, r6, #4
 208 017c 5AE7     		b	.L10
 209              	.L30:
 210 017e 0123     		movs	r3, #1
 211 0180 BCE7     		b	.L18
 212              	.L31:
 213 0182 0223     		movs	r3, #2
 214 0184 BAE7     		b	.L18
 215              	.L19:
 216 0186 124C     		ldr	r4, .L39+20
 217 0188 2368     		ldr	r3, [r4]
 218 018a 23EA0203 		bic	r3, r3, r2
 219 018e 2360     		str	r3, [r4]
 220 0190 C3E7     		b	.L20
 221              	.L21:
 222 0192 0F4C     		ldr	r4, .L39+20
 223 0194 6368     		ldr	r3, [r4, #4]
 224 0196 23EA0203 		bic	r3, r3, r2
 225 019a 6360     		str	r3, [r4, #4]
 226 019c C5E7     		b	.L22
 227              	.L23:
 228 019e 0C4C     		ldr	r4, .L39+20
 229 01a0 A368     		ldr	r3, [r4, #8]
ARM GAS  /tmp/cchZLWO1.s 			page 5


 230 01a2 23EA0203 		bic	r3, r3, r2
 231 01a6 A360     		str	r3, [r4, #8]
 232 01a8 C7E7     		b	.L24
 233              	.L25:
 234 01aa 094C     		ldr	r4, .L39+20
 235 01ac E368     		ldr	r3, [r4, #12]
 236 01ae 23EA0202 		bic	r2, r3, r2
 237 01b2 E260     		str	r2, [r4, #12]
 238 01b4 C9E7     		b	.L3
 239              	.L37:
 240 01b6 02B0     		add	sp, sp, #8
 241              		@ sp needed
 242 01b8 F0BC     		pop	{r4, r5, r6, r7}
 243 01ba 7047     		bx	lr
 244              	.L40:
 245              		.align	2
 246              	.L39:
 247 01bc 00002110 		.word	270598144
 248 01c0 00003110 		.word	271646720
 249 01c4 00100240 		.word	1073876992
 250 01c8 00000140 		.word	1073807360
 251 01cc 00080140 		.word	1073809408
 252 01d0 00040140 		.word	1073808384
 254              		.section	.text.HAL_GPIO_DeInit,"ax",%progbits
 255              		.align	1
 256              		.global	HAL_GPIO_DeInit
 257              		.syntax unified
 258              		.thumb
 259              		.thumb_func
 260              		.fpu softvfp
 262              	HAL_GPIO_DeInit:
 263              		@ args = 0, pretend = 0, frame = 0
 264              		@ frame_needed = 0, uses_anonymous_args = 0
 265              		@ link register save eliminated.
 266 0000 F0B4     		push	{r4, r5, r6, r7}
 267 0002 0024     		movs	r4, #0
 268 0004 0EE0     		b	.L42
 269              	.L44:
 270 0006 00F1040C 		add	ip, r0, #4
 271 000a 15E0     		b	.L45
 272              	.L46:
 273 000c A4F10806 		sub	r6, r4, #8
 274 0010 B700     		lsls	r7, r6, #2
 275 0012 14E0     		b	.L47
 276              	.L57:
 277 0014 0327     		movs	r7, #3
 278 0016 00E0     		b	.L48
 279              	.L50:
 280 0018 0027     		movs	r7, #0
 281              	.L48:
 282 001a 07FA02F2 		lsl	r2, r7, r2
 283 001e B242     		cmp	r2, r6
 284 0020 3ED0     		beq	.L55
 285              	.L43:
 286 0022 0134     		adds	r4, r4, #1
 287              	.L42:
 288 0024 31FA04F3 		lsrs	r3, r1, r4
ARM GAS  /tmp/cchZLWO1.s 			page 6


 289 0028 51D0     		beq	.L56
 290 002a 0123     		movs	r3, #1
 291 002c A340     		lsls	r3, r3, r4
 292 002e 0B40     		ands	r3, r3, r1
 293 0030 F7D0     		beq	.L43
 294 0032 FF2B     		cmp	r3, #255
 295 0034 E7D8     		bhi	.L44
 296 0036 8446     		mov	ip, r0
 297              	.L45:
 298 0038 FF2B     		cmp	r3, #255
 299 003a E7D8     		bhi	.L46
 300 003c A700     		lsls	r7, r4, #2
 301              	.L47:
 302 003e DCF80020 		ldr	r2, [ip]
 303 0042 0F25     		movs	r5, #15
 304 0044 05FA07F6 		lsl	r6, r5, r7
 305 0048 22EA0602 		bic	r2, r2, r6
 306 004c 0426     		movs	r6, #4
 307 004e BE40     		lsls	r6, r6, r7
 308 0050 3243     		orrs	r2, r2, r6
 309 0052 CCF80020 		str	r2, [ip]
 310 0056 C268     		ldr	r2, [r0, #12]
 311 0058 DB43     		mvns	r3, r3
 312 005a 1A40     		ands	r2, r2, r3
 313 005c C260     		str	r2, [r0, #12]
 314 005e 4FEA940C 		lsr	ip, r4, #2
 315 0062 0CF10206 		add	r6, ip, #2
 316 0066 1B4A     		ldr	r2, .L58
 317 0068 52F82660 		ldr	r6, [r2, r6, lsl #2]
 318 006c 04F00302 		and	r2, r4, #3
 319 0070 9200     		lsls	r2, r2, #2
 320 0072 9540     		lsls	r5, r5, r2
 321 0074 2E40     		ands	r6, r6, r5
 322 0076 184F     		ldr	r7, .L58+4
 323 0078 B842     		cmp	r0, r7
 324 007a CDD0     		beq	.L50
 325 007c 07F58067 		add	r7, r7, #1024
 326 0080 B842     		cmp	r0, r7
 327 0082 09D0     		beq	.L51
 328 0084 07F58067 		add	r7, r7, #1024
 329 0088 B842     		cmp	r0, r7
 330 008a 07D0     		beq	.L52
 331 008c 07F58067 		add	r7, r7, #1024
 332 0090 B842     		cmp	r0, r7
 333 0092 BFD0     		beq	.L57
 334 0094 0427     		movs	r7, #4
 335 0096 C0E7     		b	.L48
 336              	.L51:
 337 0098 0127     		movs	r7, #1
 338 009a BEE7     		b	.L48
 339              	.L52:
 340 009c 0227     		movs	r7, #2
 341 009e BCE7     		b	.L48
 342              	.L55:
 343 00a0 0C4F     		ldr	r7, .L58
 344 00a2 0CF10202 		add	r2, ip, #2
 345 00a6 57F82260 		ldr	r6, [r7, r2, lsl #2]
ARM GAS  /tmp/cchZLWO1.s 			page 7


 346 00aa 26EA0505 		bic	r5, r6, r5
 347 00ae 47F82250 		str	r5, [r7, r2, lsl #2]
 348 00b2 0A4A     		ldr	r2, .L58+8
 349 00b4 1568     		ldr	r5, [r2]
 350 00b6 1D40     		ands	r5, r5, r3
 351 00b8 1560     		str	r5, [r2]
 352 00ba 5568     		ldr	r5, [r2, #4]
 353 00bc 1D40     		ands	r5, r5, r3
 354 00be 5560     		str	r5, [r2, #4]
 355 00c0 9568     		ldr	r5, [r2, #8]
 356 00c2 1D40     		ands	r5, r5, r3
 357 00c4 9560     		str	r5, [r2, #8]
 358 00c6 D568     		ldr	r5, [r2, #12]
 359 00c8 2B40     		ands	r3, r3, r5
 360 00ca D360     		str	r3, [r2, #12]
 361 00cc A9E7     		b	.L43
 362              	.L56:
 363 00ce F0BC     		pop	{r4, r5, r6, r7}
 364 00d0 7047     		bx	lr
 365              	.L59:
 366 00d2 00BF     		.align	2
 367              	.L58:
 368 00d4 00000140 		.word	1073807360
 369 00d8 00080140 		.word	1073809408
 370 00dc 00040140 		.word	1073808384
 372              		.section	.text.HAL_GPIO_ReadPin,"ax",%progbits
 373              		.align	1
 374              		.global	HAL_GPIO_ReadPin
 375              		.syntax unified
 376              		.thumb
 377              		.thumb_func
 378              		.fpu softvfp
 380              	HAL_GPIO_ReadPin:
 381              		@ args = 0, pretend = 0, frame = 0
 382              		@ frame_needed = 0, uses_anonymous_args = 0
 383              		@ link register save eliminated.
 384 0000 8368     		ldr	r3, [r0, #8]
 385 0002 1942     		tst	r1, r3
 386 0004 01D0     		beq	.L62
 387 0006 0120     		movs	r0, #1
 388 0008 7047     		bx	lr
 389              	.L62:
 390 000a 0020     		movs	r0, #0
 391 000c 7047     		bx	lr
 393              		.section	.text.HAL_GPIO_WritePin,"ax",%progbits
 394              		.align	1
 395              		.global	HAL_GPIO_WritePin
 396              		.syntax unified
 397              		.thumb
 398              		.thumb_func
 399              		.fpu softvfp
 401              	HAL_GPIO_WritePin:
 402              		@ args = 0, pretend = 0, frame = 0
 403              		@ frame_needed = 0, uses_anonymous_args = 0
 404              		@ link register save eliminated.
 405 0000 0AB1     		cbz	r2, .L64
 406 0002 0161     		str	r1, [r0, #16]
ARM GAS  /tmp/cchZLWO1.s 			page 8


 407 0004 7047     		bx	lr
 408              	.L64:
 409 0006 0904     		lsls	r1, r1, #16
 410 0008 0161     		str	r1, [r0, #16]
 411 000a 7047     		bx	lr
 413              		.section	.text.HAL_GPIO_TogglePin,"ax",%progbits
 414              		.align	1
 415              		.global	HAL_GPIO_TogglePin
 416              		.syntax unified
 417              		.thumb
 418              		.thumb_func
 419              		.fpu softvfp
 421              	HAL_GPIO_TogglePin:
 422              		@ args = 0, pretend = 0, frame = 0
 423              		@ frame_needed = 0, uses_anonymous_args = 0
 424              		@ link register save eliminated.
 425 0000 C368     		ldr	r3, [r0, #12]
 426 0002 5940     		eors	r1, r1, r3
 427 0004 C160     		str	r1, [r0, #12]
 428 0006 7047     		bx	lr
 430              		.section	.text.HAL_GPIO_LockPin,"ax",%progbits
 431              		.align	1
 432              		.global	HAL_GPIO_LockPin
 433              		.syntax unified
 434              		.thumb
 435              		.thumb_func
 436              		.fpu softvfp
 438              	HAL_GPIO_LockPin:
 439              		@ args = 0, pretend = 0, frame = 8
 440              		@ frame_needed = 0, uses_anonymous_args = 0
 441              		@ link register save eliminated.
 442 0000 82B0     		sub	sp, sp, #8
 443 0002 4FF48033 		mov	r3, #65536
 444 0006 0193     		str	r3, [sp, #4]
 445 0008 019B     		ldr	r3, [sp, #4]
 446 000a 0B43     		orrs	r3, r3, r1
 447 000c 0193     		str	r3, [sp, #4]
 448 000e 019B     		ldr	r3, [sp, #4]
 449 0010 8361     		str	r3, [r0, #24]
 450 0012 8161     		str	r1, [r0, #24]
 451 0014 019B     		ldr	r3, [sp, #4]
 452 0016 8361     		str	r3, [r0, #24]
 453 0018 8369     		ldr	r3, [r0, #24]
 454 001a 0193     		str	r3, [sp, #4]
 455 001c 8369     		ldr	r3, [r0, #24]
 456 001e 13F4803F 		tst	r3, #65536
 457 0022 02D0     		beq	.L69
 458 0024 0020     		movs	r0, #0
 459              	.L68:
 460 0026 02B0     		add	sp, sp, #8
 461              		@ sp needed
 462 0028 7047     		bx	lr
 463              	.L69:
 464 002a 0120     		movs	r0, #1
 465 002c FBE7     		b	.L68
 467              		.section	.text.HAL_GPIO_EXTI_Callback,"ax",%progbits
 468              		.align	1
ARM GAS  /tmp/cchZLWO1.s 			page 9


 469              		.weak	HAL_GPIO_EXTI_Callback
 470              		.syntax unified
 471              		.thumb
 472              		.thumb_func
 473              		.fpu softvfp
 475              	HAL_GPIO_EXTI_Callback:
 476              		@ args = 0, pretend = 0, frame = 0
 477              		@ frame_needed = 0, uses_anonymous_args = 0
 478              		@ link register save eliminated.
 479 0000 7047     		bx	lr
 481              		.section	.text.HAL_GPIO_EXTI_IRQHandler,"ax",%progbits
 482              		.align	1
 483              		.global	HAL_GPIO_EXTI_IRQHandler
 484              		.syntax unified
 485              		.thumb
 486              		.thumb_func
 487              		.fpu softvfp
 489              	HAL_GPIO_EXTI_IRQHandler:
 490              		@ args = 0, pretend = 0, frame = 0
 491              		@ frame_needed = 0, uses_anonymous_args = 0
 492 0000 08B5     		push	{r3, lr}
 493 0002 054B     		ldr	r3, .L76
 494 0004 5B69     		ldr	r3, [r3, #20]
 495 0006 0342     		tst	r3, r0
 496 0008 00D1     		bne	.L75
 497              	.L72:
 498 000a 08BD     		pop	{r3, pc}
 499              	.L75:
 500 000c 024B     		ldr	r3, .L76
 501 000e 5861     		str	r0, [r3, #20]
 502 0010 FFF7FEFF 		bl	HAL_GPIO_EXTI_Callback
 503 0014 F9E7     		b	.L72
 504              	.L77:
 505 0016 00BF     		.align	2
 506              	.L76:
 507 0018 00040140 		.word	1073808384
 509              		.ident	"GCC: (GNU Tools for Arm Embedded Processors 8-2018-q4-major) 8.2.1 20181213 (release) [gcc
ARM GAS  /tmp/cchZLWO1.s 			page 10


DEFINED SYMBOLS
                            *ABS*:0000000000000000 stm32f1xx_hal_gpio.c
     /tmp/cchZLWO1.s:14     .text.HAL_GPIO_Init:0000000000000000 $t
     /tmp/cchZLWO1.s:22     .text.HAL_GPIO_Init:0000000000000000 HAL_GPIO_Init
     /tmp/cchZLWO1.s:247    .text.HAL_GPIO_Init:00000000000001bc $d
     /tmp/cchZLWO1.s:255    .text.HAL_GPIO_DeInit:0000000000000000 $t
     /tmp/cchZLWO1.s:262    .text.HAL_GPIO_DeInit:0000000000000000 HAL_GPIO_DeInit
     /tmp/cchZLWO1.s:368    .text.HAL_GPIO_DeInit:00000000000000d4 $d
     /tmp/cchZLWO1.s:373    .text.HAL_GPIO_ReadPin:0000000000000000 $t
     /tmp/cchZLWO1.s:380    .text.HAL_GPIO_ReadPin:0000000000000000 HAL_GPIO_ReadPin
     /tmp/cchZLWO1.s:394    .text.HAL_GPIO_WritePin:0000000000000000 $t
     /tmp/cchZLWO1.s:401    .text.HAL_GPIO_WritePin:0000000000000000 HAL_GPIO_WritePin
     /tmp/cchZLWO1.s:414    .text.HAL_GPIO_TogglePin:0000000000000000 $t
     /tmp/cchZLWO1.s:421    .text.HAL_GPIO_TogglePin:0000000000000000 HAL_GPIO_TogglePin
     /tmp/cchZLWO1.s:431    .text.HAL_GPIO_LockPin:0000000000000000 $t
     /tmp/cchZLWO1.s:438    .text.HAL_GPIO_LockPin:0000000000000000 HAL_GPIO_LockPin
     /tmp/cchZLWO1.s:468    .text.HAL_GPIO_EXTI_Callback:0000000000000000 $t
     /tmp/cchZLWO1.s:475    .text.HAL_GPIO_EXTI_Callback:0000000000000000 HAL_GPIO_EXTI_Callback
     /tmp/cchZLWO1.s:482    .text.HAL_GPIO_EXTI_IRQHandler:0000000000000000 $t
     /tmp/cchZLWO1.s:489    .text.HAL_GPIO_EXTI_IRQHandler:0000000000000000 HAL_GPIO_EXTI_IRQHandler
     /tmp/cchZLWO1.s:507    .text.HAL_GPIO_EXTI_IRQHandler:0000000000000018 $d

NO UNDEFINED SYMBOLS
