ARM GAS  /tmp/ccCX17sl.s 			page 1


   1              		.cpu cortex-m3
   2              		.eabi_attribute 20, 1
   3              		.eabi_attribute 21, 1
   4              		.eabi_attribute 23, 3
   5              		.eabi_attribute 24, 1
   6              		.eabi_attribute 25, 1
   7              		.eabi_attribute 26, 1
   8              		.eabi_attribute 30, 1
   9              		.eabi_attribute 34, 1
  10              		.eabi_attribute 18, 4
  11              		.file	"stm32f1xx_hal_msp.c"
  12              		.text
  13              		.section	.text.HAL_MspInit,"ax",%progbits
  14              		.align	1
  15              		.global	HAL_MspInit
  16              		.arch armv7-m
  17              		.syntax unified
  18              		.thumb
  19              		.thumb_func
  20              		.fpu softvfp
  22              	HAL_MspInit:
  23              		@ args = 0, pretend = 0, frame = 8
  24              		@ frame_needed = 0, uses_anonymous_args = 0
  25              		@ link register save eliminated.
  26 0000 82B0     		sub	sp, sp, #8
  27 0002 0E4B     		ldr	r3, .L3
  28 0004 9A69     		ldr	r2, [r3, #24]
  29 0006 42F00102 		orr	r2, r2, #1
  30 000a 9A61     		str	r2, [r3, #24]
  31 000c 9A69     		ldr	r2, [r3, #24]
  32 000e 02F00102 		and	r2, r2, #1
  33 0012 0092     		str	r2, [sp]
  34 0014 009A     		ldr	r2, [sp]
  35 0016 DA69     		ldr	r2, [r3, #28]
  36 0018 42F08052 		orr	r2, r2, #268435456
  37 001c DA61     		str	r2, [r3, #28]
  38 001e DB69     		ldr	r3, [r3, #28]
  39 0020 03F08053 		and	r3, r3, #268435456
  40 0024 0193     		str	r3, [sp, #4]
  41 0026 019B     		ldr	r3, [sp, #4]
  42 0028 054A     		ldr	r2, .L3+4
  43 002a 5368     		ldr	r3, [r2, #4]
  44 002c 23F0E063 		bic	r3, r3, #117440512
  45 0030 43F08063 		orr	r3, r3, #67108864
  46 0034 5360     		str	r3, [r2, #4]
  47 0036 02B0     		add	sp, sp, #8
  48              		@ sp needed
  49 0038 7047     		bx	lr
  50              	.L4:
  51 003a 00BF     		.align	2
  52              	.L3:
  53 003c 00100240 		.word	1073876992
  54 0040 00000140 		.word	1073807360
  56              		.section	.text.HAL_UART_MspInit,"ax",%progbits
  57              		.align	1
  58              		.global	HAL_UART_MspInit
  59              		.syntax unified
ARM GAS  /tmp/ccCX17sl.s 			page 2


  60              		.thumb
  61              		.thumb_func
  62              		.fpu softvfp
  64              	HAL_UART_MspInit:
  65              		@ args = 0, pretend = 0, frame = 24
  66              		@ frame_needed = 0, uses_anonymous_args = 0
  67 0000 30B5     		push	{r4, r5, lr}
  68 0002 87B0     		sub	sp, sp, #28
  69 0004 0023     		movs	r3, #0
  70 0006 0293     		str	r3, [sp, #8]
  71 0008 0393     		str	r3, [sp, #12]
  72 000a 0493     		str	r3, [sp, #16]
  73 000c 0593     		str	r3, [sp, #20]
  74 000e 0268     		ldr	r2, [r0]
  75 0010 1B4B     		ldr	r3, .L9
  76 0012 9A42     		cmp	r2, r3
  77 0014 01D0     		beq	.L8
  78              	.L5:
  79 0016 07B0     		add	sp, sp, #28
  80              		@ sp needed
  81 0018 30BD     		pop	{r4, r5, pc}
  82              	.L8:
  83 001a 03F55843 		add	r3, r3, #55296
  84 001e 9A69     		ldr	r2, [r3, #24]
  85 0020 42F48042 		orr	r2, r2, #16384
  86 0024 9A61     		str	r2, [r3, #24]
  87 0026 9A69     		ldr	r2, [r3, #24]
  88 0028 02F48042 		and	r2, r2, #16384
  89 002c 0092     		str	r2, [sp]
  90 002e 009A     		ldr	r2, [sp]
  91 0030 9A69     		ldr	r2, [r3, #24]
  92 0032 42F00402 		orr	r2, r2, #4
  93 0036 9A61     		str	r2, [r3, #24]
  94 0038 9B69     		ldr	r3, [r3, #24]
  95 003a 03F00403 		and	r3, r3, #4
  96 003e 0193     		str	r3, [sp, #4]
  97 0040 019B     		ldr	r3, [sp, #4]
  98 0042 4FF40073 		mov	r3, #512
  99 0046 0293     		str	r3, [sp, #8]
 100 0048 0223     		movs	r3, #2
 101 004a 0393     		str	r3, [sp, #12]
 102 004c 0323     		movs	r3, #3
 103 004e 0593     		str	r3, [sp, #20]
 104 0050 0C4D     		ldr	r5, .L9+4
 105 0052 02A9     		add	r1, sp, #8
 106 0054 2846     		mov	r0, r5
 107 0056 FFF7FEFF 		bl	HAL_GPIO_Init
 108 005a 4FF48063 		mov	r3, #1024
 109 005e 0293     		str	r3, [sp, #8]
 110 0060 0024     		movs	r4, #0
 111 0062 0394     		str	r4, [sp, #12]
 112 0064 0494     		str	r4, [sp, #16]
 113 0066 02A9     		add	r1, sp, #8
 114 0068 2846     		mov	r0, r5
 115 006a FFF7FEFF 		bl	HAL_GPIO_Init
 116 006e 2246     		mov	r2, r4
 117 0070 2146     		mov	r1, r4
ARM GAS  /tmp/ccCX17sl.s 			page 3


 118 0072 2520     		movs	r0, #37
 119 0074 FFF7FEFF 		bl	HAL_NVIC_SetPriority
 120 0078 2520     		movs	r0, #37
 121 007a FFF7FEFF 		bl	HAL_NVIC_EnableIRQ
 122 007e CAE7     		b	.L5
 123              	.L10:
 124              		.align	2
 125              	.L9:
 126 0080 00380140 		.word	1073821696
 127 0084 00080140 		.word	1073809408
 129              		.section	.text.HAL_UART_MspDeInit,"ax",%progbits
 130              		.align	1
 131              		.global	HAL_UART_MspDeInit
 132              		.syntax unified
 133              		.thumb
 134              		.thumb_func
 135              		.fpu softvfp
 137              	HAL_UART_MspDeInit:
 138              		@ args = 0, pretend = 0, frame = 0
 139              		@ frame_needed = 0, uses_anonymous_args = 0
 140 0000 08B5     		push	{r3, lr}
 141 0002 0268     		ldr	r2, [r0]
 142 0004 084B     		ldr	r3, .L15
 143 0006 9A42     		cmp	r2, r3
 144 0008 00D0     		beq	.L14
 145              	.L11:
 146 000a 08BD     		pop	{r3, pc}
 147              	.L14:
 148 000c 074A     		ldr	r2, .L15+4
 149 000e 9369     		ldr	r3, [r2, #24]
 150 0010 23F48043 		bic	r3, r3, #16384
 151 0014 9361     		str	r3, [r2, #24]
 152 0016 4FF4C061 		mov	r1, #1536
 153 001a 0548     		ldr	r0, .L15+8
 154 001c FFF7FEFF 		bl	HAL_GPIO_DeInit
 155 0020 2520     		movs	r0, #37
 156 0022 FFF7FEFF 		bl	HAL_NVIC_DisableIRQ
 157 0026 F0E7     		b	.L11
 158              	.L16:
 159              		.align	2
 160              	.L15:
 161 0028 00380140 		.word	1073821696
 162 002c 00100240 		.word	1073876992
 163 0030 00080140 		.word	1073809408
 165              		.ident	"GCC: (GNU Tools for Arm Embedded Processors 8-2018-q4-major) 8.2.1 20181213 (release) [gcc
ARM GAS  /tmp/ccCX17sl.s 			page 4


DEFINED SYMBOLS
                            *ABS*:0000000000000000 stm32f1xx_hal_msp.c
     /tmp/ccCX17sl.s:14     .text.HAL_MspInit:0000000000000000 $t
     /tmp/ccCX17sl.s:22     .text.HAL_MspInit:0000000000000000 HAL_MspInit
     /tmp/ccCX17sl.s:53     .text.HAL_MspInit:000000000000003c $d
     /tmp/ccCX17sl.s:57     .text.HAL_UART_MspInit:0000000000000000 $t
     /tmp/ccCX17sl.s:64     .text.HAL_UART_MspInit:0000000000000000 HAL_UART_MspInit
     /tmp/ccCX17sl.s:126    .text.HAL_UART_MspInit:0000000000000080 $d
     /tmp/ccCX17sl.s:130    .text.HAL_UART_MspDeInit:0000000000000000 $t
     /tmp/ccCX17sl.s:137    .text.HAL_UART_MspDeInit:0000000000000000 HAL_UART_MspDeInit
     /tmp/ccCX17sl.s:161    .text.HAL_UART_MspDeInit:0000000000000028 $d

UNDEFINED SYMBOLS
HAL_GPIO_Init
HAL_NVIC_SetPriority
HAL_NVIC_EnableIRQ
HAL_GPIO_DeInit
HAL_NVIC_DisableIRQ
