ARM GAS  /tmp/ccr3tlZU.s 			page 1


   1              		.cpu cortex-m3
   2              		.eabi_attribute 20, 1
   3              		.eabi_attribute 21, 1
   4              		.eabi_attribute 23, 3
   5              		.eabi_attribute 24, 1
   6              		.eabi_attribute 25, 1
   7              		.eabi_attribute 26, 1
   8              		.eabi_attribute 30, 1
   9              		.eabi_attribute 34, 1
  10              		.eabi_attribute 18, 4
  11              		.file	"stm32f1xx_hal_rcc_ex.c"
  12              		.text
  13              		.section	.text.HAL_RCCEx_PeriphCLKConfig,"ax",%progbits
  14              		.align	1
  15              		.global	HAL_RCCEx_PeriphCLKConfig
  16              		.arch armv7-m
  17              		.syntax unified
  18              		.thumb
  19              		.thumb_func
  20              		.fpu softvfp
  22              	HAL_RCCEx_PeriphCLKConfig:
  23              		@ args = 0, pretend = 0, frame = 8
  24              		@ frame_needed = 0, uses_anonymous_args = 0
  25 0000 70B5     		push	{r4, r5, r6, lr}
  26 0002 82B0     		sub	sp, sp, #8
  27 0004 0446     		mov	r4, r0
  28 0006 0368     		ldr	r3, [r0]
  29 0008 13F0010F 		tst	r3, #1
  30 000c 34D0     		beq	.L2
  31 000e 3E4B     		ldr	r3, .L20
  32 0010 DB69     		ldr	r3, [r3, #28]
  33 0012 13F0805F 		tst	r3, #268435456
  34 0016 48D1     		bne	.L12
  35 0018 3B4B     		ldr	r3, .L20
  36 001a DA69     		ldr	r2, [r3, #28]
  37 001c 42F08052 		orr	r2, r2, #268435456
  38 0020 DA61     		str	r2, [r3, #28]
  39 0022 DB69     		ldr	r3, [r3, #28]
  40 0024 03F08053 		and	r3, r3, #268435456
  41 0028 0193     		str	r3, [sp, #4]
  42 002a 019B     		ldr	r3, [sp, #4]
  43 002c 0125     		movs	r5, #1
  44              	.L3:
  45 002e 374B     		ldr	r3, .L20+4
  46 0030 1B68     		ldr	r3, [r3]
  47 0032 13F4807F 		tst	r3, #256
  48 0036 3AD0     		beq	.L17
  49              	.L4:
  50 0038 334B     		ldr	r3, .L20
  51 003a 1B6A     		ldr	r3, [r3, #32]
  52 003c 13F44073 		ands	r3, r3, #768
  53 0040 11D0     		beq	.L8
  54 0042 6268     		ldr	r2, [r4, #4]
  55 0044 02F44072 		and	r2, r2, #768
  56 0048 9A42     		cmp	r2, r3
  57 004a 0CD0     		beq	.L8
  58 004c 2E4A     		ldr	r2, .L20
ARM GAS  /tmp/ccr3tlZU.s 			page 2


  59 004e 136A     		ldr	r3, [r2, #32]
  60 0050 23F44070 		bic	r0, r3, #768
  61 0054 2E49     		ldr	r1, .L20+8
  62 0056 0126     		movs	r6, #1
  63 0058 0E60     		str	r6, [r1]
  64 005a 0026     		movs	r6, #0
  65 005c 0E60     		str	r6, [r1]
  66 005e 1062     		str	r0, [r2, #32]
  67 0060 13F0010F 		tst	r3, #1
  68 0064 37D1     		bne	.L18
  69              	.L8:
  70 0066 284A     		ldr	r2, .L20
  71 0068 136A     		ldr	r3, [r2, #32]
  72 006a 23F44073 		bic	r3, r3, #768
  73 006e 6168     		ldr	r1, [r4, #4]
  74 0070 0B43     		orrs	r3, r3, r1
  75 0072 1362     		str	r3, [r2, #32]
  76 0074 002D     		cmp	r5, #0
  77 0076 3FD1     		bne	.L19
  78              	.L2:
  79 0078 2368     		ldr	r3, [r4]
  80 007a 13F0020F 		tst	r3, #2
  81 007e 06D0     		beq	.L11
  82 0080 214A     		ldr	r2, .L20
  83 0082 5368     		ldr	r3, [r2, #4]
  84 0084 23F44043 		bic	r3, r3, #49152
  85 0088 A168     		ldr	r1, [r4, #8]
  86 008a 0B43     		orrs	r3, r3, r1
  87 008c 5360     		str	r3, [r2, #4]
  88              	.L11:
  89 008e 2368     		ldr	r3, [r4]
  90 0090 13F0100F 		tst	r3, #16
  91 0094 35D0     		beq	.L15
  92 0096 1C4A     		ldr	r2, .L20
  93 0098 5368     		ldr	r3, [r2, #4]
  94 009a 23F48003 		bic	r3, r3, #4194304
  95 009e E168     		ldr	r1, [r4, #12]
  96 00a0 0B43     		orrs	r3, r3, r1
  97 00a2 5360     		str	r3, [r2, #4]
  98 00a4 0020     		movs	r0, #0
  99              	.L6:
 100 00a6 02B0     		add	sp, sp, #8
 101              		@ sp needed
 102 00a8 70BD     		pop	{r4, r5, r6, pc}
 103              	.L12:
 104 00aa 0025     		movs	r5, #0
 105 00ac BFE7     		b	.L3
 106              	.L17:
 107 00ae 174A     		ldr	r2, .L20+4
 108 00b0 1368     		ldr	r3, [r2]
 109 00b2 43F48073 		orr	r3, r3, #256
 110 00b6 1360     		str	r3, [r2]
 111 00b8 FFF7FEFF 		bl	HAL_GetTick
 112 00bc 0646     		mov	r6, r0
 113              	.L5:
 114 00be 134B     		ldr	r3, .L20+4
 115 00c0 1B68     		ldr	r3, [r3]
ARM GAS  /tmp/ccr3tlZU.s 			page 3


 116 00c2 13F4807F 		tst	r3, #256
 117 00c6 B7D1     		bne	.L4
 118 00c8 FFF7FEFF 		bl	HAL_GetTick
 119 00cc 801B     		subs	r0, r0, r6
 120 00ce 6428     		cmp	r0, #100
 121 00d0 F5D9     		bls	.L5
 122 00d2 0320     		movs	r0, #3
 123 00d4 E7E7     		b	.L6
 124              	.L18:
 125 00d6 FFF7FEFF 		bl	HAL_GetTick
 126 00da 0646     		mov	r6, r0
 127              	.L9:
 128 00dc 0A4B     		ldr	r3, .L20
 129 00de 1B6A     		ldr	r3, [r3, #32]
 130 00e0 13F0020F 		tst	r3, #2
 131 00e4 BFD1     		bne	.L8
 132 00e6 FFF7FEFF 		bl	HAL_GetTick
 133 00ea 801B     		subs	r0, r0, r6
 134 00ec 41F28833 		movw	r3, #5000
 135 00f0 9842     		cmp	r0, r3
 136 00f2 F3D9     		bls	.L9
 137 00f4 0320     		movs	r0, #3
 138 00f6 D6E7     		b	.L6
 139              	.L19:
 140 00f8 D369     		ldr	r3, [r2, #28]
 141 00fa 23F08053 		bic	r3, r3, #268435456
 142 00fe D361     		str	r3, [r2, #28]
 143 0100 BAE7     		b	.L2
 144              	.L15:
 145 0102 0020     		movs	r0, #0
 146 0104 CFE7     		b	.L6
 147              	.L21:
 148 0106 00BF     		.align	2
 149              	.L20:
 150 0108 00100240 		.word	1073876992
 151 010c 00700040 		.word	1073770496
 152 0110 40044242 		.word	1111622720
 154              		.section	.text.HAL_RCCEx_GetPeriphCLKConfig,"ax",%progbits
 155              		.align	1
 156              		.global	HAL_RCCEx_GetPeriphCLKConfig
 157              		.syntax unified
 158              		.thumb
 159              		.thumb_func
 160              		.fpu softvfp
 162              	HAL_RCCEx_GetPeriphCLKConfig:
 163              		@ args = 0, pretend = 0, frame = 0
 164              		@ frame_needed = 0, uses_anonymous_args = 0
 165              		@ link register save eliminated.
 166 0000 0123     		movs	r3, #1
 167 0002 0360     		str	r3, [r0]
 168 0004 084B     		ldr	r3, .L23
 169 0006 1A6A     		ldr	r2, [r3, #32]
 170 0008 02F44072 		and	r2, r2, #768
 171 000c 4260     		str	r2, [r0, #4]
 172 000e 0322     		movs	r2, #3
 173 0010 0260     		str	r2, [r0]
 174 0012 5A68     		ldr	r2, [r3, #4]
ARM GAS  /tmp/ccr3tlZU.s 			page 4


 175 0014 02F44042 		and	r2, r2, #49152
 176 0018 8260     		str	r2, [r0, #8]
 177 001a 1322     		movs	r2, #19
 178 001c 0260     		str	r2, [r0]
 179 001e 5B68     		ldr	r3, [r3, #4]
 180 0020 03F48003 		and	r3, r3, #4194304
 181 0024 C360     		str	r3, [r0, #12]
 182 0026 7047     		bx	lr
 183              	.L24:
 184              		.align	2
 185              	.L23:
 186 0028 00100240 		.word	1073876992
 188              		.section	.text.HAL_RCCEx_GetPeriphCLKFreq,"ax",%progbits
 189              		.align	1
 190              		.global	HAL_RCCEx_GetPeriphCLKFreq
 191              		.syntax unified
 192              		.thumb
 193              		.thumb_func
 194              		.fpu softvfp
 196              	HAL_RCCEx_GetPeriphCLKFreq:
 197              		@ args = 0, pretend = 0, frame = 24
 198              		@ frame_needed = 0, uses_anonymous_args = 0
 199 0000 30B5     		push	{r4, r5, lr}
 200 0002 87B0     		sub	sp, sp, #28
 201 0004 0546     		mov	r5, r0
 202 0006 384C     		ldr	r4, .L41
 203 0008 94E80F00 		ldm	r4, {r0, r1, r2, r3}
 204 000c 0DF1180C 		add	ip, sp, #24
 205 0010 0CE90F00 		stmdb	ip, {r0, r1, r2, r3}
 206 0014 238A     		ldrh	r3, [r4, #16]
 207 0016 ADF80430 		strh	r3, [sp, #4]	@ movhi
 208 001a 022D     		cmp	r5, #2
 209 001c 51D0     		beq	.L26
 210 001e 102D     		cmp	r5, #16
 211 0020 04D0     		beq	.L27
 212 0022 012D     		cmp	r5, #1
 213 0024 2CD0     		beq	.L28
 214 0026 0020     		movs	r0, #0
 215              	.L25:
 216 0028 07B0     		add	sp, sp, #28
 217              		@ sp needed
 218 002a 30BD     		pop	{r4, r5, pc}
 219              	.L27:
 220 002c 2F4B     		ldr	r3, .L41+4
 221 002e 5A68     		ldr	r2, [r3, #4]
 222 0030 1B68     		ldr	r3, [r3]
 223 0032 13F0807F 		tst	r3, #16777216
 224 0036 4FD0     		beq	.L33
 225 0038 C2F38343 		ubfx	r3, r2, #18, #4
 226 003c 06A9     		add	r1, sp, #24
 227 003e 0B44     		add	r3, r3, r1
 228 0040 13F8100C 		ldrb	r0, [r3, #-16]	@ zero_extendqisi2
 229 0044 12F4803F 		tst	r2, #65536
 230 0048 16D0     		beq	.L30
 231 004a 284B     		ldr	r3, .L41+4
 232 004c 5B68     		ldr	r3, [r3, #4]
 233 004e C3F34043 		ubfx	r3, r3, #17, #1
ARM GAS  /tmp/ccr3tlZU.s 			page 5


 234 0052 0B44     		add	r3, r3, r1
 235 0054 13F8142C 		ldrb	r2, [r3, #-20]	@ zero_extendqisi2
 236 0058 254B     		ldr	r3, .L41+8
 237 005a B3FBF2F3 		udiv	r3, r3, r2
 238 005e 00FB03F0 		mul	r0, r0, r3
 239              	.L31:
 240 0062 224B     		ldr	r3, .L41+4
 241 0064 5B68     		ldr	r3, [r3, #4]
 242 0066 13F4800F 		tst	r3, #4194304
 243 006a DDD1     		bne	.L25
 244 006c 4000     		lsls	r0, r0, #1
 245 006e 214B     		ldr	r3, .L41+12
 246 0070 A3FB0030 		umull	r3, r0, r3, r0
 247 0074 4008     		lsrs	r0, r0, #1
 248 0076 D7E7     		b	.L25
 249              	.L30:
 250 0078 1F4B     		ldr	r3, .L41+16
 251 007a 03FB00F0 		mul	r0, r3, r0
 252 007e F0E7     		b	.L31
 253              	.L28:
 254 0080 1A4B     		ldr	r3, .L41+4
 255 0082 1B6A     		ldr	r3, [r3, #32]
 256 0084 40F20232 		movw	r2, #770
 257 0088 1A40     		ands	r2, r2, r3
 258 008a B2F5817F 		cmp	r2, #258
 259 008e 25D0     		beq	.L34
 260 0090 03F44073 		and	r3, r3, #768
 261 0094 B3F5007F 		cmp	r3, #512
 262 0098 04D0     		beq	.L39
 263              	.L32:
 264 009a B3F5407F 		cmp	r3, #768
 265 009e 09D0     		beq	.L40
 266 00a0 0020     		movs	r0, #0
 267 00a2 C1E7     		b	.L25
 268              	.L39:
 269 00a4 114A     		ldr	r2, .L41+4
 270 00a6 526A     		ldr	r2, [r2, #36]
 271 00a8 12F0020F 		tst	r2, #2
 272 00ac F5D0     		beq	.L32
 273 00ae 49F64040 		movw	r0, #40000
 274 00b2 B9E7     		b	.L25
 275              	.L40:
 276 00b4 0D4B     		ldr	r3, .L41+4
 277 00b6 1B68     		ldr	r3, [r3]
 278 00b8 13F4003F 		tst	r3, #131072
 279 00bc 11D1     		bne	.L37
 280 00be 0020     		movs	r0, #0
 281 00c0 B2E7     		b	.L25
 282              	.L26:
 283 00c2 FFF7FEFF 		bl	HAL_RCC_GetPCLK2Freq
 284 00c6 094B     		ldr	r3, .L41+4
 285 00c8 5B68     		ldr	r3, [r3, #4]
 286 00ca C3F38133 		ubfx	r3, r3, #14, #2
 287 00ce 0133     		adds	r3, r3, #1
 288 00d0 5B00     		lsls	r3, r3, #1
 289 00d2 B0FBF3F0 		udiv	r0, r0, r3
 290 00d6 A7E7     		b	.L25
ARM GAS  /tmp/ccr3tlZU.s 			page 6


 291              	.L33:
 292 00d8 0020     		movs	r0, #0
 293 00da A5E7     		b	.L25
 294              	.L34:
 295 00dc 4FF40040 		mov	r0, #32768
 296 00e0 A2E7     		b	.L25
 297              	.L37:
 298 00e2 4FF22440 		movw	r0, #62500
 299 00e6 9FE7     		b	.L25
 300              	.L42:
 301              		.align	2
 302              	.L41:
 303 00e8 00000000 		.word	.LANCHOR0
 304 00ec 00100240 		.word	1073876992
 305 00f0 00127A00 		.word	8000000
 306 00f4 ABAAAAAA 		.word	-1431655765
 307 00f8 00093D00 		.word	4000000
 309              		.section	.rodata
 310              		.align	2
 311              		.set	.LANCHOR0,. + 0
 312              	.LC0:
 313 0000 02       		.byte	2
 314 0001 03       		.byte	3
 315 0002 04       		.byte	4
 316 0003 05       		.byte	5
 317 0004 06       		.byte	6
 318 0005 07       		.byte	7
 319 0006 08       		.byte	8
 320 0007 09       		.byte	9
 321 0008 0A       		.byte	10
 322 0009 0B       		.byte	11
 323 000a 0C       		.byte	12
 324 000b 0D       		.byte	13
 325 000c 0E       		.byte	14
 326 000d 0F       		.byte	15
 327 000e 10       		.byte	16
 328 000f 10       		.byte	16
 329              	.LC1:
 330 0010 01       		.byte	1
 331 0011 02       		.byte	2
 332              		.ident	"GCC: (GNU Tools for Arm Embedded Processors 8-2018-q4-major) 8.2.1 20181213 (release) [gcc
ARM GAS  /tmp/ccr3tlZU.s 			page 7


DEFINED SYMBOLS
                            *ABS*:0000000000000000 stm32f1xx_hal_rcc_ex.c
     /tmp/ccr3tlZU.s:14     .text.HAL_RCCEx_PeriphCLKConfig:0000000000000000 $t
     /tmp/ccr3tlZU.s:22     .text.HAL_RCCEx_PeriphCLKConfig:0000000000000000 HAL_RCCEx_PeriphCLKConfig
     /tmp/ccr3tlZU.s:150    .text.HAL_RCCEx_PeriphCLKConfig:0000000000000108 $d
     /tmp/ccr3tlZU.s:155    .text.HAL_RCCEx_GetPeriphCLKConfig:0000000000000000 $t
     /tmp/ccr3tlZU.s:162    .text.HAL_RCCEx_GetPeriphCLKConfig:0000000000000000 HAL_RCCEx_GetPeriphCLKConfig
     /tmp/ccr3tlZU.s:186    .text.HAL_RCCEx_GetPeriphCLKConfig:0000000000000028 $d
     /tmp/ccr3tlZU.s:189    .text.HAL_RCCEx_GetPeriphCLKFreq:0000000000000000 $t
     /tmp/ccr3tlZU.s:196    .text.HAL_RCCEx_GetPeriphCLKFreq:0000000000000000 HAL_RCCEx_GetPeriphCLKFreq
     /tmp/ccr3tlZU.s:303    .text.HAL_RCCEx_GetPeriphCLKFreq:00000000000000e8 $d
     /tmp/ccr3tlZU.s:310    .rodata:0000000000000000 $d

UNDEFINED SYMBOLS
HAL_GetTick
HAL_RCC_GetPCLK2Freq
