ARM GAS  /tmp/ccUfEglV.s 			page 1


   1              		.cpu cortex-m3
   2              		.eabi_attribute 20, 1
   3              		.eabi_attribute 21, 1
   4              		.eabi_attribute 23, 3
   5              		.eabi_attribute 24, 1
   6              		.eabi_attribute 25, 1
   7              		.eabi_attribute 26, 1
   8              		.eabi_attribute 30, 1
   9              		.eabi_attribute 34, 1
  10              		.eabi_attribute 18, 4
  11              		.file	"stm32f1xx_hal_gpio_ex.c"
  12              		.text
  13              		.section	.text.HAL_GPIOEx_ConfigEventout,"ax",%progbits
  14              		.align	1
  15              		.global	HAL_GPIOEx_ConfigEventout
  16              		.arch armv7-m
  17              		.syntax unified
  18              		.thumb
  19              		.thumb_func
  20              		.fpu softvfp
  22              	HAL_GPIOEx_ConfigEventout:
  23              		@ args = 0, pretend = 0, frame = 0
  24              		@ frame_needed = 0, uses_anonymous_args = 0
  25              		@ link register save eliminated.
  26 0000 034A     		ldr	r2, .L2
  27 0002 1368     		ldr	r3, [r2]
  28 0004 23F07F03 		bic	r3, r3, #127
  29 0008 0143     		orrs	r1, r1, r0
  30 000a 0B43     		orrs	r3, r3, r1
  31 000c 1360     		str	r3, [r2]
  32 000e 7047     		bx	lr
  33              	.L3:
  34              		.align	2
  35              	.L2:
  36 0010 00000140 		.word	1073807360
  38              		.section	.text.HAL_GPIOEx_EnableEventout,"ax",%progbits
  39              		.align	1
  40              		.global	HAL_GPIOEx_EnableEventout
  41              		.syntax unified
  42              		.thumb
  43              		.thumb_func
  44              		.fpu softvfp
  46              	HAL_GPIOEx_EnableEventout:
  47              		@ args = 0, pretend = 0, frame = 0
  48              		@ frame_needed = 0, uses_anonymous_args = 0
  49              		@ link register save eliminated.
  50 0000 024A     		ldr	r2, .L5
  51 0002 1368     		ldr	r3, [r2]
  52 0004 43F08003 		orr	r3, r3, #128
  53 0008 1360     		str	r3, [r2]
  54 000a 7047     		bx	lr
  55              	.L6:
  56              		.align	2
  57              	.L5:
  58 000c 00000140 		.word	1073807360
  60              		.section	.text.HAL_GPIOEx_DisableEventout,"ax",%progbits
  61              		.align	1
ARM GAS  /tmp/ccUfEglV.s 			page 2


  62              		.global	HAL_GPIOEx_DisableEventout
  63              		.syntax unified
  64              		.thumb
  65              		.thumb_func
  66              		.fpu softvfp
  68              	HAL_GPIOEx_DisableEventout:
  69              		@ args = 0, pretend = 0, frame = 0
  70              		@ frame_needed = 0, uses_anonymous_args = 0
  71              		@ link register save eliminated.
  72 0000 024A     		ldr	r2, .L8
  73 0002 1368     		ldr	r3, [r2]
  74 0004 23F08003 		bic	r3, r3, #128
  75 0008 1360     		str	r3, [r2]
  76 000a 7047     		bx	lr
  77              	.L9:
  78              		.align	2
  79              	.L8:
  80 000c 00000140 		.word	1073807360
  82              		.ident	"GCC: (GNU Tools for Arm Embedded Processors 8-2018-q4-major) 8.2.1 20181213 (release) [gcc
ARM GAS  /tmp/ccUfEglV.s 			page 3


DEFINED SYMBOLS
                            *ABS*:0000000000000000 stm32f1xx_hal_gpio_ex.c
     /tmp/ccUfEglV.s:14     .text.HAL_GPIOEx_ConfigEventout:0000000000000000 $t
     /tmp/ccUfEglV.s:22     .text.HAL_GPIOEx_ConfigEventout:0000000000000000 HAL_GPIOEx_ConfigEventout
     /tmp/ccUfEglV.s:36     .text.HAL_GPIOEx_ConfigEventout:0000000000000010 $d
     /tmp/ccUfEglV.s:39     .text.HAL_GPIOEx_EnableEventout:0000000000000000 $t
     /tmp/ccUfEglV.s:46     .text.HAL_GPIOEx_EnableEventout:0000000000000000 HAL_GPIOEx_EnableEventout
     /tmp/ccUfEglV.s:58     .text.HAL_GPIOEx_EnableEventout:000000000000000c $d
     /tmp/ccUfEglV.s:61     .text.HAL_GPIOEx_DisableEventout:0000000000000000 $t
     /tmp/ccUfEglV.s:68     .text.HAL_GPIOEx_DisableEventout:0000000000000000 HAL_GPIOEx_DisableEventout
     /tmp/ccUfEglV.s:80     .text.HAL_GPIOEx_DisableEventout:000000000000000c $d

NO UNDEFINED SYMBOLS
