ARM GAS  /tmp/ccGRjMSN.s 			page 1


   1              		.cpu cortex-m3
   2              		.eabi_attribute 20, 1
   3              		.eabi_attribute 21, 1
   4              		.eabi_attribute 23, 3
   5              		.eabi_attribute 24, 1
   6              		.eabi_attribute 25, 1
   7              		.eabi_attribute 26, 1
   8              		.eabi_attribute 30, 1
   9              		.eabi_attribute 34, 1
  10              		.eabi_attribute 18, 4
  11              		.file	"stm32f1xx_hal_pcd_ex.c"
  12              		.text
  13              		.section	.text.HAL_PCDEx_PMAConfig,"ax",%progbits
  14              		.align	1
  15              		.global	HAL_PCDEx_PMAConfig
  16              		.arch armv7-m
  17              		.syntax unified
  18              		.thumb
  19              		.thumb_func
  20              		.fpu softvfp
  22              	HAL_PCDEx_PMAConfig:
  23              		@ args = 0, pretend = 0, frame = 0
  24              		@ frame_needed = 0, uses_anonymous_args = 0
  25              		@ link register save eliminated.
  26 0000 11F0800F 		tst	r1, #128
  27 0004 09D0     		beq	.L2
  28 0006 01F07F01 		and	r1, r1, #127
  29 000a 4901     		lsls	r1, r1, #5
  30 000c 2831     		adds	r1, r1, #40
  31 000e 0144     		add	r1, r1, r0
  32              	.L3:
  33 0010 42B9     		cbnz	r2, .L4
  34 0012 8A72     		strb	r2, [r1, #10]
  35 0014 8B80     		strh	r3, [r1, #4]	@ movhi
  36              	.L5:
  37 0016 0020     		movs	r0, #0
  38 0018 7047     		bx	lr
  39              	.L2:
  40 001a 4901     		lsls	r1, r1, #5
  41 001c 01F50A71 		add	r1, r1, #552
  42 0020 0144     		add	r1, r1, r0
  43 0022 F5E7     		b	.L3
  44              	.L4:
  45 0024 0122     		movs	r2, #1
  46 0026 8A72     		strb	r2, [r1, #10]
  47 0028 CB80     		strh	r3, [r1, #6]	@ movhi
  48 002a 1B0C     		lsrs	r3, r3, #16
  49 002c 0B81     		strh	r3, [r1, #8]	@ movhi
  50 002e F2E7     		b	.L5
  52              		.section	.text.HAL_PCDEx_SetConnectionState,"ax",%progbits
  53              		.align	1
  54              		.weak	HAL_PCDEx_SetConnectionState
  55              		.syntax unified
  56              		.thumb
  57              		.thumb_func
  58              		.fpu softvfp
  60              	HAL_PCDEx_SetConnectionState:
ARM GAS  /tmp/ccGRjMSN.s 			page 2


  61              		@ args = 0, pretend = 0, frame = 0
  62              		@ frame_needed = 0, uses_anonymous_args = 0
  63              		@ link register save eliminated.
  64 0000 7047     		bx	lr
  66              		.ident	"GCC: (GNU Tools for Arm Embedded Processors 8-2018-q4-major) 8.2.1 20181213 (release) [gcc
ARM GAS  /tmp/ccGRjMSN.s 			page 3


DEFINED SYMBOLS
                            *ABS*:0000000000000000 stm32f1xx_hal_pcd_ex.c
     /tmp/ccGRjMSN.s:14     .text.HAL_PCDEx_PMAConfig:0000000000000000 $t
     /tmp/ccGRjMSN.s:22     .text.HAL_PCDEx_PMAConfig:0000000000000000 HAL_PCDEx_PMAConfig
     /tmp/ccGRjMSN.s:53     .text.HAL_PCDEx_SetConnectionState:0000000000000000 $t
     /tmp/ccGRjMSN.s:60     .text.HAL_PCDEx_SetConnectionState:0000000000000000 HAL_PCDEx_SetConnectionState

NO UNDEFINED SYMBOLS
