ARM GAS  /tmp/ccxTVxL0.s 			page 1


   1              		.cpu cortex-m3
   2              		.eabi_attribute 20, 1
   3              		.eabi_attribute 21, 1
   4              		.eabi_attribute 23, 3
   5              		.eabi_attribute 24, 1
   6              		.eabi_attribute 25, 1
   7              		.eabi_attribute 26, 1
   8              		.eabi_attribute 30, 1
   9              		.eabi_attribute 34, 1
  10              		.eabi_attribute 18, 4
  11              		.file	"stm32f1xx_hal_dma.c"
  12              		.text
  13              		.section	.text.DMA_SetConfig,"ax",%progbits
  14              		.align	1
  15              		.arch armv7-m
  16              		.syntax unified
  17              		.thumb
  18              		.thumb_func
  19              		.fpu softvfp
  21              	DMA_SetConfig:
  22              		@ args = 0, pretend = 0, frame = 0
  23              		@ frame_needed = 0, uses_anonymous_args = 0
  24              		@ link register save eliminated.
  25 0000 70B4     		push	{r4, r5, r6}
  26 0002 066C     		ldr	r6, [r0, #64]
  27 0004 C56B     		ldr	r5, [r0, #60]
  28 0006 0124     		movs	r4, #1
  29 0008 B440     		lsls	r4, r4, r6
  30 000a 6C60     		str	r4, [r5, #4]
  31 000c 0468     		ldr	r4, [r0]
  32 000e 6360     		str	r3, [r4, #4]
  33 0010 4368     		ldr	r3, [r0, #4]
  34 0012 102B     		cmp	r3, #16
  35 0014 05D0     		beq	.L5
  36 0016 0368     		ldr	r3, [r0]
  37 0018 9960     		str	r1, [r3, #8]
  38 001a 0368     		ldr	r3, [r0]
  39 001c DA60     		str	r2, [r3, #12]
  40              	.L1:
  41 001e 70BC     		pop	{r4, r5, r6}
  42 0020 7047     		bx	lr
  43              	.L5:
  44 0022 0368     		ldr	r3, [r0]
  45 0024 9A60     		str	r2, [r3, #8]
  46 0026 0368     		ldr	r3, [r0]
  47 0028 D960     		str	r1, [r3, #12]
  48 002a F8E7     		b	.L1
  50              		.section	.text.HAL_DMA_Init,"ax",%progbits
  51              		.align	1
  52              		.global	HAL_DMA_Init
  53              		.syntax unified
  54              		.thumb
  55              		.thumb_func
  56              		.fpu softvfp
  58              	HAL_DMA_Init:
  59              		@ args = 0, pretend = 0, frame = 0
  60              		@ frame_needed = 0, uses_anonymous_args = 0
ARM GAS  /tmp/ccxTVxL0.s 			page 2


  61              		@ link register save eliminated.
  62 0000 60B3     		cbz	r0, .L8
  63 0002 10B4     		push	{r4}
  64 0004 0246     		mov	r2, r0
  65 0006 0168     		ldr	r1, [r0]
  66 0008 154B     		ldr	r3, .L13
  67 000a 0B44     		add	r3, r3, r1
  68 000c 1548     		ldr	r0, .L13+4
  69 000e A0FB0303 		umull	r0, r3, r0, r3
  70 0012 1B09     		lsrs	r3, r3, #4
  71 0014 9B00     		lsls	r3, r3, #2
  72 0016 1364     		str	r3, [r2, #64]
  73 0018 134B     		ldr	r3, .L13+8
  74 001a D363     		str	r3, [r2, #60]
  75 001c 0223     		movs	r3, #2
  76 001e 82F82130 		strb	r3, [r2, #33]
  77 0022 0868     		ldr	r0, [r1]
  78 0024 20F47F50 		bic	r0, r0, #16320
  79 0028 20F03000 		bic	r0, r0, #48
  80 002c 5368     		ldr	r3, [r2, #4]
  81 002e 9468     		ldr	r4, [r2, #8]
  82 0030 2343     		orrs	r3, r3, r4
  83 0032 D468     		ldr	r4, [r2, #12]
  84 0034 2343     		orrs	r3, r3, r4
  85 0036 1469     		ldr	r4, [r2, #16]
  86 0038 2343     		orrs	r3, r3, r4
  87 003a 5469     		ldr	r4, [r2, #20]
  88 003c 2343     		orrs	r3, r3, r4
  89 003e 9469     		ldr	r4, [r2, #24]
  90 0040 2343     		orrs	r3, r3, r4
  91 0042 D469     		ldr	r4, [r2, #28]
  92 0044 2343     		orrs	r3, r3, r4
  93 0046 0343     		orrs	r3, r3, r0
  94 0048 0B60     		str	r3, [r1]
  95 004a 0020     		movs	r0, #0
  96 004c 9063     		str	r0, [r2, #56]
  97 004e 0123     		movs	r3, #1
  98 0050 82F82130 		strb	r3, [r2, #33]
  99 0054 82F82000 		strb	r0, [r2, #32]
 100 0058 10BC     		pop	{r4}
 101 005a 7047     		bx	lr
 102              	.L8:
 103 005c 0120     		movs	r0, #1
 104 005e 7047     		bx	lr
 105              	.L14:
 106              		.align	2
 107              	.L13:
 108 0060 F8FFFDBF 		.word	-1073872904
 109 0064 CDCCCCCC 		.word	-858993459
 110 0068 00000240 		.word	1073872896
 112              		.section	.text.HAL_DMA_DeInit,"ax",%progbits
 113              		.align	1
 114              		.global	HAL_DMA_DeInit
 115              		.syntax unified
 116              		.thumb
 117              		.thumb_func
 118              		.fpu softvfp
ARM GAS  /tmp/ccxTVxL0.s 			page 3


 120              	HAL_DMA_DeInit:
 121              		@ args = 0, pretend = 0, frame = 0
 122              		@ frame_needed = 0, uses_anonymous_args = 0
 123              		@ link register save eliminated.
 124 0000 0028     		cmp	r0, #0
 125 0002 29D0     		beq	.L17
 126 0004 10B4     		push	{r4}
 127 0006 0346     		mov	r3, r0
 128 0008 0168     		ldr	r1, [r0]
 129 000a 0A68     		ldr	r2, [r1]
 130 000c 22F00102 		bic	r2, r2, #1
 131 0010 0A60     		str	r2, [r1]
 132 0012 0268     		ldr	r2, [r0]
 133 0014 0020     		movs	r0, #0
 134 0016 1060     		str	r0, [r2]
 135 0018 1A68     		ldr	r2, [r3]
 136 001a 5060     		str	r0, [r2, #4]
 137 001c 1A68     		ldr	r2, [r3]
 138 001e 9060     		str	r0, [r2, #8]
 139 0020 1A68     		ldr	r2, [r3]
 140 0022 D060     		str	r0, [r2, #12]
 141 0024 1968     		ldr	r1, [r3]
 142 0026 0D4A     		ldr	r2, .L22
 143 0028 0A44     		add	r2, r2, r1
 144 002a 0D49     		ldr	r1, .L22+4
 145 002c A1FB0212 		umull	r1, r2, r1, r2
 146 0030 1209     		lsrs	r2, r2, #4
 147 0032 9200     		lsls	r2, r2, #2
 148 0034 1A64     		str	r2, [r3, #64]
 149 0036 0B4C     		ldr	r4, .L22+8
 150 0038 DC63     		str	r4, [r3, #60]
 151 003a 0121     		movs	r1, #1
 152 003c 01FA02F2 		lsl	r2, r1, r2
 153 0040 6260     		str	r2, [r4, #4]
 154 0042 9862     		str	r0, [r3, #40]
 155 0044 D862     		str	r0, [r3, #44]
 156 0046 1863     		str	r0, [r3, #48]
 157 0048 5863     		str	r0, [r3, #52]
 158 004a 9863     		str	r0, [r3, #56]
 159 004c 83F82100 		strb	r0, [r3, #33]
 160 0050 83F82000 		strb	r0, [r3, #32]
 161 0054 10BC     		pop	{r4}
 162 0056 7047     		bx	lr
 163              	.L17:
 164 0058 0120     		movs	r0, #1
 165 005a 7047     		bx	lr
 166              	.L23:
 167              		.align	2
 168              	.L22:
 169 005c F8FFFDBF 		.word	-1073872904
 170 0060 CDCCCCCC 		.word	-858993459
 171 0064 00000240 		.word	1073872896
 173              		.section	.text.HAL_DMA_Start,"ax",%progbits
 174              		.align	1
 175              		.global	HAL_DMA_Start
 176              		.syntax unified
 177              		.thumb
ARM GAS  /tmp/ccxTVxL0.s 			page 4


 178              		.thumb_func
 179              		.fpu softvfp
 181              	HAL_DMA_Start:
 182              		@ args = 0, pretend = 0, frame = 0
 183              		@ frame_needed = 0, uses_anonymous_args = 0
 184 0000 70B5     		push	{r4, r5, r6, lr}
 185 0002 90F82040 		ldrb	r4, [r0, #32]	@ zero_extendqisi2
 186 0006 012C     		cmp	r4, #1
 187 0008 20D0     		beq	.L27
 188 000a 0124     		movs	r4, #1
 189 000c 80F82040 		strb	r4, [r0, #32]
 190 0010 90F82140 		ldrb	r4, [r0, #33]	@ zero_extendqisi2
 191 0014 012C     		cmp	r4, #1
 192 0016 04D0     		beq	.L29
 193 0018 0023     		movs	r3, #0
 194 001a 80F82030 		strb	r3, [r0, #32]
 195 001e 0220     		movs	r0, #2
 196              	.L25:
 197 0020 70BD     		pop	{r4, r5, r6, pc}
 198              	.L29:
 199 0022 0446     		mov	r4, r0
 200 0024 0220     		movs	r0, #2
 201 0026 84F82100 		strb	r0, [r4, #33]
 202 002a 0025     		movs	r5, #0
 203 002c A563     		str	r5, [r4, #56]
 204 002e 2668     		ldr	r6, [r4]
 205 0030 3068     		ldr	r0, [r6]
 206 0032 20F00100 		bic	r0, r0, #1
 207 0036 3060     		str	r0, [r6]
 208 0038 2046     		mov	r0, r4
 209 003a FFF7FEFF 		bl	DMA_SetConfig
 210 003e 2268     		ldr	r2, [r4]
 211 0040 1368     		ldr	r3, [r2]
 212 0042 43F00103 		orr	r3, r3, #1
 213 0046 1360     		str	r3, [r2]
 214 0048 2846     		mov	r0, r5
 215 004a E9E7     		b	.L25
 216              	.L27:
 217 004c 0220     		movs	r0, #2
 218 004e E7E7     		b	.L25
 220              		.section	.text.HAL_DMA_Start_IT,"ax",%progbits
 221              		.align	1
 222              		.global	HAL_DMA_Start_IT
 223              		.syntax unified
 224              		.thumb
 225              		.thumb_func
 226              		.fpu softvfp
 228              	HAL_DMA_Start_IT:
 229              		@ args = 0, pretend = 0, frame = 0
 230              		@ frame_needed = 0, uses_anonymous_args = 0
 231 0000 38B5     		push	{r3, r4, r5, lr}
 232 0002 90F82040 		ldrb	r4, [r0, #32]	@ zero_extendqisi2
 233 0006 012C     		cmp	r4, #1
 234 0008 32D0     		beq	.L35
 235 000a 0124     		movs	r4, #1
 236 000c 80F82040 		strb	r4, [r0, #32]
 237 0010 90F82140 		ldrb	r4, [r0, #33]	@ zero_extendqisi2
ARM GAS  /tmp/ccxTVxL0.s 			page 5


 238 0014 012C     		cmp	r4, #1
 239 0016 04D0     		beq	.L37
 240 0018 0023     		movs	r3, #0
 241 001a 80F82030 		strb	r3, [r0, #32]
 242 001e 0220     		movs	r0, #2
 243              	.L31:
 244 0020 38BD     		pop	{r3, r4, r5, pc}
 245              	.L37:
 246 0022 0446     		mov	r4, r0
 247 0024 0220     		movs	r0, #2
 248 0026 84F82100 		strb	r0, [r4, #33]
 249 002a 0020     		movs	r0, #0
 250 002c A063     		str	r0, [r4, #56]
 251 002e 2568     		ldr	r5, [r4]
 252 0030 2868     		ldr	r0, [r5]
 253 0032 20F00100 		bic	r0, r0, #1
 254 0036 2860     		str	r0, [r5]
 255 0038 2046     		mov	r0, r4
 256 003a FFF7FEFF 		bl	DMA_SetConfig
 257 003e E36A     		ldr	r3, [r4, #44]
 258 0040 5BB1     		cbz	r3, .L33
 259 0042 2268     		ldr	r2, [r4]
 260 0044 1368     		ldr	r3, [r2]
 261 0046 43F00E03 		orr	r3, r3, #14
 262 004a 1360     		str	r3, [r2]
 263              	.L34:
 264 004c 2268     		ldr	r2, [r4]
 265 004e 1368     		ldr	r3, [r2]
 266 0050 43F00103 		orr	r3, r3, #1
 267 0054 1360     		str	r3, [r2]
 268 0056 0020     		movs	r0, #0
 269 0058 E2E7     		b	.L31
 270              	.L33:
 271 005a 2268     		ldr	r2, [r4]
 272 005c 1368     		ldr	r3, [r2]
 273 005e 23F00403 		bic	r3, r3, #4
 274 0062 1360     		str	r3, [r2]
 275 0064 2268     		ldr	r2, [r4]
 276 0066 1368     		ldr	r3, [r2]
 277 0068 43F00A03 		orr	r3, r3, #10
 278 006c 1360     		str	r3, [r2]
 279 006e EDE7     		b	.L34
 280              	.L35:
 281 0070 0220     		movs	r0, #2
 282 0072 D5E7     		b	.L31
 284              		.section	.text.HAL_DMA_Abort,"ax",%progbits
 285              		.align	1
 286              		.global	HAL_DMA_Abort
 287              		.syntax unified
 288              		.thumb
 289              		.thumb_func
 290              		.fpu softvfp
 292              	HAL_DMA_Abort:
 293              		@ args = 0, pretend = 0, frame = 0
 294              		@ frame_needed = 0, uses_anonymous_args = 0
 295              		@ link register save eliminated.
 296 0000 0346     		mov	r3, r0
ARM GAS  /tmp/ccxTVxL0.s 			page 6


 297 0002 0168     		ldr	r1, [r0]
 298 0004 0A68     		ldr	r2, [r1]
 299 0006 22F00E02 		bic	r2, r2, #14
 300 000a 0A60     		str	r2, [r1]
 301 000c 0168     		ldr	r1, [r0]
 302 000e 0A68     		ldr	r2, [r1]
 303 0010 22F00102 		bic	r2, r2, #1
 304 0014 0A60     		str	r2, [r1]
 305 0016 026C     		ldr	r2, [r0, #64]
 306 0018 C06B     		ldr	r0, [r0, #60]
 307 001a 0121     		movs	r1, #1
 308 001c 01FA02F2 		lsl	r2, r1, r2
 309 0020 4260     		str	r2, [r0, #4]
 310 0022 83F82110 		strb	r1, [r3, #33]
 311 0026 0020     		movs	r0, #0
 312 0028 83F82000 		strb	r0, [r3, #32]
 313 002c 7047     		bx	lr
 315              		.section	.text.HAL_DMA_Abort_IT,"ax",%progbits
 316              		.align	1
 317              		.global	HAL_DMA_Abort_IT
 318              		.syntax unified
 319              		.thumb
 320              		.thumb_func
 321              		.fpu softvfp
 323              	HAL_DMA_Abort_IT:
 324              		@ args = 0, pretend = 0, frame = 0
 325              		@ frame_needed = 0, uses_anonymous_args = 0
 326 0000 08B5     		push	{r3, lr}
 327 0002 90F82130 		ldrb	r3, [r0, #33]	@ zero_extendqisi2
 328 0006 022B     		cmp	r3, #2
 329 0008 03D0     		beq	.L40
 330 000a 0423     		movs	r3, #4
 331 000c 8363     		str	r3, [r0, #56]
 332 000e 0120     		movs	r0, #1
 333              	.L41:
 334 0010 08BD     		pop	{r3, pc}
 335              	.L40:
 336 0012 0268     		ldr	r2, [r0]
 337 0014 1368     		ldr	r3, [r2]
 338 0016 23F00E03 		bic	r3, r3, #14
 339 001a 1360     		str	r3, [r2]
 340 001c 0268     		ldr	r2, [r0]
 341 001e 1368     		ldr	r3, [r2]
 342 0020 23F00103 		bic	r3, r3, #1
 343 0024 1360     		str	r3, [r2]
 344 0026 0368     		ldr	r3, [r0]
 345 0028 194A     		ldr	r2, .L52
 346 002a 9342     		cmp	r3, r2
 347 002c 14D0     		beq	.L43
 348 002e 1432     		adds	r2, r2, #20
 349 0030 9342     		cmp	r3, r2
 350 0032 1FD0     		beq	.L44
 351 0034 1432     		adds	r2, r2, #20
 352 0036 9342     		cmp	r3, r2
 353 0038 1ED0     		beq	.L45
 354 003a 1432     		adds	r2, r2, #20
 355 003c 9342     		cmp	r3, r2
ARM GAS  /tmp/ccxTVxL0.s 			page 7


 356 003e 1ED0     		beq	.L46
 357 0040 1432     		adds	r2, r2, #20
 358 0042 9342     		cmp	r3, r2
 359 0044 1ED0     		beq	.L47
 360 0046 1432     		adds	r2, r2, #20
 361 0048 9342     		cmp	r3, r2
 362 004a 02D0     		beq	.L51
 363 004c 4FF08072 		mov	r2, #16777216
 364 0050 03E0     		b	.L42
 365              	.L51:
 366 0052 4FF48012 		mov	r2, #1048576
 367 0056 00E0     		b	.L42
 368              	.L43:
 369 0058 0122     		movs	r2, #1
 370              	.L42:
 371 005a 0E4B     		ldr	r3, .L52+4
 372 005c 5A60     		str	r2, [r3, #4]
 373 005e 0123     		movs	r3, #1
 374 0060 80F82130 		strb	r3, [r0, #33]
 375 0064 0023     		movs	r3, #0
 376 0066 80F82030 		strb	r3, [r0, #32]
 377 006a 436B     		ldr	r3, [r0, #52]
 378 006c 6BB1     		cbz	r3, .L49
 379 006e 9847     		blx	r3
 380 0070 0020     		movs	r0, #0
 381 0072 CDE7     		b	.L41
 382              	.L44:
 383 0074 1022     		movs	r2, #16
 384 0076 F0E7     		b	.L42
 385              	.L45:
 386 0078 4FF48072 		mov	r2, #256
 387 007c EDE7     		b	.L42
 388              	.L46:
 389 007e 4FF48052 		mov	r2, #4096
 390 0082 EAE7     		b	.L42
 391              	.L47:
 392 0084 4FF48032 		mov	r2, #65536
 393 0088 E7E7     		b	.L42
 394              	.L49:
 395 008a 0020     		movs	r0, #0
 396 008c C0E7     		b	.L41
 397              	.L53:
 398 008e 00BF     		.align	2
 399              	.L52:
 400 0090 08000240 		.word	1073872904
 401 0094 00000240 		.word	1073872896
 403              		.section	.text.HAL_DMA_PollForTransfer,"ax",%progbits
 404              		.align	1
 405              		.global	HAL_DMA_PollForTransfer
 406              		.syntax unified
 407              		.thumb
 408              		.thumb_func
 409              		.fpu softvfp
 411              	HAL_DMA_PollForTransfer:
 412              		@ args = 0, pretend = 0, frame = 0
 413              		@ frame_needed = 0, uses_anonymous_args = 0
 414 0000 90F82130 		ldrb	r3, [r0, #33]	@ zero_extendqisi2
ARM GAS  /tmp/ccxTVxL0.s 			page 8


 415 0004 022B     		cmp	r3, #2
 416 0006 06D0     		beq	.L55
 417 0008 0423     		movs	r3, #4
 418 000a 8363     		str	r3, [r0, #56]
 419 000c 0023     		movs	r3, #0
 420 000e 80F82030 		strb	r3, [r0, #32]
 421 0012 0120     		movs	r0, #1
 422 0014 7047     		bx	lr
 423              	.L55:
 424 0016 2DE9F041 		push	{r4, r5, r6, r7, r8, lr}
 425 001a 0368     		ldr	r3, [r0]
 426 001c 1C68     		ldr	r4, [r3]
 427 001e 14F0200F 		tst	r4, #32
 428 0022 15D1     		bne	.L103
 429 0024 E9B9     		cbnz	r1, .L58
 430 0026 7F4C     		ldr	r4, .L112
 431 0028 A342     		cmp	r3, r4
 432 002a 32D0     		beq	.L70
 433 002c 1434     		adds	r4, r4, #20
 434 002e A342     		cmp	r3, r4
 435 0030 37D0     		beq	.L71
 436 0032 1434     		adds	r4, r4, #20
 437 0034 A342     		cmp	r3, r4
 438 0036 36D0     		beq	.L72
 439 0038 1434     		adds	r4, r4, #20
 440 003a A342     		cmp	r3, r4
 441 003c 36D0     		beq	.L73
 442 003e 1434     		adds	r4, r4, #20
 443 0040 A342     		cmp	r3, r4
 444 0042 36D0     		beq	.L74
 445 0044 1434     		adds	r4, r4, #20
 446 0046 A342     		cmp	r3, r4
 447 0048 08D0     		beq	.L104
 448 004a 4FF00076 		mov	r6, #33554432
 449 004e 21E0     		b	.L59
 450              	.L103:
 451 0050 4FF48073 		mov	r3, #256
 452 0054 8363     		str	r3, [r0, #56]
 453 0056 0120     		movs	r0, #1
 454              	.L56:
 455 0058 BDE8F081 		pop	{r4, r5, r6, r7, r8, pc}
 456              	.L104:
 457 005c 4FF40016 		mov	r6, #2097152
 458 0060 18E0     		b	.L59
 459              	.L58:
 460 0062 704C     		ldr	r4, .L112
 461 0064 A342     		cmp	r3, r4
 462 0066 27D0     		beq	.L76
 463 0068 1434     		adds	r4, r4, #20
 464 006a A342     		cmp	r3, r4
 465 006c 26D0     		beq	.L77
 466 006e 1434     		adds	r4, r4, #20
 467 0070 A342     		cmp	r3, r4
 468 0072 25D0     		beq	.L78
 469 0074 1434     		adds	r4, r4, #20
 470 0076 A342     		cmp	r3, r4
 471 0078 25D0     		beq	.L79
ARM GAS  /tmp/ccxTVxL0.s 			page 9


 472 007a 1434     		adds	r4, r4, #20
 473 007c A342     		cmp	r3, r4
 474 007e 25D0     		beq	.L80
 475 0080 1434     		adds	r4, r4, #20
 476 0082 A342     		cmp	r3, r4
 477 0084 02D0     		beq	.L105
 478 0086 4FF08066 		mov	r6, #67108864
 479 008a 03E0     		b	.L59
 480              	.L105:
 481 008c 4FF48006 		mov	r6, #4194304
 482 0090 00E0     		b	.L59
 483              	.L70:
 484 0092 0226     		movs	r6, #2
 485              	.L59:
 486 0094 1546     		mov	r5, r2
 487 0096 0F46     		mov	r7, r1
 488 0098 0446     		mov	r4, r0
 489 009a FFF7FEFF 		bl	HAL_GetTick
 490 009e 8046     		mov	r8, r0
 491 00a0 20E0     		b	.L63
 492              	.L71:
 493 00a2 2026     		movs	r6, #32
 494 00a4 F6E7     		b	.L59
 495              	.L72:
 496 00a6 4FF40076 		mov	r6, #512
 497 00aa F3E7     		b	.L59
 498              	.L73:
 499 00ac 4FF40056 		mov	r6, #8192
 500 00b0 F0E7     		b	.L59
 501              	.L74:
 502 00b2 4FF40036 		mov	r6, #131072
 503 00b6 EDE7     		b	.L59
 504              	.L76:
 505 00b8 0426     		movs	r6, #4
 506 00ba EBE7     		b	.L59
 507              	.L77:
 508 00bc 4026     		movs	r6, #64
 509 00be E9E7     		b	.L59
 510              	.L78:
 511 00c0 4FF48066 		mov	r6, #1024
 512 00c4 E6E7     		b	.L59
 513              	.L79:
 514 00c6 4FF48046 		mov	r6, #16384
 515 00ca E3E7     		b	.L59
 516              	.L80:
 517 00cc 4FF48026 		mov	r6, #262144
 518 00d0 E0E7     		b	.L59
 519              	.L109:
 520 00d2 4FF40003 		mov	r3, #8388608
 521 00d6 00E0     		b	.L61
 522              	.L82:
 523 00d8 0823     		movs	r3, #8
 524              	.L61:
 525 00da 1A42     		tst	r2, r3
 526 00dc 29D1     		bne	.L106
 527 00de B5F1FF3F 		cmp	r5, #-1
 528 00e2 35D1     		bne	.L107
ARM GAS  /tmp/ccxTVxL0.s 			page 10


 529              	.L63:
 530 00e4 504B     		ldr	r3, .L112+4
 531 00e6 1B68     		ldr	r3, [r3]
 532 00e8 3342     		tst	r3, r6
 533 00ea 43D1     		bne	.L108
 534 00ec 4E4B     		ldr	r3, .L112+4
 535 00ee 1A68     		ldr	r2, [r3]
 536 00f0 2368     		ldr	r3, [r4]
 537 00f2 4C49     		ldr	r1, .L112
 538 00f4 8B42     		cmp	r3, r1
 539 00f6 EFD0     		beq	.L82
 540 00f8 1431     		adds	r1, r1, #20
 541 00fa 8B42     		cmp	r3, r1
 542 00fc 0ED0     		beq	.L83
 543 00fe 1431     		adds	r1, r1, #20
 544 0100 8B42     		cmp	r3, r1
 545 0102 0DD0     		beq	.L84
 546 0104 1431     		adds	r1, r1, #20
 547 0106 8B42     		cmp	r3, r1
 548 0108 0DD0     		beq	.L85
 549 010a 1431     		adds	r1, r1, #20
 550 010c 8B42     		cmp	r3, r1
 551 010e 0DD0     		beq	.L86
 552 0110 1431     		adds	r1, r1, #20
 553 0112 8B42     		cmp	r3, r1
 554 0114 DDD0     		beq	.L109
 555 0116 4FF00063 		mov	r3, #134217728
 556 011a DEE7     		b	.L61
 557              	.L83:
 558 011c 8023     		movs	r3, #128
 559 011e DCE7     		b	.L61
 560              	.L84:
 561 0120 4FF40063 		mov	r3, #2048
 562 0124 D9E7     		b	.L61
 563              	.L85:
 564 0126 4FF40043 		mov	r3, #32768
 565 012a D6E7     		b	.L61
 566              	.L86:
 567 012c 4FF40023 		mov	r3, #524288
 568 0130 D3E7     		b	.L61
 569              	.L106:
 570 0132 236C     		ldr	r3, [r4, #64]
 571 0134 E26B     		ldr	r2, [r4, #60]
 572 0136 0120     		movs	r0, #1
 573 0138 00FA03F3 		lsl	r3, r0, r3
 574 013c 5360     		str	r3, [r2, #4]
 575 013e A36B     		ldr	r3, [r4, #56]
 576 0140 0343     		orrs	r3, r3, r0
 577 0142 A363     		str	r3, [r4, #56]
 578 0144 84F82100 		strb	r0, [r4, #33]
 579 0148 0023     		movs	r3, #0
 580 014a 84F82030 		strb	r3, [r4, #32]
 581 014e 83E7     		b	.L56
 582              	.L107:
 583 0150 2DB1     		cbz	r5, .L64
 584 0152 FFF7FEFF 		bl	HAL_GetTick
 585 0156 A0EB0800 		sub	r0, r0, r8
ARM GAS  /tmp/ccxTVxL0.s 			page 11


 586 015a A842     		cmp	r0, r5
 587 015c C2D9     		bls	.L63
 588              	.L64:
 589 015e A36B     		ldr	r3, [r4, #56]
 590 0160 43F02003 		orr	r3, r3, #32
 591 0164 A363     		str	r3, [r4, #56]
 592 0166 0120     		movs	r0, #1
 593 0168 84F82100 		strb	r0, [r4, #33]
 594 016c 0023     		movs	r3, #0
 595 016e 84F82030 		strb	r3, [r4, #32]
 596 0172 71E7     		b	.L56
 597              	.L108:
 598 0174 6FBB     		cbnz	r7, .L66
 599 0176 2368     		ldr	r3, [r4]
 600 0178 2A4A     		ldr	r2, .L112
 601 017a 9342     		cmp	r3, r2
 602 017c 14D0     		beq	.L88
 603 017e 1432     		adds	r2, r2, #20
 604 0180 9342     		cmp	r3, r2
 605 0182 1BD0     		beq	.L89
 606 0184 1432     		adds	r2, r2, #20
 607 0186 9342     		cmp	r3, r2
 608 0188 1AD0     		beq	.L90
 609 018a 1432     		adds	r2, r2, #20
 610 018c 9342     		cmp	r3, r2
 611 018e 1AD0     		beq	.L91
 612 0190 1432     		adds	r2, r2, #20
 613 0192 9342     		cmp	r3, r2
 614 0194 1AD0     		beq	.L92
 615 0196 1432     		adds	r2, r2, #20
 616 0198 9342     		cmp	r3, r2
 617 019a 02D0     		beq	.L110
 618 019c 4FF00072 		mov	r2, #33554432
 619 01a0 03E0     		b	.L67
 620              	.L110:
 621 01a2 4FF40012 		mov	r2, #2097152
 622 01a6 00E0     		b	.L67
 623              	.L88:
 624 01a8 0222     		movs	r2, #2
 625              	.L67:
 626 01aa 1F4B     		ldr	r3, .L112+4
 627 01ac 5A60     		str	r2, [r3, #4]
 628 01ae 0123     		movs	r3, #1
 629 01b0 84F82130 		strb	r3, [r4, #33]
 630              	.L68:
 631 01b4 0020     		movs	r0, #0
 632 01b6 84F82000 		strb	r0, [r4, #32]
 633 01ba 4DE7     		b	.L56
 634              	.L89:
 635 01bc 2022     		movs	r2, #32
 636 01be F4E7     		b	.L67
 637              	.L90:
 638 01c0 4FF40072 		mov	r2, #512
 639 01c4 F1E7     		b	.L67
 640              	.L91:
 641 01c6 4FF40052 		mov	r2, #8192
 642 01ca EEE7     		b	.L67
ARM GAS  /tmp/ccxTVxL0.s 			page 12


 643              	.L92:
 644 01cc 4FF40032 		mov	r2, #131072
 645 01d0 EBE7     		b	.L67
 646              	.L66:
 647 01d2 2368     		ldr	r3, [r4]
 648 01d4 134A     		ldr	r2, .L112
 649 01d6 9342     		cmp	r3, r2
 650 01d8 14D0     		beq	.L94
 651 01da 1432     		adds	r2, r2, #20
 652 01dc 9342     		cmp	r3, r2
 653 01de 15D0     		beq	.L95
 654 01e0 1432     		adds	r2, r2, #20
 655 01e2 9342     		cmp	r3, r2
 656 01e4 14D0     		beq	.L96
 657 01e6 1432     		adds	r2, r2, #20
 658 01e8 9342     		cmp	r3, r2
 659 01ea 14D0     		beq	.L97
 660 01ec 1432     		adds	r2, r2, #20
 661 01ee 9342     		cmp	r3, r2
 662 01f0 14D0     		beq	.L98
 663 01f2 1432     		adds	r2, r2, #20
 664 01f4 9342     		cmp	r3, r2
 665 01f6 02D0     		beq	.L111
 666 01f8 4FF08062 		mov	r2, #67108864
 667 01fc 03E0     		b	.L69
 668              	.L111:
 669 01fe 4FF48002 		mov	r2, #4194304
 670 0202 00E0     		b	.L69
 671              	.L94:
 672 0204 0422     		movs	r2, #4
 673              	.L69:
 674 0206 084B     		ldr	r3, .L112+4
 675 0208 5A60     		str	r2, [r3, #4]
 676 020a D3E7     		b	.L68
 677              	.L95:
 678 020c 4022     		movs	r2, #64
 679 020e FAE7     		b	.L69
 680              	.L96:
 681 0210 4FF48062 		mov	r2, #1024
 682 0214 F7E7     		b	.L69
 683              	.L97:
 684 0216 4FF48042 		mov	r2, #16384
 685 021a F4E7     		b	.L69
 686              	.L98:
 687 021c 4FF48022 		mov	r2, #262144
 688 0220 F1E7     		b	.L69
 689              	.L113:
 690 0222 00BF     		.align	2
 691              	.L112:
 692 0224 08000240 		.word	1073872904
 693 0228 00000240 		.word	1073872896
 695              		.section	.text.HAL_DMA_IRQHandler,"ax",%progbits
 696              		.align	1
 697              		.global	HAL_DMA_IRQHandler
 698              		.syntax unified
 699              		.thumb
 700              		.thumb_func
ARM GAS  /tmp/ccxTVxL0.s 			page 13


 701              		.fpu softvfp
 703              	HAL_DMA_IRQHandler:
 704              		@ args = 0, pretend = 0, frame = 0
 705              		@ frame_needed = 0, uses_anonymous_args = 0
 706 0000 38B5     		push	{r3, r4, r5, lr}
 707 0002 C36B     		ldr	r3, [r0, #60]
 708 0004 1A68     		ldr	r2, [r3]
 709 0006 0468     		ldr	r4, [r0]
 710 0008 2568     		ldr	r5, [r4]
 711 000a 016C     		ldr	r1, [r0, #64]
 712 000c 0423     		movs	r3, #4
 713 000e 8B40     		lsls	r3, r3, r1
 714 0010 1342     		tst	r3, r2
 715 0012 35D0     		beq	.L115
 716 0014 15F0040F 		tst	r5, #4
 717 0018 32D0     		beq	.L115
 718 001a 2368     		ldr	r3, [r4]
 719 001c 13F0200F 		tst	r3, #32
 720 0020 03D1     		bne	.L116
 721 0022 2368     		ldr	r3, [r4]
 722 0024 23F00403 		bic	r3, r3, #4
 723 0028 2360     		str	r3, [r4]
 724              	.L116:
 725 002a 0368     		ldr	r3, [r0]
 726 002c 434A     		ldr	r2, .L137
 727 002e 9342     		cmp	r3, r2
 728 0030 14D0     		beq	.L122
 729 0032 1432     		adds	r2, r2, #20
 730 0034 9342     		cmp	r3, r2
 731 0036 18D0     		beq	.L123
 732 0038 1432     		adds	r2, r2, #20
 733 003a 9342     		cmp	r3, r2
 734 003c 17D0     		beq	.L124
 735 003e 1432     		adds	r2, r2, #20
 736 0040 9342     		cmp	r3, r2
 737 0042 17D0     		beq	.L125
 738 0044 1432     		adds	r2, r2, #20
 739 0046 9342     		cmp	r3, r2
 740 0048 17D0     		beq	.L126
 741 004a 1432     		adds	r2, r2, #20
 742 004c 9342     		cmp	r3, r2
 743 004e 02D0     		beq	.L135
 744 0050 4FF08062 		mov	r2, #67108864
 745 0054 03E0     		b	.L117
 746              	.L135:
 747 0056 4FF48002 		mov	r2, #4194304
 748 005a 00E0     		b	.L117
 749              	.L122:
 750 005c 0422     		movs	r2, #4
 751              	.L117:
 752 005e 384B     		ldr	r3, .L137+4
 753 0060 5A60     		str	r2, [r3, #4]
 754 0062 C36A     		ldr	r3, [r0, #44]
 755 0064 03B1     		cbz	r3, .L114
 756 0066 9847     		blx	r3
 757              	.L114:
 758 0068 38BD     		pop	{r3, r4, r5, pc}
ARM GAS  /tmp/ccxTVxL0.s 			page 14


 759              	.L123:
 760 006a 4022     		movs	r2, #64
 761 006c F7E7     		b	.L117
 762              	.L124:
 763 006e 4FF48062 		mov	r2, #1024
 764 0072 F4E7     		b	.L117
 765              	.L125:
 766 0074 4FF48042 		mov	r2, #16384
 767 0078 F1E7     		b	.L117
 768              	.L126:
 769 007a 4FF48022 		mov	r2, #262144
 770 007e EEE7     		b	.L117
 771              	.L115:
 772 0080 0223     		movs	r3, #2
 773 0082 8B40     		lsls	r3, r3, r1
 774 0084 1342     		tst	r3, r2
 775 0086 3CD0     		beq	.L119
 776 0088 15F0020F 		tst	r5, #2
 777 008c 39D0     		beq	.L119
 778 008e 2368     		ldr	r3, [r4]
 779 0090 13F0200F 		tst	r3, #32
 780 0094 06D1     		bne	.L120
 781 0096 2368     		ldr	r3, [r4]
 782 0098 23F00A03 		bic	r3, r3, #10
 783 009c 2360     		str	r3, [r4]
 784 009e 0123     		movs	r3, #1
 785 00a0 80F82130 		strb	r3, [r0, #33]
 786              	.L120:
 787 00a4 0368     		ldr	r3, [r0]
 788 00a6 254A     		ldr	r2, .L137
 789 00a8 9342     		cmp	r3, r2
 790 00aa 14D0     		beq	.L128
 791 00ac 1432     		adds	r2, r2, #20
 792 00ae 9342     		cmp	r3, r2
 793 00b0 1CD0     		beq	.L129
 794 00b2 1432     		adds	r2, r2, #20
 795 00b4 9342     		cmp	r3, r2
 796 00b6 1BD0     		beq	.L130
 797 00b8 1432     		adds	r2, r2, #20
 798 00ba 9342     		cmp	r3, r2
 799 00bc 1BD0     		beq	.L131
 800 00be 1432     		adds	r2, r2, #20
 801 00c0 9342     		cmp	r3, r2
 802 00c2 1BD0     		beq	.L132
 803 00c4 1432     		adds	r2, r2, #20
 804 00c6 9342     		cmp	r3, r2
 805 00c8 02D0     		beq	.L136
 806 00ca 4FF00072 		mov	r2, #33554432
 807 00ce 03E0     		b	.L121
 808              	.L136:
 809 00d0 4FF40012 		mov	r2, #2097152
 810 00d4 00E0     		b	.L121
 811              	.L128:
 812 00d6 0222     		movs	r2, #2
 813              	.L121:
 814 00d8 194B     		ldr	r3, .L137+4
 815 00da 5A60     		str	r2, [r3, #4]
ARM GAS  /tmp/ccxTVxL0.s 			page 15


 816 00dc 0023     		movs	r3, #0
 817 00de 80F82030 		strb	r3, [r0, #32]
 818 00e2 836A     		ldr	r3, [r0, #40]
 819 00e4 002B     		cmp	r3, #0
 820 00e6 BFD0     		beq	.L114
 821 00e8 9847     		blx	r3
 822 00ea BDE7     		b	.L114
 823              	.L129:
 824 00ec 2022     		movs	r2, #32
 825 00ee F3E7     		b	.L121
 826              	.L130:
 827 00f0 4FF40072 		mov	r2, #512
 828 00f4 F0E7     		b	.L121
 829              	.L131:
 830 00f6 4FF40052 		mov	r2, #8192
 831 00fa EDE7     		b	.L121
 832              	.L132:
 833 00fc 4FF40032 		mov	r2, #131072
 834 0100 EAE7     		b	.L121
 835              	.L119:
 836 0102 0823     		movs	r3, #8
 837 0104 03FA01F1 		lsl	r1, r3, r1
 838 0108 1142     		tst	r1, r2
 839 010a ADD0     		beq	.L114
 840 010c 15F0080F 		tst	r5, #8
 841 0110 AAD0     		beq	.L114
 842 0112 2368     		ldr	r3, [r4]
 843 0114 23F00E03 		bic	r3, r3, #14
 844 0118 2360     		str	r3, [r4]
 845 011a 026C     		ldr	r2, [r0, #64]
 846 011c C16B     		ldr	r1, [r0, #60]
 847 011e 0123     		movs	r3, #1
 848 0120 03FA02F2 		lsl	r2, r3, r2
 849 0124 4A60     		str	r2, [r1, #4]
 850 0126 8363     		str	r3, [r0, #56]
 851 0128 80F82130 		strb	r3, [r0, #33]
 852 012c 0023     		movs	r3, #0
 853 012e 80F82030 		strb	r3, [r0, #32]
 854 0132 036B     		ldr	r3, [r0, #48]
 855 0134 002B     		cmp	r3, #0
 856 0136 97D0     		beq	.L114
 857 0138 9847     		blx	r3
 858 013a 95E7     		b	.L114
 859              	.L138:
 860              		.align	2
 861              	.L137:
 862 013c 08000240 		.word	1073872904
 863 0140 00000240 		.word	1073872896
 865              		.section	.text.HAL_DMA_RegisterCallback,"ax",%progbits
 866              		.align	1
 867              		.global	HAL_DMA_RegisterCallback
 868              		.syntax unified
 869              		.thumb
 870              		.thumb_func
 871              		.fpu softvfp
 873              	HAL_DMA_RegisterCallback:
 874              		@ args = 0, pretend = 0, frame = 0
ARM GAS  /tmp/ccxTVxL0.s 			page 16


 875              		@ frame_needed = 0, uses_anonymous_args = 0
 876              		@ link register save eliminated.
 877 0000 0346     		mov	r3, r0
 878 0002 90F82000 		ldrb	r0, [r0, #32]	@ zero_extendqisi2
 879 0006 0128     		cmp	r0, #1
 880 0008 1FD0     		beq	.L147
 881 000a 0120     		movs	r0, #1
 882 000c 83F82000 		strb	r0, [r3, #32]
 883 0010 93F82100 		ldrb	r0, [r3, #33]	@ zero_extendqisi2
 884 0014 0128     		cmp	r0, #1
 885 0016 04D0     		beq	.L150
 886 0018 0120     		movs	r0, #1
 887              	.L141:
 888 001a 0022     		movs	r2, #0
 889 001c 83F82020 		strb	r2, [r3, #32]
 890 0020 7047     		bx	lr
 891              	.L150:
 892 0022 0329     		cmp	r1, #3
 893 0024 0FD8     		bhi	.L149
 894 0026 DFE801F0 		tbb	[pc, r1]
 895              	.L143:
 896 002a 02       		.byte	(.L146-.L143)/2
 897 002b 05       		.byte	(.L145-.L143)/2
 898 002c 08       		.byte	(.L144-.L143)/2
 899 002d 0B       		.byte	(.L142-.L143)/2
 900              		.p2align 1
 901              	.L146:
 902 002e 9A62     		str	r2, [r3, #40]
 903 0030 0020     		movs	r0, #0
 904 0032 F2E7     		b	.L141
 905              	.L145:
 906 0034 DA62     		str	r2, [r3, #44]
 907 0036 0020     		movs	r0, #0
 908 0038 EFE7     		b	.L141
 909              	.L144:
 910 003a 1A63     		str	r2, [r3, #48]
 911 003c 0020     		movs	r0, #0
 912 003e ECE7     		b	.L141
 913              	.L142:
 914 0040 5A63     		str	r2, [r3, #52]
 915 0042 0020     		movs	r0, #0
 916 0044 E9E7     		b	.L141
 917              	.L149:
 918 0046 0120     		movs	r0, #1
 919 0048 E7E7     		b	.L141
 920              	.L147:
 921 004a 0220     		movs	r0, #2
 922 004c 7047     		bx	lr
 924              		.section	.text.HAL_DMA_UnRegisterCallback,"ax",%progbits
 925              		.align	1
 926              		.global	HAL_DMA_UnRegisterCallback
 927              		.syntax unified
 928              		.thumb
 929              		.thumb_func
 930              		.fpu softvfp
 932              	HAL_DMA_UnRegisterCallback:
 933              		@ args = 0, pretend = 0, frame = 0
ARM GAS  /tmp/ccxTVxL0.s 			page 17


 934              		@ frame_needed = 0, uses_anonymous_args = 0
 935              		@ link register save eliminated.
 936 0000 0346     		mov	r3, r0
 937 0002 90F82020 		ldrb	r2, [r0, #32]	@ zero_extendqisi2
 938 0006 012A     		cmp	r2, #1
 939 0008 26D0     		beq	.L160
 940 000a 0122     		movs	r2, #1
 941 000c 80F82020 		strb	r2, [r0, #32]
 942 0010 90F82120 		ldrb	r2, [r0, #33]	@ zero_extendqisi2
 943 0014 012A     		cmp	r2, #1
 944 0016 04D0     		beq	.L163
 945 0018 0120     		movs	r0, #1
 946              	.L153:
 947 001a 0022     		movs	r2, #0
 948 001c 83F82020 		strb	r2, [r3, #32]
 949 0020 7047     		bx	lr
 950              	.L163:
 951 0022 0429     		cmp	r1, #4
 952 0024 16D8     		bhi	.L162
 953 0026 DFE801F0 		tbb	[pc, r1]
 954              	.L155:
 955 002a 03       		.byte	(.L159-.L155)/2
 956 002b 06       		.byte	(.L158-.L155)/2
 957 002c 09       		.byte	(.L157-.L155)/2
 958 002d 0C       		.byte	(.L156-.L155)/2
 959 002e 0F       		.byte	(.L154-.L155)/2
 960 002f 00       		.p2align 1
 961              	.L159:
 962 0030 0020     		movs	r0, #0
 963 0032 9862     		str	r0, [r3, #40]
 964 0034 F1E7     		b	.L153
 965              	.L158:
 966 0036 0020     		movs	r0, #0
 967 0038 D862     		str	r0, [r3, #44]
 968 003a EEE7     		b	.L153
 969              	.L157:
 970 003c 0020     		movs	r0, #0
 971 003e 1863     		str	r0, [r3, #48]
 972 0040 EBE7     		b	.L153
 973              	.L156:
 974 0042 0020     		movs	r0, #0
 975 0044 5863     		str	r0, [r3, #52]
 976 0046 E8E7     		b	.L153
 977              	.L154:
 978 0048 0020     		movs	r0, #0
 979 004a 9862     		str	r0, [r3, #40]
 980 004c D862     		str	r0, [r3, #44]
 981 004e 1863     		str	r0, [r3, #48]
 982 0050 5863     		str	r0, [r3, #52]
 983 0052 E2E7     		b	.L153
 984              	.L162:
 985 0054 0120     		movs	r0, #1
 986 0056 E0E7     		b	.L153
 987              	.L160:
 988 0058 0220     		movs	r0, #2
 989 005a 7047     		bx	lr
 991              		.section	.text.HAL_DMA_GetState,"ax",%progbits
ARM GAS  /tmp/ccxTVxL0.s 			page 18


 992              		.align	1
 993              		.global	HAL_DMA_GetState
 994              		.syntax unified
 995              		.thumb
 996              		.thumb_func
 997              		.fpu softvfp
 999              	HAL_DMA_GetState:
 1000              		@ args = 0, pretend = 0, frame = 0
 1001              		@ frame_needed = 0, uses_anonymous_args = 0
 1002              		@ link register save eliminated.
 1003 0000 90F82100 		ldrb	r0, [r0, #33]	@ zero_extendqisi2
 1004 0004 7047     		bx	lr
 1006              		.section	.text.HAL_DMA_GetError,"ax",%progbits
 1007              		.align	1
 1008              		.global	HAL_DMA_GetError
 1009              		.syntax unified
 1010              		.thumb
 1011              		.thumb_func
 1012              		.fpu softvfp
 1014              	HAL_DMA_GetError:
 1015              		@ args = 0, pretend = 0, frame = 0
 1016              		@ frame_needed = 0, uses_anonymous_args = 0
 1017              		@ link register save eliminated.
 1018 0000 806B     		ldr	r0, [r0, #56]
 1019 0002 7047     		bx	lr
 1021              		.ident	"GCC: (GNU Tools for Arm Embedded Processors 8-2018-q4-major) 8.2.1 20181213 (release) [gcc
ARM GAS  /tmp/ccxTVxL0.s 			page 19


DEFINED SYMBOLS
                            *ABS*:0000000000000000 stm32f1xx_hal_dma.c
     /tmp/ccxTVxL0.s:14     .text.DMA_SetConfig:0000000000000000 $t
     /tmp/ccxTVxL0.s:21     .text.DMA_SetConfig:0000000000000000 DMA_SetConfig
     /tmp/ccxTVxL0.s:51     .text.HAL_DMA_Init:0000000000000000 $t
     /tmp/ccxTVxL0.s:58     .text.HAL_DMA_Init:0000000000000000 HAL_DMA_Init
     /tmp/ccxTVxL0.s:108    .text.HAL_DMA_Init:0000000000000060 $d
     /tmp/ccxTVxL0.s:113    .text.HAL_DMA_DeInit:0000000000000000 $t
     /tmp/ccxTVxL0.s:120    .text.HAL_DMA_DeInit:0000000000000000 HAL_DMA_DeInit
     /tmp/ccxTVxL0.s:169    .text.HAL_DMA_DeInit:000000000000005c $d
     /tmp/ccxTVxL0.s:174    .text.HAL_DMA_Start:0000000000000000 $t
     /tmp/ccxTVxL0.s:181    .text.HAL_DMA_Start:0000000000000000 HAL_DMA_Start
     /tmp/ccxTVxL0.s:221    .text.HAL_DMA_Start_IT:0000000000000000 $t
     /tmp/ccxTVxL0.s:228    .text.HAL_DMA_Start_IT:0000000000000000 HAL_DMA_Start_IT
     /tmp/ccxTVxL0.s:285    .text.HAL_DMA_Abort:0000000000000000 $t
     /tmp/ccxTVxL0.s:292    .text.HAL_DMA_Abort:0000000000000000 HAL_DMA_Abort
     /tmp/ccxTVxL0.s:316    .text.HAL_DMA_Abort_IT:0000000000000000 $t
     /tmp/ccxTVxL0.s:323    .text.HAL_DMA_Abort_IT:0000000000000000 HAL_DMA_Abort_IT
     /tmp/ccxTVxL0.s:400    .text.HAL_DMA_Abort_IT:0000000000000090 $d
     /tmp/ccxTVxL0.s:404    .text.HAL_DMA_PollForTransfer:0000000000000000 $t
     /tmp/ccxTVxL0.s:411    .text.HAL_DMA_PollForTransfer:0000000000000000 HAL_DMA_PollForTransfer
     /tmp/ccxTVxL0.s:692    .text.HAL_DMA_PollForTransfer:0000000000000224 $d
     /tmp/ccxTVxL0.s:696    .text.HAL_DMA_IRQHandler:0000000000000000 $t
     /tmp/ccxTVxL0.s:703    .text.HAL_DMA_IRQHandler:0000000000000000 HAL_DMA_IRQHandler
     /tmp/ccxTVxL0.s:862    .text.HAL_DMA_IRQHandler:000000000000013c $d
     /tmp/ccxTVxL0.s:866    .text.HAL_DMA_RegisterCallback:0000000000000000 $t
     /tmp/ccxTVxL0.s:873    .text.HAL_DMA_RegisterCallback:0000000000000000 HAL_DMA_RegisterCallback
     /tmp/ccxTVxL0.s:896    .text.HAL_DMA_RegisterCallback:000000000000002a $d
     /tmp/ccxTVxL0.s:900    .text.HAL_DMA_RegisterCallback:000000000000002e $t
     /tmp/ccxTVxL0.s:925    .text.HAL_DMA_UnRegisterCallback:0000000000000000 $t
     /tmp/ccxTVxL0.s:932    .text.HAL_DMA_UnRegisterCallback:0000000000000000 HAL_DMA_UnRegisterCallback
     /tmp/ccxTVxL0.s:955    .text.HAL_DMA_UnRegisterCallback:000000000000002a $d
     /tmp/ccxTVxL0.s:992    .text.HAL_DMA_GetState:0000000000000000 $t
     /tmp/ccxTVxL0.s:999    .text.HAL_DMA_GetState:0000000000000000 HAL_DMA_GetState
     /tmp/ccxTVxL0.s:1007   .text.HAL_DMA_GetError:0000000000000000 $t
     /tmp/ccxTVxL0.s:1014   .text.HAL_DMA_GetError:0000000000000000 HAL_DMA_GetError
     /tmp/ccxTVxL0.s:960    .text.HAL_DMA_UnRegisterCallback:000000000000002f $d
     /tmp/ccxTVxL0.s:960    .text.HAL_DMA_UnRegisterCallback:0000000000000030 $t

UNDEFINED SYMBOLS
HAL_GetTick
