ARM GAS  /tmp/ccmwRQ3p.s 			page 1


   1              		.cpu cortex-m3
   2              		.eabi_attribute 20, 1
   3              		.eabi_attribute 21, 1
   4              		.eabi_attribute 23, 3
   5              		.eabi_attribute 24, 1
   6              		.eabi_attribute 25, 1
   7              		.eabi_attribute 26, 1
   8              		.eabi_attribute 30, 1
   9              		.eabi_attribute 34, 1
  10              		.eabi_attribute 18, 4
  11              		.file	"stm32f1xx_hal_rcc.c"
  12              		.text
  13              		.section	.text.RCC_Delay,"ax",%progbits
  14              		.align	1
  15              		.arch armv7-m
  16              		.syntax unified
  17              		.thumb
  18              		.thumb_func
  19              		.fpu softvfp
  21              	RCC_Delay:
  22              		@ args = 0, pretend = 0, frame = 8
  23              		@ frame_needed = 0, uses_anonymous_args = 0
  24              		@ link register save eliminated.
  25 0000 82B0     		sub	sp, sp, #8
  26 0002 084B     		ldr	r3, .L4
  27 0004 1B68     		ldr	r3, [r3]
  28 0006 084A     		ldr	r2, .L4+4
  29 0008 A2FB0323 		umull	r2, r3, r2, r3
  30 000c 5B0A     		lsrs	r3, r3, #9
  31 000e 00FB03F0 		mul	r0, r0, r3
  32 0012 0190     		str	r0, [sp, #4]
  33              	.L2:
  34              		.syntax unified
  35              	@ 375 "Drivers/CMSIS/Include/cmsis_gcc.h" 1
  36 0014 00BF     		nop
  37              	@ 0 "" 2
  38              		.thumb
  39              		.syntax unified
  40 0016 019B     		ldr	r3, [sp, #4]
  41 0018 5A1E     		subs	r2, r3, #1
  42 001a 0192     		str	r2, [sp, #4]
  43 001c 002B     		cmp	r3, #0
  44 001e F9D1     		bne	.L2
  45 0020 02B0     		add	sp, sp, #8
  46              		@ sp needed
  47 0022 7047     		bx	lr
  48              	.L5:
  49              		.align	2
  50              	.L4:
  51 0024 00000000 		.word	SystemCoreClock
  52 0028 D34D6210 		.word	274877907
  54              		.section	.text.HAL_RCC_DeInit,"ax",%progbits
  55              		.align	1
  56              		.global	HAL_RCC_DeInit
  57              		.syntax unified
  58              		.thumb
  59              		.thumb_func
ARM GAS  /tmp/ccmwRQ3p.s 			page 2


  60              		.fpu softvfp
  62              	HAL_RCC_DeInit:
  63              		@ args = 0, pretend = 0, frame = 0
  64              		@ frame_needed = 0, uses_anonymous_args = 0
  65 0000 70B5     		push	{r4, r5, r6, lr}
  66 0002 FFF7FEFF 		bl	HAL_GetTick
  67 0006 0446     		mov	r4, r0
  68 0008 354A     		ldr	r2, .L27
  69 000a 1368     		ldr	r3, [r2]
  70 000c 43F00103 		orr	r3, r3, #1
  71 0010 1360     		str	r3, [r2]
  72              	.L7:
  73 0012 334B     		ldr	r3, .L27
  74 0014 1B68     		ldr	r3, [r3]
  75 0016 13F0020F 		tst	r3, #2
  76 001a 07D1     		bne	.L22
  77 001c FFF7FEFF 		bl	HAL_GetTick
  78 0020 001B     		subs	r0, r0, r4
  79 0022 0228     		cmp	r0, #2
  80 0024 F5D9     		bls	.L7
  81 0026 0324     		movs	r4, #3
  82              	.L8:
  83 0028 2046     		mov	r0, r4
  84 002a 70BD     		pop	{r4, r5, r6, pc}
  85              	.L22:
  86 002c 2C4D     		ldr	r5, .L27
  87 002e 2B68     		ldr	r3, [r5]
  88 0030 23F0F803 		bic	r3, r3, #248
  89 0034 43F08003 		orr	r3, r3, #128
  90 0038 2B60     		str	r3, [r5]
  91 003a FFF7FEFF 		bl	HAL_GetTick
  92 003e 0446     		mov	r4, r0
  93 0040 0023     		movs	r3, #0
  94 0042 6B60     		str	r3, [r5, #4]
  95              	.L10:
  96 0044 264B     		ldr	r3, .L27
  97 0046 5B68     		ldr	r3, [r3, #4]
  98 0048 13F00C0F 		tst	r3, #12
  99 004c 08D0     		beq	.L23
 100 004e FFF7FEFF 		bl	HAL_GetTick
 101 0052 001B     		subs	r0, r0, r4
 102 0054 41F28833 		movw	r3, #5000
 103 0058 9842     		cmp	r0, r3
 104 005a F3D9     		bls	.L10
 105 005c 0324     		movs	r4, #3
 106 005e E3E7     		b	.L8
 107              	.L23:
 108 0060 204B     		ldr	r3, .L27+4
 109 0062 214A     		ldr	r2, .L27+8
 110 0064 1A60     		str	r2, [r3]
 111 0066 0020     		movs	r0, #0
 112 0068 FFF7FEFF 		bl	HAL_InitTick
 113 006c 0446     		mov	r4, r0
 114 006e 08B1     		cbz	r0, .L24
 115 0070 0124     		movs	r4, #1
 116 0072 D9E7     		b	.L8
 117              	.L24:
ARM GAS  /tmp/ccmwRQ3p.s 			page 3


 118 0074 FFF7FEFF 		bl	HAL_GetTick
 119 0078 0546     		mov	r5, r0
 120 007a 194A     		ldr	r2, .L27
 121 007c 1368     		ldr	r3, [r2]
 122 007e 23F08073 		bic	r3, r3, #16777216
 123 0082 1360     		str	r3, [r2]
 124              	.L12:
 125 0084 164B     		ldr	r3, .L27
 126 0086 1B68     		ldr	r3, [r3]
 127 0088 13F0007F 		tst	r3, #33554432
 128 008c 06D0     		beq	.L25
 129 008e FFF7FEFF 		bl	HAL_GetTick
 130 0092 401B     		subs	r0, r0, r5
 131 0094 0228     		cmp	r0, #2
 132 0096 F5D9     		bls	.L12
 133 0098 0324     		movs	r4, #3
 134 009a C5E7     		b	.L8
 135              	.L25:
 136 009c 104E     		ldr	r6, .L27
 137 009e 0023     		movs	r3, #0
 138 00a0 7360     		str	r3, [r6, #4]
 139 00a2 FFF7FEFF 		bl	HAL_GetTick
 140 00a6 0546     		mov	r5, r0
 141 00a8 3368     		ldr	r3, [r6]
 142 00aa 23F41023 		bic	r3, r3, #589824
 143 00ae 3360     		str	r3, [r6]
 144              	.L14:
 145 00b0 0B4B     		ldr	r3, .L27
 146 00b2 1B68     		ldr	r3, [r3]
 147 00b4 13F4003F 		tst	r3, #131072
 148 00b8 06D0     		beq	.L26
 149 00ba FFF7FEFF 		bl	HAL_GetTick
 150 00be 401B     		subs	r0, r0, r5
 151 00c0 6428     		cmp	r0, #100
 152 00c2 F5D9     		bls	.L14
 153 00c4 0324     		movs	r4, #3
 154 00c6 AFE7     		b	.L8
 155              	.L26:
 156 00c8 054B     		ldr	r3, .L27
 157 00ca 1A68     		ldr	r2, [r3]
 158 00cc 22F48022 		bic	r2, r2, #262144
 159 00d0 1A60     		str	r2, [r3]
 160 00d2 5A6A     		ldr	r2, [r3, #36]
 161 00d4 42F08072 		orr	r2, r2, #16777216
 162 00d8 5A62     		str	r2, [r3, #36]
 163 00da 0022     		movs	r2, #0
 164 00dc 9A60     		str	r2, [r3, #8]
 165 00de A3E7     		b	.L8
 166              	.L28:
 167              		.align	2
 168              	.L27:
 169 00e0 00100240 		.word	1073876992
 170 00e4 00000000 		.word	SystemCoreClock
 171 00e8 00127A00 		.word	8000000
 173              		.section	.text.HAL_RCC_OscConfig,"ax",%progbits
 174              		.align	1
 175              		.global	HAL_RCC_OscConfig
ARM GAS  /tmp/ccmwRQ3p.s 			page 4


 176              		.syntax unified
 177              		.thumb
 178              		.thumb_func
 179              		.fpu softvfp
 181              	HAL_RCC_OscConfig:
 182              		@ args = 0, pretend = 0, frame = 8
 183              		@ frame_needed = 0, uses_anonymous_args = 0
 184 0000 70B5     		push	{r4, r5, r6, lr}
 185 0002 82B0     		sub	sp, sp, #8
 186 0004 0446     		mov	r4, r0
 187 0006 0368     		ldr	r3, [r0]
 188 0008 13F0010F 		tst	r3, #1
 189 000c 2CD0     		beq	.L30
 190 000e AB4B     		ldr	r3, .L115
 191 0010 5B68     		ldr	r3, [r3, #4]
 192 0012 03F00C03 		and	r3, r3, #12
 193 0016 042B     		cmp	r3, #4
 194 0018 1DD0     		beq	.L31
 195 001a A84B     		ldr	r3, .L115
 196 001c 5B68     		ldr	r3, [r3, #4]
 197 001e 03F00C03 		and	r3, r3, #12
 198 0022 082B     		cmp	r3, #8
 199 0024 12D0     		beq	.L99
 200              	.L32:
 201 0026 6368     		ldr	r3, [r4, #4]
 202 0028 B3F5803F 		cmp	r3, #65536
 203 002c 41D0     		beq	.L100
 204 002e 002B     		cmp	r3, #0
 205 0030 55D1     		bne	.L36
 206 0032 03F18043 		add	r3, r3, #1073741824
 207 0036 03F50433 		add	r3, r3, #135168
 208 003a 1A68     		ldr	r2, [r3]
 209 003c 22F48032 		bic	r2, r2, #65536
 210 0040 1A60     		str	r2, [r3]
 211 0042 1A68     		ldr	r2, [r3]
 212 0044 22F48022 		bic	r2, r2, #262144
 213 0048 1A60     		str	r2, [r3]
 214 004a 37E0     		b	.L35
 215              	.L99:
 216 004c 9B4B     		ldr	r3, .L115
 217 004e 5B68     		ldr	r3, [r3, #4]
 218 0050 13F4803F 		tst	r3, #65536
 219 0054 E7D0     		beq	.L32
 220              	.L31:
 221 0056 994B     		ldr	r3, .L115
 222 0058 1B68     		ldr	r3, [r3]
 223 005a 13F4003F 		tst	r3, #131072
 224 005e 03D0     		beq	.L30
 225 0060 6368     		ldr	r3, [r4, #4]
 226 0062 002B     		cmp	r3, #0
 227 0064 00F0AE81 		beq	.L101
 228              	.L30:
 229 0068 2368     		ldr	r3, [r4]
 230 006a 13F0020F 		tst	r3, #2
 231 006e 75D0     		beq	.L43
 232 0070 924B     		ldr	r3, .L115
 233 0072 5B68     		ldr	r3, [r3, #4]
ARM GAS  /tmp/ccmwRQ3p.s 			page 5


 234 0074 13F00C0F 		tst	r3, #12
 235 0078 5FD0     		beq	.L44
 236 007a 904B     		ldr	r3, .L115
 237 007c 5B68     		ldr	r3, [r3, #4]
 238 007e 03F00C03 		and	r3, r3, #12
 239 0082 082B     		cmp	r3, #8
 240 0084 54D0     		beq	.L102
 241              	.L45:
 242 0086 2369     		ldr	r3, [r4, #16]
 243 0088 002B     		cmp	r3, #0
 244 008a 00F08980 		beq	.L47
 245 008e 8C4B     		ldr	r3, .L115+4
 246 0090 0122     		movs	r2, #1
 247 0092 1A60     		str	r2, [r3]
 248 0094 FFF7FEFF 		bl	HAL_GetTick
 249 0098 0546     		mov	r5, r0
 250              	.L48:
 251 009a 884B     		ldr	r3, .L115
 252 009c 1B68     		ldr	r3, [r3]
 253 009e 13F0020F 		tst	r3, #2
 254 00a2 74D1     		bne	.L103
 255 00a4 FFF7FEFF 		bl	HAL_GetTick
 256 00a8 401B     		subs	r0, r0, r5
 257 00aa 0228     		cmp	r0, #2
 258 00ac F5D9     		bls	.L48
 259 00ae 0320     		movs	r0, #3
 260 00b0 8DE1     		b	.L33
 261              	.L100:
 262 00b2 824A     		ldr	r2, .L115
 263 00b4 1368     		ldr	r3, [r2]
 264 00b6 43F48033 		orr	r3, r3, #65536
 265 00ba 1360     		str	r3, [r2]
 266              	.L35:
 267 00bc 6368     		ldr	r3, [r4, #4]
 268 00be 43B3     		cbz	r3, .L38
 269 00c0 FFF7FEFF 		bl	HAL_GetTick
 270 00c4 0546     		mov	r5, r0
 271              	.L39:
 272 00c6 7D4B     		ldr	r3, .L115
 273 00c8 1B68     		ldr	r3, [r3]
 274 00ca 13F4003F 		tst	r3, #131072
 275 00ce CBD1     		bne	.L30
 276 00d0 FFF7FEFF 		bl	HAL_GetTick
 277 00d4 401B     		subs	r0, r0, r5
 278 00d6 6428     		cmp	r0, #100
 279 00d8 F5D9     		bls	.L39
 280 00da 0320     		movs	r0, #3
 281 00dc 77E1     		b	.L33
 282              	.L36:
 283 00de B3F5A02F 		cmp	r3, #327680
 284 00e2 09D0     		beq	.L104
 285 00e4 754B     		ldr	r3, .L115
 286 00e6 1A68     		ldr	r2, [r3]
 287 00e8 22F48032 		bic	r2, r2, #65536
 288 00ec 1A60     		str	r2, [r3]
 289 00ee 1A68     		ldr	r2, [r3]
 290 00f0 22F48022 		bic	r2, r2, #262144
ARM GAS  /tmp/ccmwRQ3p.s 			page 6


 291 00f4 1A60     		str	r2, [r3]
 292 00f6 E1E7     		b	.L35
 293              	.L104:
 294 00f8 03F18043 		add	r3, r3, #1073741824
 295 00fc A3F53C33 		sub	r3, r3, #192512
 296 0100 1A68     		ldr	r2, [r3]
 297 0102 42F48022 		orr	r2, r2, #262144
 298 0106 1A60     		str	r2, [r3]
 299 0108 1A68     		ldr	r2, [r3]
 300 010a 42F48032 		orr	r2, r2, #65536
 301 010e 1A60     		str	r2, [r3]
 302 0110 D4E7     		b	.L35
 303              	.L38:
 304 0112 FFF7FEFF 		bl	HAL_GetTick
 305 0116 0546     		mov	r5, r0
 306              	.L41:
 307 0118 684B     		ldr	r3, .L115
 308 011a 1B68     		ldr	r3, [r3]
 309 011c 13F4003F 		tst	r3, #131072
 310 0120 A2D0     		beq	.L30
 311 0122 FFF7FEFF 		bl	HAL_GetTick
 312 0126 401B     		subs	r0, r0, r5
 313 0128 6428     		cmp	r0, #100
 314 012a F5D9     		bls	.L41
 315 012c 0320     		movs	r0, #3
 316 012e 4EE1     		b	.L33
 317              	.L102:
 318 0130 624B     		ldr	r3, .L115
 319 0132 5B68     		ldr	r3, [r3, #4]
 320 0134 13F4803F 		tst	r3, #65536
 321 0138 A5D1     		bne	.L45
 322              	.L44:
 323 013a 604B     		ldr	r3, .L115
 324 013c 1B68     		ldr	r3, [r3]
 325 013e 13F0020F 		tst	r3, #2
 326 0142 03D0     		beq	.L46
 327 0144 2369     		ldr	r3, [r4, #16]
 328 0146 012B     		cmp	r3, #1
 329 0148 40F03E81 		bne	.L84
 330              	.L46:
 331 014c 5B4A     		ldr	r2, .L115
 332 014e 1368     		ldr	r3, [r2]
 333 0150 23F0F803 		bic	r3, r3, #248
 334 0154 6169     		ldr	r1, [r4, #20]
 335 0156 43EAC103 		orr	r3, r3, r1, lsl #3
 336 015a 1360     		str	r3, [r2]
 337              	.L43:
 338 015c 2368     		ldr	r3, [r4]
 339 015e 13F0080F 		tst	r3, #8
 340 0162 32D0     		beq	.L52
 341 0164 A369     		ldr	r3, [r4, #24]
 342 0166 002B     		cmp	r3, #0
 343 0168 5BD0     		beq	.L53
 344 016a 564B     		ldr	r3, .L115+8
 345 016c 0122     		movs	r2, #1
 346 016e 1A60     		str	r2, [r3]
 347 0170 FFF7FEFF 		bl	HAL_GetTick
ARM GAS  /tmp/ccmwRQ3p.s 			page 7


 348 0174 0546     		mov	r5, r0
 349              	.L54:
 350 0176 514B     		ldr	r3, .L115
 351 0178 5B6A     		ldr	r3, [r3, #36]
 352 017a 13F0020F 		tst	r3, #2
 353 017e 21D1     		bne	.L105
 354 0180 FFF7FEFF 		bl	HAL_GetTick
 355 0184 401B     		subs	r0, r0, r5
 356 0186 0228     		cmp	r0, #2
 357 0188 F5D9     		bls	.L54
 358 018a 0320     		movs	r0, #3
 359 018c 1FE1     		b	.L33
 360              	.L103:
 361 018e 4B4A     		ldr	r2, .L115
 362 0190 1368     		ldr	r3, [r2]
 363 0192 23F0F803 		bic	r3, r3, #248
 364 0196 6169     		ldr	r1, [r4, #20]
 365 0198 43EAC103 		orr	r3, r3, r1, lsl #3
 366 019c 1360     		str	r3, [r2]
 367 019e DDE7     		b	.L43
 368              	.L47:
 369 01a0 474B     		ldr	r3, .L115+4
 370 01a2 0022     		movs	r2, #0
 371 01a4 1A60     		str	r2, [r3]
 372 01a6 FFF7FEFF 		bl	HAL_GetTick
 373 01aa 0546     		mov	r5, r0
 374              	.L50:
 375 01ac 434B     		ldr	r3, .L115
 376 01ae 1B68     		ldr	r3, [r3]
 377 01b0 13F0020F 		tst	r3, #2
 378 01b4 D2D0     		beq	.L43
 379 01b6 FFF7FEFF 		bl	HAL_GetTick
 380 01ba 401B     		subs	r0, r0, r5
 381 01bc 0228     		cmp	r0, #2
 382 01be F5D9     		bls	.L50
 383 01c0 0320     		movs	r0, #3
 384 01c2 04E1     		b	.L33
 385              	.L105:
 386 01c4 0120     		movs	r0, #1
 387 01c6 FFF7FEFF 		bl	RCC_Delay
 388              	.L52:
 389 01ca 2368     		ldr	r3, [r4]
 390 01cc 13F0040F 		tst	r3, #4
 391 01d0 00F09880 		beq	.L58
 392 01d4 394B     		ldr	r3, .L115
 393 01d6 DB69     		ldr	r3, [r3, #28]
 394 01d8 13F0805F 		tst	r3, #268435456
 395 01dc 33D1     		bne	.L89
 396 01de 374B     		ldr	r3, .L115
 397 01e0 DA69     		ldr	r2, [r3, #28]
 398 01e2 42F08052 		orr	r2, r2, #268435456
 399 01e6 DA61     		str	r2, [r3, #28]
 400 01e8 DB69     		ldr	r3, [r3, #28]
 401 01ea 03F08053 		and	r3, r3, #268435456
 402 01ee 0193     		str	r3, [sp, #4]
 403 01f0 019B     		ldr	r3, [sp, #4]
 404 01f2 0125     		movs	r5, #1
ARM GAS  /tmp/ccmwRQ3p.s 			page 8


 405              	.L59:
 406 01f4 344B     		ldr	r3, .L115+12
 407 01f6 1B68     		ldr	r3, [r3]
 408 01f8 13F4807F 		tst	r3, #256
 409 01fc 25D0     		beq	.L106
 410              	.L60:
 411 01fe E368     		ldr	r3, [r4, #12]
 412 0200 012B     		cmp	r3, #1
 413 0202 36D0     		beq	.L107
 414 0204 002B     		cmp	r3, #0
 415 0206 4CD1     		bne	.L65
 416 0208 03F18043 		add	r3, r3, #1073741824
 417 020c 03F50433 		add	r3, r3, #135168
 418 0210 1A6A     		ldr	r2, [r3, #32]
 419 0212 22F00102 		bic	r2, r2, #1
 420 0216 1A62     		str	r2, [r3, #32]
 421 0218 1A6A     		ldr	r2, [r3, #32]
 422 021a 22F00402 		bic	r2, r2, #4
 423 021e 1A62     		str	r2, [r3, #32]
 424 0220 2CE0     		b	.L64
 425              	.L53:
 426 0222 284B     		ldr	r3, .L115+8
 427 0224 0022     		movs	r2, #0
 428 0226 1A60     		str	r2, [r3]
 429 0228 FFF7FEFF 		bl	HAL_GetTick
 430 022c 0546     		mov	r5, r0
 431              	.L56:
 432 022e 234B     		ldr	r3, .L115
 433 0230 5B6A     		ldr	r3, [r3, #36]
 434 0232 13F0020F 		tst	r3, #2
 435 0236 C8D0     		beq	.L52
 436 0238 FFF7FEFF 		bl	HAL_GetTick
 437 023c 401B     		subs	r0, r0, r5
 438 023e 0228     		cmp	r0, #2
 439 0240 F5D9     		bls	.L56
 440 0242 0320     		movs	r0, #3
 441 0244 C3E0     		b	.L33
 442              	.L89:
 443 0246 0025     		movs	r5, #0
 444 0248 D4E7     		b	.L59
 445              	.L106:
 446 024a 1F4A     		ldr	r2, .L115+12
 447 024c 1368     		ldr	r3, [r2]
 448 024e 43F48073 		orr	r3, r3, #256
 449 0252 1360     		str	r3, [r2]
 450 0254 FFF7FEFF 		bl	HAL_GetTick
 451 0258 0646     		mov	r6, r0
 452              	.L61:
 453 025a 1B4B     		ldr	r3, .L115+12
 454 025c 1B68     		ldr	r3, [r3]
 455 025e 13F4807F 		tst	r3, #256
 456 0262 CCD1     		bne	.L60
 457 0264 FFF7FEFF 		bl	HAL_GetTick
 458 0268 801B     		subs	r0, r0, r6
 459 026a 6428     		cmp	r0, #100
 460 026c F5D9     		bls	.L61
 461 026e 0320     		movs	r0, #3
ARM GAS  /tmp/ccmwRQ3p.s 			page 9


 462 0270 ADE0     		b	.L33
 463              	.L107:
 464 0272 124A     		ldr	r2, .L115
 465 0274 136A     		ldr	r3, [r2, #32]
 466 0276 43F00103 		orr	r3, r3, #1
 467 027a 1362     		str	r3, [r2, #32]
 468              	.L64:
 469 027c E368     		ldr	r3, [r4, #12]
 470 027e 7BB3     		cbz	r3, .L67
 471 0280 FFF7FEFF 		bl	HAL_GetTick
 472 0284 0646     		mov	r6, r0
 473              	.L68:
 474 0286 0D4B     		ldr	r3, .L115
 475 0288 1B6A     		ldr	r3, [r3, #32]
 476 028a 13F0020F 		tst	r3, #2
 477 028e 38D1     		bne	.L70
 478 0290 FFF7FEFF 		bl	HAL_GetTick
 479 0294 801B     		subs	r0, r0, r6
 480 0296 41F28833 		movw	r3, #5000
 481 029a 9842     		cmp	r0, r3
 482 029c F3D9     		bls	.L68
 483 029e 0320     		movs	r0, #3
 484 02a0 95E0     		b	.L33
 485              	.L65:
 486 02a2 052B     		cmp	r3, #5
 487 02a4 12D0     		beq	.L108
 488 02a6 054B     		ldr	r3, .L115
 489 02a8 1A6A     		ldr	r2, [r3, #32]
 490 02aa 22F00102 		bic	r2, r2, #1
 491 02ae 1A62     		str	r2, [r3, #32]
 492 02b0 1A6A     		ldr	r2, [r3, #32]
 493 02b2 22F00402 		bic	r2, r2, #4
 494 02b6 1A62     		str	r2, [r3, #32]
 495 02b8 E0E7     		b	.L64
 496              	.L116:
 497 02ba 00BF     		.align	2
 498              	.L115:
 499 02bc 00100240 		.word	1073876992
 500 02c0 00004242 		.word	1111621632
 501 02c4 80044242 		.word	1111622784
 502 02c8 00700040 		.word	1073770496
 503              	.L108:
 504 02cc 424B     		ldr	r3, .L117
 505 02ce 1A6A     		ldr	r2, [r3, #32]
 506 02d0 42F00402 		orr	r2, r2, #4
 507 02d4 1A62     		str	r2, [r3, #32]
 508 02d6 1A6A     		ldr	r2, [r3, #32]
 509 02d8 42F00102 		orr	r2, r2, #1
 510 02dc 1A62     		str	r2, [r3, #32]
 511 02de CDE7     		b	.L64
 512              	.L67:
 513 02e0 FFF7FEFF 		bl	HAL_GetTick
 514 02e4 0646     		mov	r6, r0
 515              	.L71:
 516 02e6 3C4B     		ldr	r3, .L117
 517 02e8 1B6A     		ldr	r3, [r3, #32]
 518 02ea 13F0020F 		tst	r3, #2
ARM GAS  /tmp/ccmwRQ3p.s 			page 10


 519 02ee 08D0     		beq	.L70
 520 02f0 FFF7FEFF 		bl	HAL_GetTick
 521 02f4 801B     		subs	r0, r0, r6
 522 02f6 41F28833 		movw	r3, #5000
 523 02fa 9842     		cmp	r0, r3
 524 02fc F3D9     		bls	.L71
 525 02fe 0320     		movs	r0, #3
 526 0300 65E0     		b	.L33
 527              	.L70:
 528 0302 E5B9     		cbnz	r5, .L109
 529              	.L58:
 530 0304 E369     		ldr	r3, [r4, #28]
 531 0306 002B     		cmp	r3, #0
 532 0308 60D0     		beq	.L93
 533 030a 334A     		ldr	r2, .L117
 534 030c 5268     		ldr	r2, [r2, #4]
 535 030e 02F00C02 		and	r2, r2, #12
 536 0312 082A     		cmp	r2, #8
 537 0314 5DD0     		beq	.L94
 538 0316 022B     		cmp	r3, #2
 539 0318 17D0     		beq	.L110
 540 031a 304B     		ldr	r3, .L117+4
 541 031c 0022     		movs	r2, #0
 542 031e 1A60     		str	r2, [r3]
 543 0320 FFF7FEFF 		bl	HAL_GetTick
 544 0324 0446     		mov	r4, r0
 545              	.L79:
 546 0326 2C4B     		ldr	r3, .L117
 547 0328 1B68     		ldr	r3, [r3]
 548 032a 13F0007F 		tst	r3, #33554432
 549 032e 47D0     		beq	.L111
 550 0330 FFF7FEFF 		bl	HAL_GetTick
 551 0334 001B     		subs	r0, r0, r4
 552 0336 0228     		cmp	r0, #2
 553 0338 F5D9     		bls	.L79
 554 033a 0320     		movs	r0, #3
 555 033c 47E0     		b	.L33
 556              	.L109:
 557 033e 264A     		ldr	r2, .L117
 558 0340 D369     		ldr	r3, [r2, #28]
 559 0342 23F08053 		bic	r3, r3, #268435456
 560 0346 D361     		str	r3, [r2, #28]
 561 0348 DCE7     		b	.L58
 562              	.L110:
 563 034a 244B     		ldr	r3, .L117+4
 564 034c 0022     		movs	r2, #0
 565 034e 1A60     		str	r2, [r3]
 566 0350 FFF7FEFF 		bl	HAL_GetTick
 567 0354 0546     		mov	r5, r0
 568              	.L74:
 569 0356 204B     		ldr	r3, .L117
 570 0358 1B68     		ldr	r3, [r3]
 571 035a 13F0007F 		tst	r3, #33554432
 572 035e 06D0     		beq	.L112
 573 0360 FFF7FEFF 		bl	HAL_GetTick
 574 0364 401B     		subs	r0, r0, r5
 575 0366 0228     		cmp	r0, #2
ARM GAS  /tmp/ccmwRQ3p.s 			page 11


 576 0368 F5D9     		bls	.L74
 577 036a 0320     		movs	r0, #3
 578 036c 2FE0     		b	.L33
 579              	.L112:
 580 036e 236A     		ldr	r3, [r4, #32]
 581 0370 B3F5803F 		cmp	r3, #65536
 582 0374 1AD0     		beq	.L113
 583              	.L76:
 584 0376 1849     		ldr	r1, .L117
 585 0378 4B68     		ldr	r3, [r1, #4]
 586 037a 23F47413 		bic	r3, r3, #3997696
 587 037e 226A     		ldr	r2, [r4, #32]
 588 0380 606A     		ldr	r0, [r4, #36]
 589 0382 0243     		orrs	r2, r2, r0
 590 0384 1343     		orrs	r3, r3, r2
 591 0386 4B60     		str	r3, [r1, #4]
 592 0388 144B     		ldr	r3, .L117+4
 593 038a 0122     		movs	r2, #1
 594 038c 1A60     		str	r2, [r3]
 595 038e FFF7FEFF 		bl	HAL_GetTick
 596 0392 0446     		mov	r4, r0
 597              	.L77:
 598 0394 104B     		ldr	r3, .L117
 599 0396 1B68     		ldr	r3, [r3]
 600 0398 13F0007F 		tst	r3, #33554432
 601 039c 0ED1     		bne	.L114
 602 039e FFF7FEFF 		bl	HAL_GetTick
 603 03a2 001B     		subs	r0, r0, r4
 604 03a4 0228     		cmp	r0, #2
 605 03a6 F5D9     		bls	.L77
 606 03a8 0320     		movs	r0, #3
 607 03aa 10E0     		b	.L33
 608              	.L113:
 609 03ac 0A4A     		ldr	r2, .L117
 610 03ae 5368     		ldr	r3, [r2, #4]
 611 03b0 23F40033 		bic	r3, r3, #131072
 612 03b4 A168     		ldr	r1, [r4, #8]
 613 03b6 0B43     		orrs	r3, r3, r1
 614 03b8 5360     		str	r3, [r2, #4]
 615 03ba DCE7     		b	.L76
 616              	.L114:
 617 03bc 0020     		movs	r0, #0
 618 03be 06E0     		b	.L33
 619              	.L111:
 620 03c0 0020     		movs	r0, #0
 621 03c2 04E0     		b	.L33
 622              	.L101:
 623 03c4 0120     		movs	r0, #1
 624 03c6 02E0     		b	.L33
 625              	.L84:
 626 03c8 0120     		movs	r0, #1
 627 03ca 00E0     		b	.L33
 628              	.L93:
 629 03cc 0020     		movs	r0, #0
 630              	.L33:
 631 03ce 02B0     		add	sp, sp, #8
 632              		@ sp needed
ARM GAS  /tmp/ccmwRQ3p.s 			page 12


 633 03d0 70BD     		pop	{r4, r5, r6, pc}
 634              	.L94:
 635 03d2 0120     		movs	r0, #1
 636 03d4 FBE7     		b	.L33
 637              	.L118:
 638 03d6 00BF     		.align	2
 639              	.L117:
 640 03d8 00100240 		.word	1073876992
 641 03dc 60004242 		.word	1111621728
 643              		.section	.text.HAL_RCC_MCOConfig,"ax",%progbits
 644              		.align	1
 645              		.global	HAL_RCC_MCOConfig
 646              		.syntax unified
 647              		.thumb
 648              		.thumb_func
 649              		.fpu softvfp
 651              	HAL_RCC_MCOConfig:
 652              		@ args = 0, pretend = 0, frame = 24
 653              		@ frame_needed = 0, uses_anonymous_args = 0
 654 0000 30B5     		push	{r4, r5, lr}
 655 0002 87B0     		sub	sp, sp, #28
 656 0004 0D46     		mov	r5, r1
 657 0006 0023     		movs	r3, #0
 658 0008 0493     		str	r3, [sp, #16]
 659 000a 0223     		movs	r3, #2
 660 000c 0393     		str	r3, [sp, #12]
 661 000e 0323     		movs	r3, #3
 662 0010 0593     		str	r3, [sp, #20]
 663 0012 4FF48073 		mov	r3, #256
 664 0016 0293     		str	r3, [sp, #8]
 665 0018 0A4C     		ldr	r4, .L121
 666 001a A369     		ldr	r3, [r4, #24]
 667 001c 43F00403 		orr	r3, r3, #4
 668 0020 A361     		str	r3, [r4, #24]
 669 0022 A369     		ldr	r3, [r4, #24]
 670 0024 03F00403 		and	r3, r3, #4
 671 0028 0193     		str	r3, [sp, #4]
 672 002a 019B     		ldr	r3, [sp, #4]
 673 002c 02A9     		add	r1, sp, #8
 674 002e 0648     		ldr	r0, .L121+4
 675 0030 FFF7FEFF 		bl	HAL_GPIO_Init
 676 0034 6168     		ldr	r1, [r4, #4]
 677 0036 21F0E061 		bic	r1, r1, #117440512
 678 003a 2943     		orrs	r1, r1, r5
 679 003c 6160     		str	r1, [r4, #4]
 680 003e 07B0     		add	sp, sp, #28
 681              		@ sp needed
 682 0040 30BD     		pop	{r4, r5, pc}
 683              	.L122:
 684 0042 00BF     		.align	2
 685              	.L121:
 686 0044 00100240 		.word	1073876992
 687 0048 00080140 		.word	1073809408
 689              		.section	.text.HAL_RCC_EnableCSS,"ax",%progbits
 690              		.align	1
 691              		.global	HAL_RCC_EnableCSS
 692              		.syntax unified
ARM GAS  /tmp/ccmwRQ3p.s 			page 13


 693              		.thumb
 694              		.thumb_func
 695              		.fpu softvfp
 697              	HAL_RCC_EnableCSS:
 698              		@ args = 0, pretend = 0, frame = 0
 699              		@ frame_needed = 0, uses_anonymous_args = 0
 700              		@ link register save eliminated.
 701 0000 014B     		ldr	r3, .L124
 702 0002 0122     		movs	r2, #1
 703 0004 1A60     		str	r2, [r3]
 704 0006 7047     		bx	lr
 705              	.L125:
 706              		.align	2
 707              	.L124:
 708 0008 4C004242 		.word	1111621708
 710              		.section	.text.HAL_RCC_DisableCSS,"ax",%progbits
 711              		.align	1
 712              		.global	HAL_RCC_DisableCSS
 713              		.syntax unified
 714              		.thumb
 715              		.thumb_func
 716              		.fpu softvfp
 718              	HAL_RCC_DisableCSS:
 719              		@ args = 0, pretend = 0, frame = 0
 720              		@ frame_needed = 0, uses_anonymous_args = 0
 721              		@ link register save eliminated.
 722 0000 014B     		ldr	r3, .L127
 723 0002 0022     		movs	r2, #0
 724 0004 1A60     		str	r2, [r3]
 725 0006 7047     		bx	lr
 726              	.L128:
 727              		.align	2
 728              	.L127:
 729 0008 4C004242 		.word	1111621708
 731              		.section	.text.HAL_RCC_GetSysClockFreq,"ax",%progbits
 732              		.align	1
 733              		.global	HAL_RCC_GetSysClockFreq
 734              		.syntax unified
 735              		.thumb
 736              		.thumb_func
 737              		.fpu softvfp
 739              	HAL_RCC_GetSysClockFreq:
 740              		@ args = 0, pretend = 0, frame = 24
 741              		@ frame_needed = 0, uses_anonymous_args = 0
 742              		@ link register save eliminated.
 743 0000 10B4     		push	{r4}
 744 0002 87B0     		sub	sp, sp, #28
 745 0004 164C     		ldr	r4, .L135
 746 0006 94E80F00 		ldm	r4, {r0, r1, r2, r3}
 747 000a 0DF1180C 		add	ip, sp, #24
 748 000e 0CE90F00 		stmdb	ip, {r0, r1, r2, r3}
 749 0012 238A     		ldrh	r3, [r4, #16]
 750 0014 ADF80430 		strh	r3, [sp, #4]	@ movhi
 751 0018 124B     		ldr	r3, .L135+4
 752 001a 5B68     		ldr	r3, [r3, #4]
 753 001c 03F00C02 		and	r2, r3, #12
 754 0020 082A     		cmp	r2, #8
ARM GAS  /tmp/ccmwRQ3p.s 			page 14


 755 0022 03D0     		beq	.L134
 756 0024 1048     		ldr	r0, .L135+8
 757              	.L129:
 758 0026 07B0     		add	sp, sp, #28
 759              		@ sp needed
 760 0028 10BC     		pop	{r4}
 761 002a 7047     		bx	lr
 762              	.L134:
 763 002c C3F38342 		ubfx	r2, r3, #18, #4
 764 0030 6244     		add	r2, r2, ip
 765 0032 12F8102C 		ldrb	r2, [r2, #-16]	@ zero_extendqisi2
 766 0036 13F4803F 		tst	r3, #65536
 767 003a 0CD0     		beq	.L131
 768 003c 094B     		ldr	r3, .L135+4
 769 003e 5B68     		ldr	r3, [r3, #4]
 770 0040 C3F34043 		ubfx	r3, r3, #17, #1
 771 0044 6344     		add	r3, r3, ip
 772 0046 13F8143C 		ldrb	r3, [r3, #-20]	@ zero_extendqisi2
 773 004a 0748     		ldr	r0, .L135+8
 774 004c 00FB02F0 		mul	r0, r0, r2
 775 0050 B0FBF3F0 		udiv	r0, r0, r3
 776 0054 E7E7     		b	.L129
 777              	.L131:
 778 0056 0548     		ldr	r0, .L135+12
 779 0058 00FB02F0 		mul	r0, r0, r2
 780 005c E3E7     		b	.L129
 781              	.L136:
 782 005e 00BF     		.align	2
 783              	.L135:
 784 0060 00000000 		.word	.LANCHOR0
 785 0064 00100240 		.word	1073876992
 786 0068 00127A00 		.word	8000000
 787 006c 00093D00 		.word	4000000
 789              		.section	.text.HAL_RCC_ClockConfig,"ax",%progbits
 790              		.align	1
 791              		.global	HAL_RCC_ClockConfig
 792              		.syntax unified
 793              		.thumb
 794              		.thumb_func
 795              		.fpu softvfp
 797              	HAL_RCC_ClockConfig:
 798              		@ args = 0, pretend = 0, frame = 0
 799              		@ frame_needed = 0, uses_anonymous_args = 0
 800 0000 624B     		ldr	r3, .L171
 801 0002 1B68     		ldr	r3, [r3]
 802 0004 03F00703 		and	r3, r3, #7
 803 0008 8B42     		cmp	r3, r1
 804 000a 0BD2     		bcs	.L138
 805 000c 5F4A     		ldr	r2, .L171
 806 000e 1368     		ldr	r3, [r2]
 807 0010 23F00703 		bic	r3, r3, #7
 808 0014 0B43     		orrs	r3, r3, r1
 809 0016 1360     		str	r3, [r2]
 810 0018 1368     		ldr	r3, [r2]
 811 001a 03F00703 		and	r3, r3, #7
 812 001e 8B42     		cmp	r3, r1
 813 0020 40F0AE80 		bne	.L157
ARM GAS  /tmp/ccmwRQ3p.s 			page 15


 814              	.L138:
 815 0024 70B5     		push	{r4, r5, r6, lr}
 816 0026 0368     		ldr	r3, [r0]
 817 0028 13F0020F 		tst	r3, #2
 818 002c 17D0     		beq	.L140
 819 002e 13F0040F 		tst	r3, #4
 820 0032 04D0     		beq	.L141
 821 0034 564A     		ldr	r2, .L171+4
 822 0036 5368     		ldr	r3, [r2, #4]
 823 0038 43F4E063 		orr	r3, r3, #1792
 824 003c 5360     		str	r3, [r2, #4]
 825              	.L141:
 826 003e 0368     		ldr	r3, [r0]
 827 0040 13F0080F 		tst	r3, #8
 828 0044 04D0     		beq	.L142
 829 0046 524A     		ldr	r2, .L171+4
 830 0048 5368     		ldr	r3, [r2, #4]
 831 004a 43F46053 		orr	r3, r3, #14336
 832 004e 5360     		str	r3, [r2, #4]
 833              	.L142:
 834 0050 4F4A     		ldr	r2, .L171+4
 835 0052 5368     		ldr	r3, [r2, #4]
 836 0054 23F0F003 		bic	r3, r3, #240
 837 0058 8468     		ldr	r4, [r0, #8]
 838 005a 2343     		orrs	r3, r3, r4
 839 005c 5360     		str	r3, [r2, #4]
 840              	.L140:
 841 005e 0D46     		mov	r5, r1
 842 0060 0446     		mov	r4, r0
 843 0062 0368     		ldr	r3, [r0]
 844 0064 13F0010F 		tst	r3, #1
 845 0068 52D0     		beq	.L143
 846 006a 4368     		ldr	r3, [r0, #4]
 847 006c 012B     		cmp	r3, #1
 848 006e 23D0     		beq	.L169
 849 0070 022B     		cmp	r3, #2
 850 0072 28D0     		beq	.L170
 851 0074 464A     		ldr	r2, .L171+4
 852 0076 1268     		ldr	r2, [r2]
 853 0078 12F0020F 		tst	r2, #2
 854 007c 00F08280 		beq	.L160
 855              	.L145:
 856 0080 4349     		ldr	r1, .L171+4
 857 0082 4A68     		ldr	r2, [r1, #4]
 858 0084 22F00302 		bic	r2, r2, #3
 859 0088 1343     		orrs	r3, r3, r2
 860 008a 4B60     		str	r3, [r1, #4]
 861 008c FFF7FEFF 		bl	HAL_GetTick
 862 0090 0646     		mov	r6, r0
 863 0092 6368     		ldr	r3, [r4, #4]
 864 0094 012B     		cmp	r3, #1
 865 0096 1DD0     		beq	.L147
 866 0098 022B     		cmp	r3, #2
 867 009a 2AD0     		beq	.L150
 868              	.L151:
 869 009c 3C4B     		ldr	r3, .L171+4
 870 009e 5B68     		ldr	r3, [r3, #4]
ARM GAS  /tmp/ccmwRQ3p.s 			page 16


 871 00a0 13F00C0F 		tst	r3, #12
 872 00a4 34D0     		beq	.L143
 873 00a6 FFF7FEFF 		bl	HAL_GetTick
 874 00aa 801B     		subs	r0, r0, r6
 875 00ac 41F28833 		movw	r3, #5000
 876 00b0 9842     		cmp	r0, r3
 877 00b2 F3D9     		bls	.L151
 878 00b4 0320     		movs	r0, #3
 879 00b6 62E0     		b	.L139
 880              	.L169:
 881 00b8 354A     		ldr	r2, .L171+4
 882 00ba 1268     		ldr	r2, [r2]
 883 00bc 12F4003F 		tst	r2, #131072
 884 00c0 DED1     		bne	.L145
 885 00c2 0120     		movs	r0, #1
 886 00c4 5BE0     		b	.L139
 887              	.L170:
 888 00c6 324A     		ldr	r2, .L171+4
 889 00c8 1268     		ldr	r2, [r2]
 890 00ca 12F0007F 		tst	r2, #33554432
 891 00ce D7D1     		bne	.L145
 892 00d0 0120     		movs	r0, #1
 893 00d2 54E0     		b	.L139
 894              	.L147:
 895 00d4 2E4B     		ldr	r3, .L171+4
 896 00d6 5B68     		ldr	r3, [r3, #4]
 897 00d8 03F00C03 		and	r3, r3, #12
 898 00dc 042B     		cmp	r3, #4
 899 00de 17D0     		beq	.L143
 900 00e0 FFF7FEFF 		bl	HAL_GetTick
 901 00e4 801B     		subs	r0, r0, r6
 902 00e6 41F28833 		movw	r3, #5000
 903 00ea 9842     		cmp	r0, r3
 904 00ec F2D9     		bls	.L147
 905 00ee 0320     		movs	r0, #3
 906 00f0 45E0     		b	.L139
 907              	.L150:
 908 00f2 274B     		ldr	r3, .L171+4
 909 00f4 5B68     		ldr	r3, [r3, #4]
 910 00f6 03F00C03 		and	r3, r3, #12
 911 00fa 082B     		cmp	r3, #8
 912 00fc 08D0     		beq	.L143
 913 00fe FFF7FEFF 		bl	HAL_GetTick
 914 0102 801B     		subs	r0, r0, r6
 915 0104 41F28833 		movw	r3, #5000
 916 0108 9842     		cmp	r0, r3
 917 010a F2D9     		bls	.L150
 918 010c 0320     		movs	r0, #3
 919 010e 36E0     		b	.L139
 920              	.L143:
 921 0110 1E4B     		ldr	r3, .L171
 922 0112 1B68     		ldr	r3, [r3]
 923 0114 03F00703 		and	r3, r3, #7
 924 0118 AB42     		cmp	r3, r5
 925 011a 0AD9     		bls	.L154
 926 011c 1B4A     		ldr	r2, .L171
 927 011e 1368     		ldr	r3, [r2]
ARM GAS  /tmp/ccmwRQ3p.s 			page 17


 928 0120 23F00703 		bic	r3, r3, #7
 929 0124 2B43     		orrs	r3, r3, r5
 930 0126 1360     		str	r3, [r2]
 931 0128 1368     		ldr	r3, [r2]
 932 012a 03F00703 		and	r3, r3, #7
 933 012e AB42     		cmp	r3, r5
 934 0130 2AD1     		bne	.L164
 935              	.L154:
 936 0132 2368     		ldr	r3, [r4]
 937 0134 13F0040F 		tst	r3, #4
 938 0138 06D0     		beq	.L155
 939 013a 154A     		ldr	r2, .L171+4
 940 013c 5368     		ldr	r3, [r2, #4]
 941 013e 23F4E063 		bic	r3, r3, #1792
 942 0142 E168     		ldr	r1, [r4, #12]
 943 0144 0B43     		orrs	r3, r3, r1
 944 0146 5360     		str	r3, [r2, #4]
 945              	.L155:
 946 0148 2368     		ldr	r3, [r4]
 947 014a 13F0080F 		tst	r3, #8
 948 014e 07D0     		beq	.L156
 949 0150 0F4A     		ldr	r2, .L171+4
 950 0152 5368     		ldr	r3, [r2, #4]
 951 0154 23F46053 		bic	r3, r3, #14336
 952 0158 2169     		ldr	r1, [r4, #16]
 953 015a 43EAC103 		orr	r3, r3, r1, lsl #3
 954 015e 5360     		str	r3, [r2, #4]
 955              	.L156:
 956 0160 FFF7FEFF 		bl	HAL_RCC_GetSysClockFreq
 957 0164 0A4B     		ldr	r3, .L171+4
 958 0166 5B68     		ldr	r3, [r3, #4]
 959 0168 C3F30313 		ubfx	r3, r3, #4, #4
 960 016c 094A     		ldr	r2, .L171+8
 961 016e D35C     		ldrb	r3, [r2, r3]	@ zero_extendqisi2
 962 0170 D840     		lsrs	r0, r0, r3
 963 0172 094B     		ldr	r3, .L171+12
 964 0174 1860     		str	r0, [r3]
 965 0176 0020     		movs	r0, #0
 966 0178 FFF7FEFF 		bl	HAL_InitTick
 967 017c 0020     		movs	r0, #0
 968              	.L139:
 969 017e 70BD     		pop	{r4, r5, r6, pc}
 970              	.L157:
 971 0180 0120     		movs	r0, #1
 972 0182 7047     		bx	lr
 973              	.L160:
 974 0184 0120     		movs	r0, #1
 975 0186 FAE7     		b	.L139
 976              	.L164:
 977 0188 0120     		movs	r0, #1
 978 018a F8E7     		b	.L139
 979              	.L172:
 980              		.align	2
 981              	.L171:
 982 018c 00200240 		.word	1073881088
 983 0190 00100240 		.word	1073876992
 984 0194 00000000 		.word	AHBPrescTable
ARM GAS  /tmp/ccmwRQ3p.s 			page 18


 985 0198 00000000 		.word	SystemCoreClock
 987              		.section	.text.HAL_RCC_GetHCLKFreq,"ax",%progbits
 988              		.align	1
 989              		.global	HAL_RCC_GetHCLKFreq
 990              		.syntax unified
 991              		.thumb
 992              		.thumb_func
 993              		.fpu softvfp
 995              	HAL_RCC_GetHCLKFreq:
 996              		@ args = 0, pretend = 0, frame = 0
 997              		@ frame_needed = 0, uses_anonymous_args = 0
 998              		@ link register save eliminated.
 999 0000 014B     		ldr	r3, .L174
 1000 0002 1868     		ldr	r0, [r3]
 1001 0004 7047     		bx	lr
 1002              	.L175:
 1003 0006 00BF     		.align	2
 1004              	.L174:
 1005 0008 00000000 		.word	SystemCoreClock
 1007              		.section	.text.HAL_RCC_GetPCLK1Freq,"ax",%progbits
 1008              		.align	1
 1009              		.global	HAL_RCC_GetPCLK1Freq
 1010              		.syntax unified
 1011              		.thumb
 1012              		.thumb_func
 1013              		.fpu softvfp
 1015              	HAL_RCC_GetPCLK1Freq:
 1016              		@ args = 0, pretend = 0, frame = 0
 1017              		@ frame_needed = 0, uses_anonymous_args = 0
 1018 0000 08B5     		push	{r3, lr}
 1019 0002 FFF7FEFF 		bl	HAL_RCC_GetHCLKFreq
 1020 0006 044B     		ldr	r3, .L178
 1021 0008 5B68     		ldr	r3, [r3, #4]
 1022 000a C3F30223 		ubfx	r3, r3, #8, #3
 1023 000e 034A     		ldr	r2, .L178+4
 1024 0010 D35C     		ldrb	r3, [r2, r3]	@ zero_extendqisi2
 1025 0012 D840     		lsrs	r0, r0, r3
 1026 0014 08BD     		pop	{r3, pc}
 1027              	.L179:
 1028 0016 00BF     		.align	2
 1029              	.L178:
 1030 0018 00100240 		.word	1073876992
 1031 001c 00000000 		.word	APBPrescTable
 1033              		.section	.text.HAL_RCC_GetPCLK2Freq,"ax",%progbits
 1034              		.align	1
 1035              		.global	HAL_RCC_GetPCLK2Freq
 1036              		.syntax unified
 1037              		.thumb
 1038              		.thumb_func
 1039              		.fpu softvfp
 1041              	HAL_RCC_GetPCLK2Freq:
 1042              		@ args = 0, pretend = 0, frame = 0
 1043              		@ frame_needed = 0, uses_anonymous_args = 0
 1044 0000 08B5     		push	{r3, lr}
 1045 0002 FFF7FEFF 		bl	HAL_RCC_GetHCLKFreq
 1046 0006 044B     		ldr	r3, .L182
 1047 0008 5B68     		ldr	r3, [r3, #4]
ARM GAS  /tmp/ccmwRQ3p.s 			page 19


 1048 000a C3F3C223 		ubfx	r3, r3, #11, #3
 1049 000e 034A     		ldr	r2, .L182+4
 1050 0010 D35C     		ldrb	r3, [r2, r3]	@ zero_extendqisi2
 1051 0012 D840     		lsrs	r0, r0, r3
 1052 0014 08BD     		pop	{r3, pc}
 1053              	.L183:
 1054 0016 00BF     		.align	2
 1055              	.L182:
 1056 0018 00100240 		.word	1073876992
 1057 001c 00000000 		.word	APBPrescTable
 1059              		.section	.text.HAL_RCC_GetOscConfig,"ax",%progbits
 1060              		.align	1
 1061              		.global	HAL_RCC_GetOscConfig
 1062              		.syntax unified
 1063              		.thumb
 1064              		.thumb_func
 1065              		.fpu softvfp
 1067              	HAL_RCC_GetOscConfig:
 1068              		@ args = 0, pretend = 0, frame = 0
 1069              		@ frame_needed = 0, uses_anonymous_args = 0
 1070              		@ link register save eliminated.
 1071 0000 0F23     		movs	r3, #15
 1072 0002 0360     		str	r3, [r0]
 1073 0004 2A4B     		ldr	r3, .L197
 1074 0006 1B68     		ldr	r3, [r3]
 1075 0008 13F4802F 		tst	r3, #262144
 1076 000c 30D0     		beq	.L185
 1077 000e 4FF4A023 		mov	r3, #327680
 1078 0012 4360     		str	r3, [r0, #4]
 1079              	.L186:
 1080 0014 264A     		ldr	r2, .L197
 1081 0016 5368     		ldr	r3, [r2, #4]
 1082 0018 03F40033 		and	r3, r3, #131072
 1083 001c 8360     		str	r3, [r0, #8]
 1084 001e 1368     		ldr	r3, [r2]
 1085 0020 13F0010F 		tst	r3, #1
 1086 0024 30D0     		beq	.L188
 1087 0026 0123     		movs	r3, #1
 1088 0028 0361     		str	r3, [r0, #16]
 1089              	.L189:
 1090 002a 214A     		ldr	r2, .L197
 1091 002c 1368     		ldr	r3, [r2]
 1092 002e C3F3C403 		ubfx	r3, r3, #3, #5
 1093 0032 4361     		str	r3, [r0, #20]
 1094 0034 136A     		ldr	r3, [r2, #32]
 1095 0036 13F0040F 		tst	r3, #4
 1096 003a 28D0     		beq	.L190
 1097 003c 0523     		movs	r3, #5
 1098 003e C360     		str	r3, [r0, #12]
 1099              	.L191:
 1100 0040 1B4B     		ldr	r3, .L197
 1101 0042 5B6A     		ldr	r3, [r3, #36]
 1102 0044 13F0010F 		tst	r3, #1
 1103 0048 2CD0     		beq	.L193
 1104 004a 0123     		movs	r3, #1
 1105 004c 8361     		str	r3, [r0, #24]
 1106              	.L194:
ARM GAS  /tmp/ccmwRQ3p.s 			page 20


 1107 004e 184B     		ldr	r3, .L197
 1108 0050 1B68     		ldr	r3, [r3]
 1109 0052 13F0807F 		tst	r3, #16777216
 1110 0056 28D0     		beq	.L195
 1111 0058 0223     		movs	r3, #2
 1112 005a C361     		str	r3, [r0, #28]
 1113              	.L196:
 1114 005c 144A     		ldr	r2, .L197
 1115 005e 5368     		ldr	r3, [r2, #4]
 1116 0060 03F48033 		and	r3, r3, #65536
 1117 0064 0362     		str	r3, [r0, #32]
 1118 0066 5368     		ldr	r3, [r2, #4]
 1119 0068 03F47013 		and	r3, r3, #3932160
 1120 006c 4362     		str	r3, [r0, #36]
 1121 006e 7047     		bx	lr
 1122              	.L185:
 1123 0070 0F4B     		ldr	r3, .L197
 1124 0072 1B68     		ldr	r3, [r3]
 1125 0074 13F4803F 		tst	r3, #65536
 1126 0078 03D0     		beq	.L187
 1127 007a 4FF48033 		mov	r3, #65536
 1128 007e 4360     		str	r3, [r0, #4]
 1129 0080 C8E7     		b	.L186
 1130              	.L187:
 1131 0082 0023     		movs	r3, #0
 1132 0084 4360     		str	r3, [r0, #4]
 1133 0086 C5E7     		b	.L186
 1134              	.L188:
 1135 0088 0023     		movs	r3, #0
 1136 008a 0361     		str	r3, [r0, #16]
 1137 008c CDE7     		b	.L189
 1138              	.L190:
 1139 008e 084B     		ldr	r3, .L197
 1140 0090 1B6A     		ldr	r3, [r3, #32]
 1141 0092 13F0010F 		tst	r3, #1
 1142 0096 02D0     		beq	.L192
 1143 0098 0123     		movs	r3, #1
 1144 009a C360     		str	r3, [r0, #12]
 1145 009c D0E7     		b	.L191
 1146              	.L192:
 1147 009e 0023     		movs	r3, #0
 1148 00a0 C360     		str	r3, [r0, #12]
 1149 00a2 CDE7     		b	.L191
 1150              	.L193:
 1151 00a4 0023     		movs	r3, #0
 1152 00a6 8361     		str	r3, [r0, #24]
 1153 00a8 D1E7     		b	.L194
 1154              	.L195:
 1155 00aa 0123     		movs	r3, #1
 1156 00ac C361     		str	r3, [r0, #28]
 1157 00ae D5E7     		b	.L196
 1158              	.L198:
 1159              		.align	2
 1160              	.L197:
 1161 00b0 00100240 		.word	1073876992
 1163              		.section	.text.HAL_RCC_GetClockConfig,"ax",%progbits
 1164              		.align	1
ARM GAS  /tmp/ccmwRQ3p.s 			page 21


 1165              		.global	HAL_RCC_GetClockConfig
 1166              		.syntax unified
 1167              		.thumb
 1168              		.thumb_func
 1169              		.fpu softvfp
 1171              	HAL_RCC_GetClockConfig:
 1172              		@ args = 0, pretend = 0, frame = 0
 1173              		@ frame_needed = 0, uses_anonymous_args = 0
 1174              		@ link register save eliminated.
 1175 0000 0F23     		movs	r3, #15
 1176 0002 0360     		str	r3, [r0]
 1177 0004 0B4B     		ldr	r3, .L200
 1178 0006 5A68     		ldr	r2, [r3, #4]
 1179 0008 02F00302 		and	r2, r2, #3
 1180 000c 4260     		str	r2, [r0, #4]
 1181 000e 5A68     		ldr	r2, [r3, #4]
 1182 0010 02F0F002 		and	r2, r2, #240
 1183 0014 8260     		str	r2, [r0, #8]
 1184 0016 5A68     		ldr	r2, [r3, #4]
 1185 0018 02F4E062 		and	r2, r2, #1792
 1186 001c C260     		str	r2, [r0, #12]
 1187 001e 5B68     		ldr	r3, [r3, #4]
 1188 0020 DB08     		lsrs	r3, r3, #3
 1189 0022 03F4E063 		and	r3, r3, #1792
 1190 0026 0361     		str	r3, [r0, #16]
 1191 0028 034B     		ldr	r3, .L200+4
 1192 002a 1B68     		ldr	r3, [r3]
 1193 002c 03F00703 		and	r3, r3, #7
 1194 0030 0B60     		str	r3, [r1]
 1195 0032 7047     		bx	lr
 1196              	.L201:
 1197              		.align	2
 1198              	.L200:
 1199 0034 00100240 		.word	1073876992
 1200 0038 00200240 		.word	1073881088
 1202              		.section	.text.HAL_RCC_CSSCallback,"ax",%progbits
 1203              		.align	1
 1204              		.weak	HAL_RCC_CSSCallback
 1205              		.syntax unified
 1206              		.thumb
 1207              		.thumb_func
 1208              		.fpu softvfp
 1210              	HAL_RCC_CSSCallback:
 1211              		@ args = 0, pretend = 0, frame = 0
 1212              		@ frame_needed = 0, uses_anonymous_args = 0
 1213              		@ link register save eliminated.
 1214 0000 7047     		bx	lr
 1216              		.section	.text.HAL_RCC_NMI_IRQHandler,"ax",%progbits
 1217              		.align	1
 1218              		.global	HAL_RCC_NMI_IRQHandler
 1219              		.syntax unified
 1220              		.thumb
 1221              		.thumb_func
 1222              		.fpu softvfp
 1224              	HAL_RCC_NMI_IRQHandler:
 1225              		@ args = 0, pretend = 0, frame = 0
 1226              		@ frame_needed = 0, uses_anonymous_args = 0
ARM GAS  /tmp/ccmwRQ3p.s 			page 22


 1227 0000 08B5     		push	{r3, lr}
 1228 0002 064B     		ldr	r3, .L207
 1229 0004 9B68     		ldr	r3, [r3, #8]
 1230 0006 13F0800F 		tst	r3, #128
 1231 000a 00D1     		bne	.L206
 1232              	.L203:
 1233 000c 08BD     		pop	{r3, pc}
 1234              	.L206:
 1235 000e FFF7FEFF 		bl	HAL_RCC_CSSCallback
 1236 0012 034B     		ldr	r3, .L207+4
 1237 0014 8022     		movs	r2, #128
 1238 0016 1A70     		strb	r2, [r3]
 1239 0018 F8E7     		b	.L203
 1240              	.L208:
 1241 001a 00BF     		.align	2
 1242              	.L207:
 1243 001c 00100240 		.word	1073876992
 1244 0020 0A100240 		.word	1073877002
 1246              		.section	.rodata
 1247              		.align	2
 1248              		.set	.LANCHOR0,. + 0
 1249              	.LC0:
 1250 0000 02       		.byte	2
 1251 0001 03       		.byte	3
 1252 0002 04       		.byte	4
 1253 0003 05       		.byte	5
 1254 0004 06       		.byte	6
 1255 0005 07       		.byte	7
 1256 0006 08       		.byte	8
 1257 0007 09       		.byte	9
 1258 0008 0A       		.byte	10
 1259 0009 0B       		.byte	11
 1260 000a 0C       		.byte	12
 1261 000b 0D       		.byte	13
 1262 000c 0E       		.byte	14
 1263 000d 0F       		.byte	15
 1264 000e 10       		.byte	16
 1265 000f 10       		.byte	16
 1266              	.LC1:
 1267 0010 01       		.byte	1
 1268 0011 02       		.byte	2
 1269              		.ident	"GCC: (GNU Tools for Arm Embedded Processors 8-2018-q4-major) 8.2.1 20181213 (release) [gcc
ARM GAS  /tmp/ccmwRQ3p.s 			page 23


DEFINED SYMBOLS
                            *ABS*:0000000000000000 stm32f1xx_hal_rcc.c
     /tmp/ccmwRQ3p.s:14     .text.RCC_Delay:0000000000000000 $t
     /tmp/ccmwRQ3p.s:21     .text.RCC_Delay:0000000000000000 RCC_Delay
     /tmp/ccmwRQ3p.s:51     .text.RCC_Delay:0000000000000024 $d
     /tmp/ccmwRQ3p.s:55     .text.HAL_RCC_DeInit:0000000000000000 $t
     /tmp/ccmwRQ3p.s:62     .text.HAL_RCC_DeInit:0000000000000000 HAL_RCC_DeInit
     /tmp/ccmwRQ3p.s:169    .text.HAL_RCC_DeInit:00000000000000e0 $d
     /tmp/ccmwRQ3p.s:174    .text.HAL_RCC_OscConfig:0000000000000000 $t
     /tmp/ccmwRQ3p.s:181    .text.HAL_RCC_OscConfig:0000000000000000 HAL_RCC_OscConfig
     /tmp/ccmwRQ3p.s:499    .text.HAL_RCC_OscConfig:00000000000002bc $d
     /tmp/ccmwRQ3p.s:504    .text.HAL_RCC_OscConfig:00000000000002cc $t
     /tmp/ccmwRQ3p.s:640    .text.HAL_RCC_OscConfig:00000000000003d8 $d
     /tmp/ccmwRQ3p.s:644    .text.HAL_RCC_MCOConfig:0000000000000000 $t
     /tmp/ccmwRQ3p.s:651    .text.HAL_RCC_MCOConfig:0000000000000000 HAL_RCC_MCOConfig
     /tmp/ccmwRQ3p.s:686    .text.HAL_RCC_MCOConfig:0000000000000044 $d
     /tmp/ccmwRQ3p.s:690    .text.HAL_RCC_EnableCSS:0000000000000000 $t
     /tmp/ccmwRQ3p.s:697    .text.HAL_RCC_EnableCSS:0000000000000000 HAL_RCC_EnableCSS
     /tmp/ccmwRQ3p.s:708    .text.HAL_RCC_EnableCSS:0000000000000008 $d
     /tmp/ccmwRQ3p.s:711    .text.HAL_RCC_DisableCSS:0000000000000000 $t
     /tmp/ccmwRQ3p.s:718    .text.HAL_RCC_DisableCSS:0000000000000000 HAL_RCC_DisableCSS
     /tmp/ccmwRQ3p.s:729    .text.HAL_RCC_DisableCSS:0000000000000008 $d
     /tmp/ccmwRQ3p.s:732    .text.HAL_RCC_GetSysClockFreq:0000000000000000 $t
     /tmp/ccmwRQ3p.s:739    .text.HAL_RCC_GetSysClockFreq:0000000000000000 HAL_RCC_GetSysClockFreq
     /tmp/ccmwRQ3p.s:784    .text.HAL_RCC_GetSysClockFreq:0000000000000060 $d
     /tmp/ccmwRQ3p.s:790    .text.HAL_RCC_ClockConfig:0000000000000000 $t
     /tmp/ccmwRQ3p.s:797    .text.HAL_RCC_ClockConfig:0000000000000000 HAL_RCC_ClockConfig
     /tmp/ccmwRQ3p.s:982    .text.HAL_RCC_ClockConfig:000000000000018c $d
     /tmp/ccmwRQ3p.s:988    .text.HAL_RCC_GetHCLKFreq:0000000000000000 $t
     /tmp/ccmwRQ3p.s:995    .text.HAL_RCC_GetHCLKFreq:0000000000000000 HAL_RCC_GetHCLKFreq
     /tmp/ccmwRQ3p.s:1005   .text.HAL_RCC_GetHCLKFreq:0000000000000008 $d
     /tmp/ccmwRQ3p.s:1008   .text.HAL_RCC_GetPCLK1Freq:0000000000000000 $t
     /tmp/ccmwRQ3p.s:1015   .text.HAL_RCC_GetPCLK1Freq:0000000000000000 HAL_RCC_GetPCLK1Freq
     /tmp/ccmwRQ3p.s:1030   .text.HAL_RCC_GetPCLK1Freq:0000000000000018 $d
     /tmp/ccmwRQ3p.s:1034   .text.HAL_RCC_GetPCLK2Freq:0000000000000000 $t
     /tmp/ccmwRQ3p.s:1041   .text.HAL_RCC_GetPCLK2Freq:0000000000000000 HAL_RCC_GetPCLK2Freq
     /tmp/ccmwRQ3p.s:1056   .text.HAL_RCC_GetPCLK2Freq:0000000000000018 $d
     /tmp/ccmwRQ3p.s:1060   .text.HAL_RCC_GetOscConfig:0000000000000000 $t
     /tmp/ccmwRQ3p.s:1067   .text.HAL_RCC_GetOscConfig:0000000000000000 HAL_RCC_GetOscConfig
     /tmp/ccmwRQ3p.s:1161   .text.HAL_RCC_GetOscConfig:00000000000000b0 $d
     /tmp/ccmwRQ3p.s:1164   .text.HAL_RCC_GetClockConfig:0000000000000000 $t
     /tmp/ccmwRQ3p.s:1171   .text.HAL_RCC_GetClockConfig:0000000000000000 HAL_RCC_GetClockConfig
     /tmp/ccmwRQ3p.s:1199   .text.HAL_RCC_GetClockConfig:0000000000000034 $d
     /tmp/ccmwRQ3p.s:1203   .text.HAL_RCC_CSSCallback:0000000000000000 $t
     /tmp/ccmwRQ3p.s:1210   .text.HAL_RCC_CSSCallback:0000000000000000 HAL_RCC_CSSCallback
     /tmp/ccmwRQ3p.s:1217   .text.HAL_RCC_NMI_IRQHandler:0000000000000000 $t
     /tmp/ccmwRQ3p.s:1224   .text.HAL_RCC_NMI_IRQHandler:0000000000000000 HAL_RCC_NMI_IRQHandler
     /tmp/ccmwRQ3p.s:1243   .text.HAL_RCC_NMI_IRQHandler:000000000000001c $d
     /tmp/ccmwRQ3p.s:1247   .rodata:0000000000000000 $d

UNDEFINED SYMBOLS
SystemCoreClock
HAL_GetTick
HAL_InitTick
HAL_GPIO_Init
AHBPrescTable
APBPrescTable
ARM GAS  /tmp/ccmwRQ3p.s 			page 24


