ARM GAS  /tmp/ccssEE41.s 			page 1


   1              		.cpu cortex-m3
   2              		.eabi_attribute 20, 1
   3              		.eabi_attribute 21, 1
   4              		.eabi_attribute 23, 3
   5              		.eabi_attribute 24, 1
   6              		.eabi_attribute 25, 1
   7              		.eabi_attribute 26, 1
   8              		.eabi_attribute 30, 1
   9              		.eabi_attribute 34, 1
  10              		.eabi_attribute 18, 4
  11              		.file	"stm32f1xx_ll_usb.c"
  12              		.text
  13              		.section	.text.USB_CoreInit,"ax",%progbits
  14              		.align	1
  15              		.global	USB_CoreInit
  16              		.arch armv7-m
  17              		.syntax unified
  18              		.thumb
  19              		.thumb_func
  20              		.fpu softvfp
  22              	USB_CoreInit:
  23              		@ args = 36, pretend = 16, frame = 0
  24              		@ frame_needed = 0, uses_anonymous_args = 0
  25              		@ link register save eliminated.
  26 0000 84B0     		sub	sp, sp, #16
  27 0002 01A8     		add	r0, sp, #4
  28 0004 80E80E00 		stm	r0, {r1, r2, r3}
  29 0008 0020     		movs	r0, #0
  30 000a 04B0     		add	sp, sp, #16
  31 000c 7047     		bx	lr
  33              		.section	.text.USB_EnableGlobalInt,"ax",%progbits
  34              		.align	1
  35              		.global	USB_EnableGlobalInt
  36              		.syntax unified
  37              		.thumb
  38              		.thumb_func
  39              		.fpu softvfp
  41              	USB_EnableGlobalInt:
  42              		@ args = 0, pretend = 0, frame = 0
  43              		@ frame_needed = 0, uses_anonymous_args = 0
  44              		@ link register save eliminated.
  45 0000 B0F84030 		ldrh	r3, [r0, #64]
  46 0004 43F43F43 		orr	r3, r3, #48896
  47 0008 A0F84030 		strh	r3, [r0, #64]	@ movhi
  48 000c 0020     		movs	r0, #0
  49 000e 7047     		bx	lr
  51              		.section	.text.USB_DisableGlobalInt,"ax",%progbits
  52              		.align	1
  53              		.global	USB_DisableGlobalInt
  54              		.syntax unified
  55              		.thumb
  56              		.thumb_func
  57              		.fpu softvfp
  59              	USB_DisableGlobalInt:
  60              		@ args = 0, pretend = 0, frame = 0
  61              		@ frame_needed = 0, uses_anonymous_args = 0
  62              		@ link register save eliminated.
ARM GAS  /tmp/ccssEE41.s 			page 2


  63 0000 B0F84030 		ldrh	r3, [r0, #64]
  64 0004 23F47453 		bic	r3, r3, #15616
  65 0008 5B04     		lsls	r3, r3, #17
  66 000a 5B0C     		lsrs	r3, r3, #17
  67 000c A0F84030 		strh	r3, [r0, #64]	@ movhi
  68 0010 0020     		movs	r0, #0
  69 0012 7047     		bx	lr
  71              		.section	.text.USB_SetCurrentMode,"ax",%progbits
  72              		.align	1
  73              		.global	USB_SetCurrentMode
  74              		.syntax unified
  75              		.thumb
  76              		.thumb_func
  77              		.fpu softvfp
  79              	USB_SetCurrentMode:
  80              		@ args = 0, pretend = 0, frame = 0
  81              		@ frame_needed = 0, uses_anonymous_args = 0
  82              		@ link register save eliminated.
  83 0000 0020     		movs	r0, #0
  84 0002 7047     		bx	lr
  86              		.section	.text.USB_DevInit,"ax",%progbits
  87              		.align	1
  88              		.global	USB_DevInit
  89              		.syntax unified
  90              		.thumb
  91              		.thumb_func
  92              		.fpu softvfp
  94              	USB_DevInit:
  95              		@ args = 36, pretend = 16, frame = 0
  96              		@ frame_needed = 0, uses_anonymous_args = 0
  97 0000 84B0     		sub	sp, sp, #16
  98 0002 38B5     		push	{r3, r4, r5, lr}
  99 0004 05AC     		add	r4, sp, #20
 100 0006 84E80E00 		stm	r4, {r1, r2, r3}
 101 000a 0123     		movs	r3, #1
 102 000c A0F84030 		strh	r3, [r0, #64]	@ movhi
 103 0010 0024     		movs	r4, #0
 104 0012 A0F84040 		strh	r4, [r0, #64]	@ movhi
 105 0016 A0F84440 		strh	r4, [r0, #68]	@ movhi
 106 001a A0F85040 		strh	r4, [r0, #80]	@ movhi
 107 001e FFF7FEFF 		bl	USB_EnableGlobalInt
 108 0022 2046     		mov	r0, r4
 109 0024 BDE83840 		pop	{r3, r4, r5, lr}
 110 0028 04B0     		add	sp, sp, #16
 111 002a 7047     		bx	lr
 113              		.section	.text.USB_FlushTxFifo,"ax",%progbits
 114              		.align	1
 115              		.global	USB_FlushTxFifo
 116              		.syntax unified
 117              		.thumb
 118              		.thumb_func
 119              		.fpu softvfp
 121              	USB_FlushTxFifo:
 122              		@ args = 0, pretend = 0, frame = 0
 123              		@ frame_needed = 0, uses_anonymous_args = 0
 124              		@ link register save eliminated.
 125 0000 0020     		movs	r0, #0
ARM GAS  /tmp/ccssEE41.s 			page 3


 126 0002 7047     		bx	lr
 128              		.section	.text.USB_FlushRxFifo,"ax",%progbits
 129              		.align	1
 130              		.global	USB_FlushRxFifo
 131              		.syntax unified
 132              		.thumb
 133              		.thumb_func
 134              		.fpu softvfp
 136              	USB_FlushRxFifo:
 137              		@ args = 0, pretend = 0, frame = 0
 138              		@ frame_needed = 0, uses_anonymous_args = 0
 139              		@ link register save eliminated.
 140 0000 0020     		movs	r0, #0
 141 0002 7047     		bx	lr
 143              		.section	.text.USB_ActivateEndpoint,"ax",%progbits
 144              		.align	1
 145              		.global	USB_ActivateEndpoint
 146              		.syntax unified
 147              		.thumb
 148              		.thumb_func
 149              		.fpu softvfp
 151              	USB_ActivateEndpoint:
 152              		@ args = 0, pretend = 0, frame = 0
 153              		@ frame_needed = 0, uses_anonymous_args = 0
 154              		@ link register save eliminated.
 155 0000 10B4     		push	{r4}
 156 0002 CB78     		ldrb	r3, [r1, #3]	@ zero_extendqisi2
 157 0004 032B     		cmp	r3, #3
 158 0006 0FD8     		bhi	.L11
 159 0008 DFE803F0 		tbb	[pc, r3]
 160              	.L13:
 161 000c 02       		.byte	(.L16-.L13)/2
 162 000d 6D       		.byte	(.L15-.L13)/2
 163 000e 54       		.byte	(.L14-.L13)/2
 164 000f 60       		.byte	(.L12-.L13)/2
 165              		.p2align 1
 166              	.L16:
 167 0010 0A78     		ldrb	r2, [r1]	@ zero_extendqisi2
 168 0012 30F82230 		ldrh	r3, [r0, r2, lsl #2]
 169 0016 9BB2     		uxth	r3, r3
 170 0018 23F4EC43 		bic	r3, r3, #30208
 171 001c 23F07003 		bic	r3, r3, #112
 172 0020 43F40073 		orr	r3, r3, #512
 173 0024 20F82230 		strh	r3, [r0, r2, lsl #2]	@ movhi
 174              	.L11:
 175 0028 0A78     		ldrb	r2, [r1]	@ zero_extendqisi2
 176 002a 30F82230 		ldrh	r3, [r0, r2, lsl #2]
 177 002e 23F0F003 		bic	r3, r3, #240
 178 0032 1B05     		lsls	r3, r3, #20
 179 0034 1B0D     		lsrs	r3, r3, #20
 180 0036 1343     		orrs	r3, r3, r2
 181 0038 43F40043 		orr	r3, r3, #32768
 182 003c 43F08003 		orr	r3, r3, #128
 183 0040 20F82230 		strh	r3, [r0, r2, lsl #2]	@ movhi
 184 0044 8B7A     		ldrb	r3, [r1, #10]	@ zero_extendqisi2
 185 0046 002B     		cmp	r3, #0
 186 0048 40F0AF80 		bne	.L17
ARM GAS  /tmp/ccssEE41.s 			page 4


 187 004c 4B78     		ldrb	r3, [r1, #1]	@ zero_extendqisi2
 188 004e 002B     		cmp	r3, #0
 189 0050 56D0     		beq	.L18
 190 0052 8A88     		ldrh	r2, [r1, #4]
 191 0054 5208     		lsrs	r2, r2, #1
 192 0056 B0F85030 		ldrh	r3, [r0, #80]
 193 005a 0C78     		ldrb	r4, [r1]	@ zero_extendqisi2
 194 005c 03EBC403 		add	r3, r3, r4, lsl #3
 195 0060 00EB4303 		add	r3, r0, r3, lsl #1
 196 0064 5200     		lsls	r2, r2, #1
 197 0066 C3F80024 		str	r2, [r3, #1024]
 198 006a 0A78     		ldrb	r2, [r1]	@ zero_extendqisi2
 199 006c 30F82230 		ldrh	r3, [r0, r2, lsl #2]
 200 0070 13F0400F 		tst	r3, #64
 201 0074 0BD0     		beq	.L19
 202 0076 30F82230 		ldrh	r3, [r0, r2, lsl #2]
 203 007a 23F0F003 		bic	r3, r3, #240
 204 007e 1B05     		lsls	r3, r3, #20
 205 0080 1B0D     		lsrs	r3, r3, #20
 206 0082 43F40043 		orr	r3, r3, #32768
 207 0086 43F0C003 		orr	r3, r3, #192
 208 008a 20F82230 		strh	r3, [r0, r2, lsl #2]	@ movhi
 209              	.L19:
 210 008e 0A78     		ldrb	r2, [r1]	@ zero_extendqisi2
 211 0090 30F82230 		ldrh	r3, [r0, r2, lsl #2]
 212 0094 9BB2     		uxth	r3, r3
 213 0096 23F4E043 		bic	r3, r3, #28672
 214 009a 23F04003 		bic	r3, r3, #64
 215 009e 83F02003 		eor	r3, r3, #32
 216 00a2 43F40043 		orr	r3, r3, #32768
 217 00a6 43F08003 		orr	r3, r3, #128
 218 00aa 20F82230 		strh	r3, [r0, r2, lsl #2]	@ movhi
 219              	.L20:
 220 00ae 0020     		movs	r0, #0
 221 00b0 10BC     		pop	{r4}
 222 00b2 7047     		bx	lr
 223              	.L14:
 224 00b4 0A78     		ldrb	r2, [r1]	@ zero_extendqisi2
 225 00b6 30F82230 		ldrh	r3, [r0, r2, lsl #2]
 226 00ba 9BB2     		uxth	r3, r3
 227 00bc 23F4EC43 		bic	r3, r3, #30208
 228 00c0 23F07003 		bic	r3, r3, #112
 229 00c4 9BB2     		uxth	r3, r3
 230 00c6 20F82230 		strh	r3, [r0, r2, lsl #2]	@ movhi
 231 00ca ADE7     		b	.L11
 232              	.L12:
 233 00cc 0A78     		ldrb	r2, [r1]	@ zero_extendqisi2
 234 00ce 30F82230 		ldrh	r3, [r0, r2, lsl #2]
 235 00d2 9BB2     		uxth	r3, r3
 236 00d4 23F4EC43 		bic	r3, r3, #30208
 237 00d8 23F07003 		bic	r3, r3, #112
 238 00dc 43F4C063 		orr	r3, r3, #1536
 239 00e0 20F82230 		strh	r3, [r0, r2, lsl #2]	@ movhi
 240 00e4 A0E7     		b	.L11
 241              	.L15:
 242 00e6 0A78     		ldrb	r2, [r1]	@ zero_extendqisi2
 243 00e8 30F82230 		ldrh	r3, [r0, r2, lsl #2]
ARM GAS  /tmp/ccssEE41.s 			page 5


 244 00ec 9BB2     		uxth	r3, r3
 245 00ee 23F4EC43 		bic	r3, r3, #30208
 246 00f2 23F07003 		bic	r3, r3, #112
 247 00f6 43F48063 		orr	r3, r3, #1024
 248 00fa 20F82230 		strh	r3, [r0, r2, lsl #2]	@ movhi
 249 00fe 93E7     		b	.L11
 250              	.L18:
 251 0100 8A88     		ldrh	r2, [r1, #4]
 252 0102 5208     		lsrs	r2, r2, #1
 253 0104 B0F85030 		ldrh	r3, [r0, #80]
 254 0108 0C78     		ldrb	r4, [r1]	@ zero_extendqisi2
 255 010a 03EBC403 		add	r3, r3, r4, lsl #3
 256 010e 0433     		adds	r3, r3, #4
 257 0110 00EB4303 		add	r3, r0, r3, lsl #1
 258 0114 5200     		lsls	r2, r2, #1
 259 0116 C3F80024 		str	r2, [r3, #1024]
 260 011a B0F85030 		ldrh	r3, [r0, #80]
 261 011e 0A78     		ldrb	r2, [r1]	@ zero_extendqisi2
 262 0120 03EBC203 		add	r3, r3, r2, lsl #3
 263 0124 0633     		adds	r3, r3, #6
 264 0126 00EB4303 		add	r3, r0, r3, lsl #1
 265 012a 0C69     		ldr	r4, [r1, #16]
 266 012c 3E2C     		cmp	r4, #62
 267 012e 30D9     		bls	.L21
 268 0130 C4F34F12 		ubfx	r2, r4, #5, #16
 269 0134 14F01F0F 		tst	r4, #31
 270 0138 01D1     		bne	.L22
 271 013a 013A     		subs	r2, r2, #1
 272 013c 92B2     		uxth	r2, r2
 273              	.L22:
 274 013e 6FEAC262 		mvn	r2, r2, lsl #27
 275 0142 6FEA5242 		mvn	r2, r2, lsr #17
 276 0146 92B2     		uxth	r2, r2
 277 0148 C3F80024 		str	r2, [r3, #1024]
 278              	.L23:
 279 014c 0A78     		ldrb	r2, [r1]	@ zero_extendqisi2
 280 014e 30F82230 		ldrh	r3, [r0, r2, lsl #2]
 281 0152 13F4804F 		tst	r3, #16384
 282 0156 0BD0     		beq	.L25
 283 0158 30F82230 		ldrh	r3, [r0, r2, lsl #2]
 284 015c 23F0F003 		bic	r3, r3, #240
 285 0160 1B05     		lsls	r3, r3, #20
 286 0162 1B0D     		lsrs	r3, r3, #20
 287 0164 43F44043 		orr	r3, r3, #49152
 288 0168 43F08003 		orr	r3, r3, #128
 289 016c 20F82230 		strh	r3, [r0, r2, lsl #2]	@ movhi
 290              	.L25:
 291 0170 0A78     		ldrb	r2, [r1]	@ zero_extendqisi2
 292 0172 30F82230 		ldrh	r3, [r0, r2, lsl #2]
 293 0176 9BB2     		uxth	r3, r3
 294 0178 23F48043 		bic	r3, r3, #16384
 295 017c 23F07003 		bic	r3, r3, #112
 296 0180 83F44053 		eor	r3, r3, #12288
 297 0184 43F40043 		orr	r3, r3, #32768
 298 0188 43F08003 		orr	r3, r3, #128
 299 018c 20F82230 		strh	r3, [r0, r2, lsl #2]	@ movhi
 300 0190 8DE7     		b	.L20
ARM GAS  /tmp/ccssEE41.s 			page 6


 301              	.L21:
 302 0192 C4F34F02 		ubfx	r2, r4, #1, #16
 303 0196 14F0010F 		tst	r4, #1
 304 019a 01D0     		beq	.L24
 305 019c 0132     		adds	r2, r2, #1
 306 019e 92B2     		uxth	r2, r2
 307              	.L24:
 308 01a0 9202     		lsls	r2, r2, #10
 309 01a2 92B2     		uxth	r2, r2
 310 01a4 C3F80024 		str	r2, [r3, #1024]
 311 01a8 D0E7     		b	.L23
 312              	.L17:
 313 01aa 0A78     		ldrb	r2, [r1]	@ zero_extendqisi2
 314 01ac 30F82230 		ldrh	r3, [r0, r2, lsl #2]
 315 01b0 23F4F873 		bic	r3, r3, #496
 316 01b4 1B05     		lsls	r3, r3, #20
 317 01b6 1B0D     		lsrs	r3, r3, #20
 318 01b8 43F40143 		orr	r3, r3, #33024
 319 01bc 43F08003 		orr	r3, r3, #128
 320 01c0 20F82230 		strh	r3, [r0, r2, lsl #2]	@ movhi
 321 01c4 CA88     		ldrh	r2, [r1, #6]
 322 01c6 5208     		lsrs	r2, r2, #1
 323 01c8 B0F85030 		ldrh	r3, [r0, #80]
 324 01cc 0C78     		ldrb	r4, [r1]	@ zero_extendqisi2
 325 01ce 03EBC403 		add	r3, r3, r4, lsl #3
 326 01d2 00EB4303 		add	r3, r0, r3, lsl #1
 327 01d6 5200     		lsls	r2, r2, #1
 328 01d8 C3F80024 		str	r2, [r3, #1024]
 329 01dc 0A89     		ldrh	r2, [r1, #8]
 330 01de 5208     		lsrs	r2, r2, #1
 331 01e0 B0F85030 		ldrh	r3, [r0, #80]
 332 01e4 0C78     		ldrb	r4, [r1]	@ zero_extendqisi2
 333 01e6 03EBC403 		add	r3, r3, r4, lsl #3
 334 01ea 0433     		adds	r3, r3, #4
 335 01ec 00EB4303 		add	r3, r0, r3, lsl #1
 336 01f0 5200     		lsls	r2, r2, #1
 337 01f2 C3F80024 		str	r2, [r3, #1024]
 338 01f6 4B78     		ldrb	r3, [r1, #1]	@ zero_extendqisi2
 339 01f8 002B     		cmp	r3, #0
 340 01fa 4BD1     		bne	.L26
 341 01fc 0A78     		ldrb	r2, [r1]	@ zero_extendqisi2
 342 01fe 30F82230 		ldrh	r3, [r0, r2, lsl #2]
 343 0202 13F4804F 		tst	r3, #16384
 344 0206 0BD0     		beq	.L27
 345 0208 30F82230 		ldrh	r3, [r0, r2, lsl #2]
 346 020c 23F0F003 		bic	r3, r3, #240
 347 0210 1B05     		lsls	r3, r3, #20
 348 0212 1B0D     		lsrs	r3, r3, #20
 349 0214 43F44043 		orr	r3, r3, #49152
 350 0218 43F08003 		orr	r3, r3, #128
 351 021c 20F82230 		strh	r3, [r0, r2, lsl #2]	@ movhi
 352              	.L27:
 353 0220 0A78     		ldrb	r2, [r1]	@ zero_extendqisi2
 354 0222 30F82230 		ldrh	r3, [r0, r2, lsl #2]
 355 0226 13F0400F 		tst	r3, #64
 356 022a 0BD0     		beq	.L28
 357 022c 30F82230 		ldrh	r3, [r0, r2, lsl #2]
ARM GAS  /tmp/ccssEE41.s 			page 7


 358 0230 23F0F003 		bic	r3, r3, #240
 359 0234 1B05     		lsls	r3, r3, #20
 360 0236 1B0D     		lsrs	r3, r3, #20
 361 0238 43F40043 		orr	r3, r3, #32768
 362 023c 43F0C003 		orr	r3, r3, #192
 363 0240 20F82230 		strh	r3, [r0, r2, lsl #2]	@ movhi
 364              	.L28:
 365 0244 0A78     		ldrb	r2, [r1]	@ zero_extendqisi2
 366 0246 30F82230 		ldrh	r3, [r0, r2, lsl #2]
 367 024a 23F0F003 		bic	r3, r3, #240
 368 024e 1B05     		lsls	r3, r3, #20
 369 0250 1B0D     		lsrs	r3, r3, #20
 370 0252 43F40043 		orr	r3, r3, #32768
 371 0256 43F0C003 		orr	r3, r3, #192
 372 025a 20F82230 		strh	r3, [r0, r2, lsl #2]	@ movhi
 373 025e 0A78     		ldrb	r2, [r1]	@ zero_extendqisi2
 374 0260 30F82230 		ldrh	r3, [r0, r2, lsl #2]
 375 0264 9BB2     		uxth	r3, r3
 376 0266 23F48043 		bic	r3, r3, #16384
 377 026a 23F07003 		bic	r3, r3, #112
 378 026e 83F44053 		eor	r3, r3, #12288
 379 0272 48F28004 		movw	r4, #32896
 380 0276 2343     		orrs	r3, r3, r4
 381 0278 20F82230 		strh	r3, [r0, r2, lsl #2]	@ movhi
 382 027c 0A78     		ldrb	r2, [r1]	@ zero_extendqisi2
 383 027e 30F82230 		ldrh	r3, [r0, r2, lsl #2]
 384 0282 9BB2     		uxth	r3, r3
 385 0284 23F4E043 		bic	r3, r3, #28672
 386 0288 23F04003 		bic	r3, r3, #64
 387 028c 2343     		orrs	r3, r3, r4
 388 028e 20F82230 		strh	r3, [r0, r2, lsl #2]	@ movhi
 389 0292 0CE7     		b	.L20
 390              	.L26:
 391 0294 0A78     		ldrb	r2, [r1]	@ zero_extendqisi2
 392 0296 30F82230 		ldrh	r3, [r0, r2, lsl #2]
 393 029a 13F4804F 		tst	r3, #16384
 394 029e 0BD0     		beq	.L29
 395 02a0 30F82230 		ldrh	r3, [r0, r2, lsl #2]
 396 02a4 23F0F003 		bic	r3, r3, #240
 397 02a8 1B05     		lsls	r3, r3, #20
 398 02aa 1B0D     		lsrs	r3, r3, #20
 399 02ac 43F44043 		orr	r3, r3, #49152
 400 02b0 43F08003 		orr	r3, r3, #128
 401 02b4 20F82230 		strh	r3, [r0, r2, lsl #2]	@ movhi
 402              	.L29:
 403 02b8 0A78     		ldrb	r2, [r1]	@ zero_extendqisi2
 404 02ba 30F82230 		ldrh	r3, [r0, r2, lsl #2]
 405 02be 13F0400F 		tst	r3, #64
 406 02c2 0BD0     		beq	.L30
 407 02c4 30F82230 		ldrh	r3, [r0, r2, lsl #2]
 408 02c8 23F0F003 		bic	r3, r3, #240
 409 02cc 1B05     		lsls	r3, r3, #20
 410 02ce 1B0D     		lsrs	r3, r3, #20
 411 02d0 43F40043 		orr	r3, r3, #32768
 412 02d4 43F0C003 		orr	r3, r3, #192
 413 02d8 20F82230 		strh	r3, [r0, r2, lsl #2]	@ movhi
 414              	.L30:
ARM GAS  /tmp/ccssEE41.s 			page 8


 415 02dc 0A78     		ldrb	r2, [r1]	@ zero_extendqisi2
 416 02de 30F82230 		ldrh	r3, [r0, r2, lsl #2]
 417 02e2 23F0F003 		bic	r3, r3, #240
 418 02e6 1B05     		lsls	r3, r3, #20
 419 02e8 1B0D     		lsrs	r3, r3, #20
 420 02ea 43F44043 		orr	r3, r3, #49152
 421 02ee 43F08003 		orr	r3, r3, #128
 422 02f2 20F82230 		strh	r3, [r0, r2, lsl #2]	@ movhi
 423 02f6 0B78     		ldrb	r3, [r1]	@ zero_extendqisi2
 424 02f8 30F82320 		ldrh	r2, [r0, r3, lsl #2]
 425 02fc 92B2     		uxth	r2, r2
 426 02fe 22F4E042 		bic	r2, r2, #28672
 427 0302 22F04002 		bic	r2, r2, #64
 428 0306 48F28004 		movw	r4, #32896
 429 030a 2243     		orrs	r2, r2, r4
 430 030c 20F82320 		strh	r2, [r0, r3, lsl #2]	@ movhi
 431 0310 0A78     		ldrb	r2, [r1]	@ zero_extendqisi2
 432 0312 30F82230 		ldrh	r3, [r0, r2, lsl #2]
 433 0316 9BB2     		uxth	r3, r3
 434 0318 23F48043 		bic	r3, r3, #16384
 435 031c 23F07003 		bic	r3, r3, #112
 436 0320 2343     		orrs	r3, r3, r4
 437 0322 20F82230 		strh	r3, [r0, r2, lsl #2]	@ movhi
 438 0326 C2E6     		b	.L20
 440              		.section	.text.USB_DeactivateEndpoint,"ax",%progbits
 441              		.align	1
 442              		.global	USB_DeactivateEndpoint
 443              		.syntax unified
 444              		.thumb
 445              		.thumb_func
 446              		.fpu softvfp
 448              	USB_DeactivateEndpoint:
 449              		@ args = 0, pretend = 0, frame = 0
 450              		@ frame_needed = 0, uses_anonymous_args = 0
 451              		@ link register save eliminated.
 452 0000 8B7A     		ldrb	r3, [r1, #10]	@ zero_extendqisi2
 453 0002 002B     		cmp	r3, #0
 454 0004 44D1     		bne	.L33
 455 0006 4B78     		ldrb	r3, [r1, #1]	@ zero_extendqisi2
 456 0008 0BB3     		cbz	r3, .L34
 457 000a 0A78     		ldrb	r2, [r1]	@ zero_extendqisi2
 458 000c 30F82230 		ldrh	r3, [r0, r2, lsl #2]
 459 0010 13F0400F 		tst	r3, #64
 460 0014 0BD0     		beq	.L35
 461 0016 30F82230 		ldrh	r3, [r0, r2, lsl #2]
 462 001a 23F0F003 		bic	r3, r3, #240
 463 001e 1B05     		lsls	r3, r3, #20
 464 0020 1B0D     		lsrs	r3, r3, #20
 465 0022 43F40043 		orr	r3, r3, #32768
 466 0026 43F0C003 		orr	r3, r3, #192
 467 002a 20F82230 		strh	r3, [r0, r2, lsl #2]	@ movhi
 468              	.L35:
 469 002e 0A78     		ldrb	r2, [r1]	@ zero_extendqisi2
 470 0030 30F82230 		ldrh	r3, [r0, r2, lsl #2]
 471 0034 9BB2     		uxth	r3, r3
 472 0036 23F4E043 		bic	r3, r3, #28672
 473 003a 23F04003 		bic	r3, r3, #64
ARM GAS  /tmp/ccssEE41.s 			page 9


 474 003e 43F40043 		orr	r3, r3, #32768
 475 0042 43F08003 		orr	r3, r3, #128
 476 0046 20F82230 		strh	r3, [r0, r2, lsl #2]	@ movhi
 477              	.L44:
 478 004a 0020     		movs	r0, #0
 479 004c 7047     		bx	lr
 480              	.L34:
 481 004e 0A78     		ldrb	r2, [r1]	@ zero_extendqisi2
 482 0050 30F82230 		ldrh	r3, [r0, r2, lsl #2]
 483 0054 13F4804F 		tst	r3, #16384
 484 0058 0BD0     		beq	.L37
 485 005a 30F82230 		ldrh	r3, [r0, r2, lsl #2]
 486 005e 23F0F003 		bic	r3, r3, #240
 487 0062 1B05     		lsls	r3, r3, #20
 488 0064 1B0D     		lsrs	r3, r3, #20
 489 0066 43F44043 		orr	r3, r3, #49152
 490 006a 43F08003 		orr	r3, r3, #128
 491 006e 20F82230 		strh	r3, [r0, r2, lsl #2]	@ movhi
 492              	.L37:
 493 0072 0A78     		ldrb	r2, [r1]	@ zero_extendqisi2
 494 0074 30F82230 		ldrh	r3, [r0, r2, lsl #2]
 495 0078 9BB2     		uxth	r3, r3
 496 007a 23F48043 		bic	r3, r3, #16384
 497 007e 23F07003 		bic	r3, r3, #112
 498 0082 43F40043 		orr	r3, r3, #32768
 499 0086 43F08003 		orr	r3, r3, #128
 500 008a 20F82230 		strh	r3, [r0, r2, lsl #2]	@ movhi
 501 008e DCE7     		b	.L44
 502              	.L33:
 503 0090 10B4     		push	{r4}
 504 0092 4B78     		ldrb	r3, [r1, #1]	@ zero_extendqisi2
 505 0094 002B     		cmp	r3, #0
 506 0096 4BD1     		bne	.L38
 507 0098 0A78     		ldrb	r2, [r1]	@ zero_extendqisi2
 508 009a 30F82230 		ldrh	r3, [r0, r2, lsl #2]
 509 009e 13F4804F 		tst	r3, #16384
 510 00a2 0BD0     		beq	.L39
 511 00a4 30F82230 		ldrh	r3, [r0, r2, lsl #2]
 512 00a8 23F0F003 		bic	r3, r3, #240
 513 00ac 1B05     		lsls	r3, r3, #20
 514 00ae 1B0D     		lsrs	r3, r3, #20
 515 00b0 43F44043 		orr	r3, r3, #49152
 516 00b4 43F08003 		orr	r3, r3, #128
 517 00b8 20F82230 		strh	r3, [r0, r2, lsl #2]	@ movhi
 518              	.L39:
 519 00bc 0A78     		ldrb	r2, [r1]	@ zero_extendqisi2
 520 00be 30F82230 		ldrh	r3, [r0, r2, lsl #2]
 521 00c2 13F0400F 		tst	r3, #64
 522 00c6 0BD0     		beq	.L40
 523 00c8 30F82230 		ldrh	r3, [r0, r2, lsl #2]
 524 00cc 23F0F003 		bic	r3, r3, #240
 525 00d0 1B05     		lsls	r3, r3, #20
 526 00d2 1B0D     		lsrs	r3, r3, #20
 527 00d4 43F40043 		orr	r3, r3, #32768
 528 00d8 43F0C003 		orr	r3, r3, #192
 529 00dc 20F82230 		strh	r3, [r0, r2, lsl #2]	@ movhi
 530              	.L40:
ARM GAS  /tmp/ccssEE41.s 			page 10


 531 00e0 0A78     		ldrb	r2, [r1]	@ zero_extendqisi2
 532 00e2 30F82230 		ldrh	r3, [r0, r2, lsl #2]
 533 00e6 23F0F003 		bic	r3, r3, #240
 534 00ea 1B05     		lsls	r3, r3, #20
 535 00ec 1B0D     		lsrs	r3, r3, #20
 536 00ee 43F40043 		orr	r3, r3, #32768
 537 00f2 43F0C003 		orr	r3, r3, #192
 538 00f6 20F82230 		strh	r3, [r0, r2, lsl #2]	@ movhi
 539 00fa 0B78     		ldrb	r3, [r1]	@ zero_extendqisi2
 540 00fc 30F82320 		ldrh	r2, [r0, r3, lsl #2]
 541 0100 92B2     		uxth	r2, r2
 542 0102 22F48042 		bic	r2, r2, #16384
 543 0106 22F07002 		bic	r2, r2, #112
 544 010a 48F28004 		movw	r4, #32896
 545 010e 2243     		orrs	r2, r2, r4
 546 0110 20F82320 		strh	r2, [r0, r3, lsl #2]	@ movhi
 547 0114 0A78     		ldrb	r2, [r1]	@ zero_extendqisi2
 548 0116 30F82230 		ldrh	r3, [r0, r2, lsl #2]
 549 011a 9BB2     		uxth	r3, r3
 550 011c 23F4E043 		bic	r3, r3, #28672
 551 0120 23F04003 		bic	r3, r3, #64
 552 0124 2343     		orrs	r3, r3, r4
 553 0126 20F82230 		strh	r3, [r0, r2, lsl #2]	@ movhi
 554              	.L36:
 555 012a 0020     		movs	r0, #0
 556 012c 10BC     		pop	{r4}
 557 012e 7047     		bx	lr
 558              	.L38:
 559 0130 0A78     		ldrb	r2, [r1]	@ zero_extendqisi2
 560 0132 30F82230 		ldrh	r3, [r0, r2, lsl #2]
 561 0136 13F4804F 		tst	r3, #16384
 562 013a 0BD0     		beq	.L41
 563 013c 30F82230 		ldrh	r3, [r0, r2, lsl #2]
 564 0140 23F0F003 		bic	r3, r3, #240
 565 0144 1B05     		lsls	r3, r3, #20
 566 0146 1B0D     		lsrs	r3, r3, #20
 567 0148 43F44043 		orr	r3, r3, #49152
 568 014c 43F08003 		orr	r3, r3, #128
 569 0150 20F82230 		strh	r3, [r0, r2, lsl #2]	@ movhi
 570              	.L41:
 571 0154 0A78     		ldrb	r2, [r1]	@ zero_extendqisi2
 572 0156 30F82230 		ldrh	r3, [r0, r2, lsl #2]
 573 015a 13F0400F 		tst	r3, #64
 574 015e 0BD0     		beq	.L42
 575 0160 30F82230 		ldrh	r3, [r0, r2, lsl #2]
 576 0164 23F0F003 		bic	r3, r3, #240
 577 0168 1B05     		lsls	r3, r3, #20
 578 016a 1B0D     		lsrs	r3, r3, #20
 579 016c 43F40043 		orr	r3, r3, #32768
 580 0170 43F0C003 		orr	r3, r3, #192
 581 0174 20F82230 		strh	r3, [r0, r2, lsl #2]	@ movhi
 582              	.L42:
 583 0178 0A78     		ldrb	r2, [r1]	@ zero_extendqisi2
 584 017a 30F82230 		ldrh	r3, [r0, r2, lsl #2]
 585 017e 23F0F003 		bic	r3, r3, #240
 586 0182 1B05     		lsls	r3, r3, #20
 587 0184 1B0D     		lsrs	r3, r3, #20
ARM GAS  /tmp/ccssEE41.s 			page 11


 588 0186 43F44043 		orr	r3, r3, #49152
 589 018a 43F08003 		orr	r3, r3, #128
 590 018e 20F82230 		strh	r3, [r0, r2, lsl #2]	@ movhi
 591 0192 0B78     		ldrb	r3, [r1]	@ zero_extendqisi2
 592 0194 30F82320 		ldrh	r2, [r0, r3, lsl #2]
 593 0198 92B2     		uxth	r2, r2
 594 019a 22F4E042 		bic	r2, r2, #28672
 595 019e 22F04002 		bic	r2, r2, #64
 596 01a2 48F28004 		movw	r4, #32896
 597 01a6 2243     		orrs	r2, r2, r4
 598 01a8 20F82320 		strh	r2, [r0, r3, lsl #2]	@ movhi
 599 01ac 0A78     		ldrb	r2, [r1]	@ zero_extendqisi2
 600 01ae 30F82230 		ldrh	r3, [r0, r2, lsl #2]
 601 01b2 9BB2     		uxth	r3, r3
 602 01b4 23F48043 		bic	r3, r3, #16384
 603 01b8 23F07003 		bic	r3, r3, #112
 604 01bc 2343     		orrs	r3, r3, r4
 605 01be 20F82230 		strh	r3, [r0, r2, lsl #2]	@ movhi
 606 01c2 B2E7     		b	.L36
 608              		.section	.text.USB_WritePacket,"ax",%progbits
 609              		.align	1
 610              		.global	USB_WritePacket
 611              		.syntax unified
 612              		.thumb
 613              		.thumb_func
 614              		.fpu softvfp
 616              	USB_WritePacket:
 617              		@ args = 0, pretend = 0, frame = 0
 618              		@ frame_needed = 0, uses_anonymous_args = 0
 619              		@ link register save eliminated.
 620 0000 0020     		movs	r0, #0
 621 0002 7047     		bx	lr
 623              		.section	.text.USB_ReadPacket,"ax",%progbits
 624              		.align	1
 625              		.global	USB_ReadPacket
 626              		.syntax unified
 627              		.thumb
 628              		.thumb_func
 629              		.fpu softvfp
 631              	USB_ReadPacket:
 632              		@ args = 0, pretend = 0, frame = 0
 633              		@ frame_needed = 0, uses_anonymous_args = 0
 634              		@ link register save eliminated.
 635 0000 0020     		movs	r0, #0
 636 0002 7047     		bx	lr
 638              		.section	.text.USB_EPSetStall,"ax",%progbits
 639              		.align	1
 640              		.global	USB_EPSetStall
 641              		.syntax unified
 642              		.thumb
 643              		.thumb_func
 644              		.fpu softvfp
 646              	USB_EPSetStall:
 647              		@ args = 0, pretend = 0, frame = 0
 648              		@ frame_needed = 0, uses_anonymous_args = 0
 649              		@ link register save eliminated.
 650 0000 0A78     		ldrb	r2, [r1]	@ zero_extendqisi2
ARM GAS  /tmp/ccssEE41.s 			page 12


 651 0002 92B9     		cbnz	r2, .L49
 652 0004 30F82230 		ldrh	r3, [r0, r2, lsl #2]
 653 0008 9BB2     		uxth	r3, r3
 654 000a 23F48043 		bic	r3, r3, #16384
 655 000e 23F04003 		bic	r3, r3, #64
 656 0012 83F48053 		eor	r3, r3, #4096
 657 0016 83F01003 		eor	r3, r3, #16
 658 001a 43F40043 		orr	r3, r3, #32768
 659 001e 43F08003 		orr	r3, r3, #128
 660 0022 20F82230 		strh	r3, [r0, r2, lsl #2]	@ movhi
 661              	.L50:
 662 0026 0020     		movs	r0, #0
 663 0028 7047     		bx	lr
 664              	.L49:
 665 002a 4B78     		ldrb	r3, [r1, #1]	@ zero_extendqisi2
 666 002c 7BB1     		cbz	r3, .L51
 667 002e 30F82230 		ldrh	r3, [r0, r2, lsl #2]
 668 0032 9BB2     		uxth	r3, r3
 669 0034 23F4E043 		bic	r3, r3, #28672
 670 0038 23F04003 		bic	r3, r3, #64
 671 003c 83F01003 		eor	r3, r3, #16
 672 0040 43F40043 		orr	r3, r3, #32768
 673 0044 43F08003 		orr	r3, r3, #128
 674 0048 20F82230 		strh	r3, [r0, r2, lsl #2]	@ movhi
 675 004c EBE7     		b	.L50
 676              	.L51:
 677 004e 30F82230 		ldrh	r3, [r0, r2, lsl #2]
 678 0052 9BB2     		uxth	r3, r3
 679 0054 23F48043 		bic	r3, r3, #16384
 680 0058 23F07003 		bic	r3, r3, #112
 681 005c 83F48053 		eor	r3, r3, #4096
 682 0060 43F40043 		orr	r3, r3, #32768
 683 0064 43F08003 		orr	r3, r3, #128
 684 0068 20F82230 		strh	r3, [r0, r2, lsl #2]	@ movhi
 685 006c DBE7     		b	.L50
 687              		.section	.text.USB_EPClearStall,"ax",%progbits
 688              		.align	1
 689              		.global	USB_EPClearStall
 690              		.syntax unified
 691              		.thumb
 692              		.thumb_func
 693              		.fpu softvfp
 695              	USB_EPClearStall:
 696              		@ args = 0, pretend = 0, frame = 0
 697              		@ frame_needed = 0, uses_anonymous_args = 0
 698              		@ link register save eliminated.
 699 0000 4B78     		ldrb	r3, [r1, #1]	@ zero_extendqisi2
 700 0002 1BB3     		cbz	r3, .L53
 701 0004 0A78     		ldrb	r2, [r1]	@ zero_extendqisi2
 702 0006 30F82230 		ldrh	r3, [r0, r2, lsl #2]
 703 000a 13F0400F 		tst	r3, #64
 704 000e 0BD0     		beq	.L54
 705 0010 30F82230 		ldrh	r3, [r0, r2, lsl #2]
 706 0014 23F0F003 		bic	r3, r3, #240
 707 0018 1B05     		lsls	r3, r3, #20
 708 001a 1B0D     		lsrs	r3, r3, #20
 709 001c 43F40043 		orr	r3, r3, #32768
ARM GAS  /tmp/ccssEE41.s 			page 13


 710 0020 43F0C003 		orr	r3, r3, #192
 711 0024 20F82230 		strh	r3, [r0, r2, lsl #2]	@ movhi
 712              	.L54:
 713 0028 0A78     		ldrb	r2, [r1]	@ zero_extendqisi2
 714 002a 30F82230 		ldrh	r3, [r0, r2, lsl #2]
 715 002e 9BB2     		uxth	r3, r3
 716 0030 23F4E043 		bic	r3, r3, #28672
 717 0034 23F04003 		bic	r3, r3, #64
 718 0038 83F03003 		eor	r3, r3, #48
 719 003c 43F40043 		orr	r3, r3, #32768
 720 0040 43F08003 		orr	r3, r3, #128
 721 0044 20F82230 		strh	r3, [r0, r2, lsl #2]	@ movhi
 722              	.L55:
 723 0048 0020     		movs	r0, #0
 724 004a 7047     		bx	lr
 725              	.L53:
 726 004c 0A78     		ldrb	r2, [r1]	@ zero_extendqisi2
 727 004e 30F82230 		ldrh	r3, [r0, r2, lsl #2]
 728 0052 13F4804F 		tst	r3, #16384
 729 0056 0BD0     		beq	.L56
 730 0058 30F82230 		ldrh	r3, [r0, r2, lsl #2]
 731 005c 23F0F003 		bic	r3, r3, #240
 732 0060 1B05     		lsls	r3, r3, #20
 733 0062 1B0D     		lsrs	r3, r3, #20
 734 0064 43F44043 		orr	r3, r3, #49152
 735 0068 43F08003 		orr	r3, r3, #128
 736 006c 20F82230 		strh	r3, [r0, r2, lsl #2]	@ movhi
 737              	.L56:
 738 0070 0A78     		ldrb	r2, [r1]	@ zero_extendqisi2
 739 0072 30F82230 		ldrh	r3, [r0, r2, lsl #2]
 740 0076 9BB2     		uxth	r3, r3
 741 0078 23F48043 		bic	r3, r3, #16384
 742 007c 23F07003 		bic	r3, r3, #112
 743 0080 83F44053 		eor	r3, r3, #12288
 744 0084 43F40043 		orr	r3, r3, #32768
 745 0088 43F08003 		orr	r3, r3, #128
 746 008c 20F82230 		strh	r3, [r0, r2, lsl #2]	@ movhi
 747 0090 DAE7     		b	.L55
 749              		.section	.text.USB_StopDevice,"ax",%progbits
 750              		.align	1
 751              		.global	USB_StopDevice
 752              		.syntax unified
 753              		.thumb
 754              		.thumb_func
 755              		.fpu softvfp
 757              	USB_StopDevice:
 758              		@ args = 0, pretend = 0, frame = 0
 759              		@ frame_needed = 0, uses_anonymous_args = 0
 760              		@ link register save eliminated.
 761 0000 0346     		mov	r3, r0
 762 0002 0122     		movs	r2, #1
 763 0004 A0F84020 		strh	r2, [r0, #64]	@ movhi
 764 0008 0020     		movs	r0, #0
 765 000a A3F84400 		strh	r0, [r3, #68]	@ movhi
 766 000e 0322     		movs	r2, #3
 767 0010 A3F84020 		strh	r2, [r3, #64]	@ movhi
 768 0014 7047     		bx	lr
ARM GAS  /tmp/ccssEE41.s 			page 14


 770              		.section	.text.USB_SetDevAddress,"ax",%progbits
 771              		.align	1
 772              		.global	USB_SetDevAddress
 773              		.syntax unified
 774              		.thumb
 775              		.thumb_func
 776              		.fpu softvfp
 778              	USB_SetDevAddress:
 779              		@ args = 0, pretend = 0, frame = 0
 780              		@ frame_needed = 0, uses_anonymous_args = 0
 781              		@ link register save eliminated.
 782 0000 11B9     		cbnz	r1, .L59
 783 0002 8023     		movs	r3, #128
 784 0004 A0F84C30 		strh	r3, [r0, #76]	@ movhi
 785              	.L59:
 786 0008 0020     		movs	r0, #0
 787 000a 7047     		bx	lr
 789              		.section	.text.USB_DevConnect,"ax",%progbits
 790              		.align	1
 791              		.global	USB_DevConnect
 792              		.syntax unified
 793              		.thumb
 794              		.thumb_func
 795              		.fpu softvfp
 797              	USB_DevConnect:
 798              		@ args = 0, pretend = 0, frame = 0
 799              		@ frame_needed = 0, uses_anonymous_args = 0
 800              		@ link register save eliminated.
 801 0000 0020     		movs	r0, #0
 802 0002 7047     		bx	lr
 804              		.section	.text.USB_DevDisconnect,"ax",%progbits
 805              		.align	1
 806              		.global	USB_DevDisconnect
 807              		.syntax unified
 808              		.thumb
 809              		.thumb_func
 810              		.fpu softvfp
 812              	USB_DevDisconnect:
 813              		@ args = 0, pretend = 0, frame = 0
 814              		@ frame_needed = 0, uses_anonymous_args = 0
 815              		@ link register save eliminated.
 816 0000 0020     		movs	r0, #0
 817 0002 7047     		bx	lr
 819              		.section	.text.USB_ReadInterrupts,"ax",%progbits
 820              		.align	1
 821              		.global	USB_ReadInterrupts
 822              		.syntax unified
 823              		.thumb
 824              		.thumb_func
 825              		.fpu softvfp
 827              	USB_ReadInterrupts:
 828              		@ args = 0, pretend = 0, frame = 0
 829              		@ frame_needed = 0, uses_anonymous_args = 0
 830              		@ link register save eliminated.
 831 0000 B0F84400 		ldrh	r0, [r0, #68]
 832 0004 7047     		bx	lr
 834              		.section	.text.USB_ReadDevAllOutEpInterrupt,"ax",%progbits
ARM GAS  /tmp/ccssEE41.s 			page 15


 835              		.align	1
 836              		.global	USB_ReadDevAllOutEpInterrupt
 837              		.syntax unified
 838              		.thumb
 839              		.thumb_func
 840              		.fpu softvfp
 842              	USB_ReadDevAllOutEpInterrupt:
 843              		@ args = 0, pretend = 0, frame = 0
 844              		@ frame_needed = 0, uses_anonymous_args = 0
 845              		@ link register save eliminated.
 846 0000 0020     		movs	r0, #0
 847 0002 7047     		bx	lr
 849              		.section	.text.USB_ReadDevAllInEpInterrupt,"ax",%progbits
 850              		.align	1
 851              		.global	USB_ReadDevAllInEpInterrupt
 852              		.syntax unified
 853              		.thumb
 854              		.thumb_func
 855              		.fpu softvfp
 857              	USB_ReadDevAllInEpInterrupt:
 858              		@ args = 0, pretend = 0, frame = 0
 859              		@ frame_needed = 0, uses_anonymous_args = 0
 860              		@ link register save eliminated.
 861 0000 0020     		movs	r0, #0
 862 0002 7047     		bx	lr
 864              		.section	.text.USB_ReadDevOutEPInterrupt,"ax",%progbits
 865              		.align	1
 866              		.global	USB_ReadDevOutEPInterrupt
 867              		.syntax unified
 868              		.thumb
 869              		.thumb_func
 870              		.fpu softvfp
 872              	USB_ReadDevOutEPInterrupt:
 873              		@ args = 0, pretend = 0, frame = 0
 874              		@ frame_needed = 0, uses_anonymous_args = 0
 875              		@ link register save eliminated.
 876 0000 0020     		movs	r0, #0
 877 0002 7047     		bx	lr
 879              		.section	.text.USB_ReadDevInEPInterrupt,"ax",%progbits
 880              		.align	1
 881              		.global	USB_ReadDevInEPInterrupt
 882              		.syntax unified
 883              		.thumb
 884              		.thumb_func
 885              		.fpu softvfp
 887              	USB_ReadDevInEPInterrupt:
 888              		@ args = 0, pretend = 0, frame = 0
 889              		@ frame_needed = 0, uses_anonymous_args = 0
 890              		@ link register save eliminated.
 891 0000 0020     		movs	r0, #0
 892 0002 7047     		bx	lr
 894              		.section	.text.USB_ClearInterrupts,"ax",%progbits
 895              		.align	1
 896              		.global	USB_ClearInterrupts
 897              		.syntax unified
 898              		.thumb
 899              		.thumb_func
ARM GAS  /tmp/ccssEE41.s 			page 16


 900              		.fpu softvfp
 902              	USB_ClearInterrupts:
 903              		@ args = 0, pretend = 0, frame = 0
 904              		@ frame_needed = 0, uses_anonymous_args = 0
 905              		@ link register save eliminated.
 906 0000 7047     		bx	lr
 908              		.section	.text.USB_EP0_OutStart,"ax",%progbits
 909              		.align	1
 910              		.global	USB_EP0_OutStart
 911              		.syntax unified
 912              		.thumb
 913              		.thumb_func
 914              		.fpu softvfp
 916              	USB_EP0_OutStart:
 917              		@ args = 0, pretend = 0, frame = 0
 918              		@ frame_needed = 0, uses_anonymous_args = 0
 919              		@ link register save eliminated.
 920 0000 0020     		movs	r0, #0
 921 0002 7047     		bx	lr
 923              		.section	.text.USB_ActivateRemoteWakeup,"ax",%progbits
 924              		.align	1
 925              		.global	USB_ActivateRemoteWakeup
 926              		.syntax unified
 927              		.thumb
 928              		.thumb_func
 929              		.fpu softvfp
 931              	USB_ActivateRemoteWakeup:
 932              		@ args = 0, pretend = 0, frame = 0
 933              		@ frame_needed = 0, uses_anonymous_args = 0
 934              		@ link register save eliminated.
 935 0000 B0F84030 		ldrh	r3, [r0, #64]
 936 0004 43F01003 		orr	r3, r3, #16
 937 0008 A0F84030 		strh	r3, [r0, #64]	@ movhi
 938 000c 0020     		movs	r0, #0
 939 000e 7047     		bx	lr
 941              		.section	.text.USB_DeActivateRemoteWakeup,"ax",%progbits
 942              		.align	1
 943              		.global	USB_DeActivateRemoteWakeup
 944              		.syntax unified
 945              		.thumb
 946              		.thumb_func
 947              		.fpu softvfp
 949              	USB_DeActivateRemoteWakeup:
 950              		@ args = 0, pretend = 0, frame = 0
 951              		@ frame_needed = 0, uses_anonymous_args = 0
 952              		@ link register save eliminated.
 953 0000 B0F84030 		ldrh	r3, [r0, #64]
 954 0004 9BB2     		uxth	r3, r3
 955 0006 23F01003 		bic	r3, r3, #16
 956 000a 9BB2     		uxth	r3, r3
 957 000c A0F84030 		strh	r3, [r0, #64]	@ movhi
 958 0010 0020     		movs	r0, #0
 959 0012 7047     		bx	lr
 961              		.section	.text.USB_WritePMA,"ax",%progbits
 962              		.align	1
 963              		.global	USB_WritePMA
 964              		.syntax unified
ARM GAS  /tmp/ccssEE41.s 			page 17


 965              		.thumb
 966              		.thumb_func
 967              		.fpu softvfp
 969              	USB_WritePMA:
 970              		@ args = 0, pretend = 0, frame = 0
 971              		@ frame_needed = 0, uses_anonymous_args = 0
 972              		@ link register save eliminated.
 973 0000 0133     		adds	r3, r3, #1
 974 0002 5B10     		asrs	r3, r3, #1
 975 0004 00EB4202 		add	r2, r0, r2, lsl #1
 976 0008 02F58062 		add	r2, r2, #1024
 977 000c 63B1     		cbz	r3, .L77
 978 000e 10B4     		push	{r4}
 979              	.L73:
 980 0010 0C78     		ldrb	r4, [r1]	@ zero_extendqisi2
 981 0012 4878     		ldrb	r0, [r1, #1]	@ zero_extendqisi2
 982 0014 44EA0024 		orr	r4, r4, r0, lsl #8
 983 0018 22F8044B 		strh	r4, [r2], #4	@ movhi
 984 001c 0231     		adds	r1, r1, #2
 985 001e 013B     		subs	r3, r3, #1
 986 0020 002B     		cmp	r3, #0
 987 0022 F5D1     		bne	.L73
 988 0024 10BC     		pop	{r4}
 989 0026 7047     		bx	lr
 990              	.L77:
 991 0028 7047     		bx	lr
 993              		.section	.text.USB_EPStartXfer,"ax",%progbits
 994              		.align	1
 995              		.global	USB_EPStartXfer
 996              		.syntax unified
 997              		.thumb
 998              		.thumb_func
 999              		.fpu softvfp
 1001              	USB_EPStartXfer:
 1002              		@ args = 0, pretend = 0, frame = 0
 1003              		@ frame_needed = 0, uses_anonymous_args = 0
 1004 0000 F8B5     		push	{r3, r4, r5, r6, r7, lr}
 1005 0002 8A69     		ldr	r2, [r1, #24]
 1006 0004 4D78     		ldrb	r5, [r1, #1]	@ zero_extendqisi2
 1007 0006 012D     		cmp	r5, #1
 1008 0008 34D0     		beq	.L114
 1009 000a 0B69     		ldr	r3, [r1, #16]
 1010 000c 9342     		cmp	r3, r2
 1011 000e 80F0EA80 		bcs	.L98
 1012 0012 D21A     		subs	r2, r2, r3
 1013 0014 8A61     		str	r2, [r1, #24]
 1014              	.L99:
 1015 0016 8A7A     		ldrb	r2, [r1, #10]	@ zero_extendqisi2
 1016 0018 002A     		cmp	r2, #0
 1017 001a 40F0F480 		bne	.L100
 1018 001e B0F85020 		ldrh	r2, [r0, #80]
 1019 0022 0C78     		ldrb	r4, [r1]	@ zero_extendqisi2
 1020 0024 02EBC402 		add	r2, r2, r4, lsl #3
 1021 0028 0632     		adds	r2, r2, #6
 1022 002a 00EB4202 		add	r2, r0, r2, lsl #1
 1023 002e 3E2B     		cmp	r3, #62
 1024 0030 40F2DD80 		bls	.L101
ARM GAS  /tmp/ccssEE41.s 			page 18


 1025 0034 C3F34F14 		ubfx	r4, r3, #5, #16
 1026 0038 13F01F0F 		tst	r3, #31
 1027 003c 01D1     		bne	.L102
 1028 003e 013C     		subs	r4, r4, #1
 1029 0040 A4B2     		uxth	r4, r4
 1030              	.L102:
 1031 0042 6FEAC464 		mvn	r4, r4, lsl #27
 1032 0046 6FEA5444 		mvn	r4, r4, lsr #17
 1033 004a A4B2     		uxth	r4, r4
 1034 004c C2F80044 		str	r4, [r2, #1024]
 1035              	.L103:
 1036 0050 0A78     		ldrb	r2, [r1]	@ zero_extendqisi2
 1037 0052 30F82230 		ldrh	r3, [r0, r2, lsl #2]
 1038 0056 9BB2     		uxth	r3, r3
 1039 0058 23F48043 		bic	r3, r3, #16384
 1040 005c 23F07003 		bic	r3, r3, #112
 1041 0060 83F44053 		eor	r3, r3, #12288
 1042 0064 43F40043 		orr	r3, r3, #32768
 1043 0068 43F08003 		orr	r3, r3, #128
 1044 006c 20F82230 		strh	r3, [r0, r2, lsl #2]	@ movhi
 1045              	.L97:
 1046 0070 0020     		movs	r0, #0
 1047 0072 F8BD     		pop	{r3, r4, r5, r6, r7, pc}
 1048              	.L114:
 1049 0074 0F69     		ldr	r7, [r1, #16]
 1050 0076 9742     		cmp	r7, r2
 1051 0078 25D2     		bcs	.L80
 1052 007a D21B     		subs	r2, r2, r7
 1053 007c 8A61     		str	r2, [r1, #24]
 1054              	.L81:
 1055 007e 0E46     		mov	r6, r1
 1056 0080 0446     		mov	r4, r0
 1057 0082 8B7A     		ldrb	r3, [r1, #10]	@ zero_extendqisi2
 1058 0084 1BB3     		cbz	r3, .L115
 1059 0086 0B78     		ldrb	r3, [r1]	@ zero_extendqisi2
 1060 0088 30F82320 		ldrh	r2, [r0, r3, lsl #2]
 1061 008c 12F0400F 		tst	r2, #64
 1062 0090 69D0     		beq	.L84
 1063 0092 002D     		cmp	r5, #0
 1064 0094 37D1     		bne	.L85
 1065 0096 B0F85020 		ldrh	r2, [r0, #80]
 1066 009a 02EBC303 		add	r3, r2, r3, lsl #3
 1067 009e 0633     		adds	r3, r3, #6
 1068 00a0 00EB4303 		add	r3, r0, r3, lsl #1
 1069 00a4 3E2F     		cmp	r7, #62
 1070 00a6 22D9     		bls	.L86
 1071 00a8 C7F34F12 		ubfx	r2, r7, #5, #16
 1072 00ac 17F01F0F 		tst	r7, #31
 1073 00b0 01D1     		bne	.L87
 1074 00b2 013A     		subs	r2, r2, #1
 1075 00b4 92B2     		uxth	r2, r2
 1076              	.L87:
 1077 00b6 6FEAC262 		mvn	r2, r2, lsl #27
 1078 00ba 6FEA5242 		mvn	r2, r2, lsr #17
 1079 00be 92B2     		uxth	r2, r2
 1080 00c0 C3F80024 		str	r2, [r3, #1024]
 1081 00c4 28E0     		b	.L88
ARM GAS  /tmp/ccssEE41.s 			page 19


 1082              	.L80:
 1083 00c6 0023     		movs	r3, #0
 1084 00c8 8B61     		str	r3, [r1, #24]
 1085 00ca 1746     		mov	r7, r2
 1086 00cc D7E7     		b	.L81
 1087              	.L115:
 1088 00ce BBB2     		uxth	r3, r7
 1089 00d0 8A88     		ldrh	r2, [r1, #4]
 1090 00d2 4969     		ldr	r1, [r1, #20]
 1091 00d4 FFF7FEFF 		bl	USB_WritePMA
 1092 00d8 B4F85030 		ldrh	r3, [r4, #80]
 1093 00dc 3278     		ldrb	r2, [r6]	@ zero_extendqisi2
 1094 00de 03EBC203 		add	r3, r3, r2, lsl #3
 1095 00e2 0233     		adds	r3, r3, #2
 1096 00e4 04EB4303 		add	r3, r4, r3, lsl #1
 1097 00e8 C3F80074 		str	r7, [r3, #1024]
 1098 00ec 2AE0     		b	.L83
 1099              	.L86:
 1100 00ee C7F34F02 		ubfx	r2, r7, #1, #16
 1101 00f2 17F0010F 		tst	r7, #1
 1102 00f6 01D0     		beq	.L89
 1103 00f8 0132     		adds	r2, r2, #1
 1104 00fa 92B2     		uxth	r2, r2
 1105              	.L89:
 1106 00fc 9202     		lsls	r2, r2, #10
 1107 00fe 92B2     		uxth	r2, r2
 1108 0100 C3F80024 		str	r2, [r3, #1024]
 1109 0104 08E0     		b	.L88
 1110              	.L85:
 1111 0106 B0F85020 		ldrh	r2, [r0, #80]
 1112 010a 02EBC303 		add	r3, r2, r3, lsl #3
 1113 010e 0233     		adds	r3, r3, #2
 1114 0110 00EB4303 		add	r3, r0, r3, lsl #1
 1115 0114 C3F80074 		str	r7, [r3, #1024]
 1116              	.L88:
 1117 0118 3289     		ldrh	r2, [r6, #8]
 1118              	.L90:
 1119 011a BBB2     		uxth	r3, r7
 1120 011c 7169     		ldr	r1, [r6, #20]
 1121 011e 2046     		mov	r0, r4
 1122 0120 FFF7FEFF 		bl	USB_WritePMA
 1123 0124 7378     		ldrb	r3, [r6, #1]	@ zero_extendqisi2
 1124 0126 002B     		cmp	r3, #0
 1125 0128 4DD1     		bne	.L96
 1126 012a 3278     		ldrb	r2, [r6]	@ zero_extendqisi2
 1127 012c 34F82230 		ldrh	r3, [r4, r2, lsl #2]
 1128 0130 23F0F003 		bic	r3, r3, #240
 1129 0134 1B05     		lsls	r3, r3, #20
 1130 0136 1B0D     		lsrs	r3, r3, #20
 1131 0138 43F40043 		orr	r3, r3, #32768
 1132 013c 43F0C003 		orr	r3, r3, #192
 1133 0140 24F82230 		strh	r3, [r4, r2, lsl #2]	@ movhi
 1134              	.L83:
 1135 0144 3278     		ldrb	r2, [r6]	@ zero_extendqisi2
 1136 0146 34F82230 		ldrh	r3, [r4, r2, lsl #2]
 1137 014a 9BB2     		uxth	r3, r3
 1138 014c 23F4E043 		bic	r3, r3, #28672
ARM GAS  /tmp/ccssEE41.s 			page 20


 1139 0150 23F04003 		bic	r3, r3, #64
 1140 0154 83F03003 		eor	r3, r3, #48
 1141 0158 43F40043 		orr	r3, r3, #32768
 1142 015c 43F08003 		orr	r3, r3, #128
 1143 0160 24F82230 		strh	r3, [r4, r2, lsl #2]	@ movhi
 1144 0164 84E7     		b	.L97
 1145              	.L84:
 1146 0166 1DBB     		cbnz	r5, .L91
 1147 0168 B0F85020 		ldrh	r2, [r0, #80]
 1148 016c 02EBC303 		add	r3, r2, r3, lsl #3
 1149 0170 0233     		adds	r3, r3, #2
 1150 0172 00EB4303 		add	r3, r0, r3, lsl #1
 1151 0176 3E2F     		cmp	r7, #62
 1152 0178 0ED9     		bls	.L92
 1153 017a C7F34F12 		ubfx	r2, r7, #5, #16
 1154 017e 17F01F0F 		tst	r7, #31
 1155 0182 01D1     		bne	.L93
 1156 0184 013A     		subs	r2, r2, #1
 1157 0186 92B2     		uxth	r2, r2
 1158              	.L93:
 1159 0188 6FEAC262 		mvn	r2, r2, lsl #27
 1160 018c 6FEA5242 		mvn	r2, r2, lsr #17
 1161 0190 92B2     		uxth	r2, r2
 1162 0192 C3F80024 		str	r2, [r3, #1024]
 1163 0196 14E0     		b	.L94
 1164              	.L92:
 1165 0198 C7F34F02 		ubfx	r2, r7, #1, #16
 1166 019c 17F0010F 		tst	r7, #1
 1167 01a0 01D0     		beq	.L95
 1168 01a2 0132     		adds	r2, r2, #1
 1169 01a4 92B2     		uxth	r2, r2
 1170              	.L95:
 1171 01a6 9202     		lsls	r2, r2, #10
 1172 01a8 92B2     		uxth	r2, r2
 1173 01aa C3F80024 		str	r2, [r3, #1024]
 1174 01ae 08E0     		b	.L94
 1175              	.L91:
 1176 01b0 B0F85020 		ldrh	r2, [r0, #80]
 1177 01b4 02EBC303 		add	r3, r2, r3, lsl #3
 1178 01b8 0233     		adds	r3, r3, #2
 1179 01ba 00EB4303 		add	r3, r0, r3, lsl #1
 1180 01be C3F80074 		str	r7, [r3, #1024]
 1181              	.L94:
 1182 01c2 F288     		ldrh	r2, [r6, #6]
 1183 01c4 A9E7     		b	.L90
 1184              	.L96:
 1185 01c6 012B     		cmp	r3, #1
 1186 01c8 BCD1     		bne	.L83
 1187 01ca 3278     		ldrb	r2, [r6]	@ zero_extendqisi2
 1188 01cc 34F82230 		ldrh	r3, [r4, r2, lsl #2]
 1189 01d0 23F0F003 		bic	r3, r3, #240
 1190 01d4 1B05     		lsls	r3, r3, #20
 1191 01d6 1B0D     		lsrs	r3, r3, #20
 1192 01d8 43F44043 		orr	r3, r3, #49152
 1193 01dc 43F08003 		orr	r3, r3, #128
 1194 01e0 24F82230 		strh	r3, [r4, r2, lsl #2]	@ movhi
 1195 01e4 AEE7     		b	.L83
ARM GAS  /tmp/ccssEE41.s 			page 21


 1196              	.L98:
 1197 01e6 0023     		movs	r3, #0
 1198 01e8 8B61     		str	r3, [r1, #24]
 1199 01ea 1346     		mov	r3, r2
 1200 01ec 13E7     		b	.L99
 1201              	.L101:
 1202 01ee C3F34F04 		ubfx	r4, r3, #1, #16
 1203 01f2 13F0010F 		tst	r3, #1
 1204 01f6 01D0     		beq	.L104
 1205 01f8 0134     		adds	r4, r4, #1
 1206 01fa A4B2     		uxth	r4, r4
 1207              	.L104:
 1208 01fc A402     		lsls	r4, r4, #10
 1209 01fe A4B2     		uxth	r4, r4
 1210 0200 C2F80044 		str	r4, [r2, #1024]
 1211 0204 24E7     		b	.L103
 1212              	.L100:
 1213 0206 BDB9     		cbnz	r5, .L105
 1214 0208 B0F85020 		ldrh	r2, [r0, #80]
 1215 020c 0C78     		ldrb	r4, [r1]	@ zero_extendqisi2
 1216 020e 02EBC402 		add	r2, r2, r4, lsl #3
 1217 0212 0232     		adds	r2, r2, #2
 1218 0214 00EB4202 		add	r2, r0, r2, lsl #1
 1219 0218 3E2B     		cmp	r3, #62
 1220 021a 28D9     		bls	.L106
 1221 021c C3F34F14 		ubfx	r4, r3, #5, #16
 1222 0220 13F01F0F 		tst	r3, #31
 1223 0224 01D1     		bne	.L107
 1224 0226 013C     		subs	r4, r4, #1
 1225 0228 A4B2     		uxth	r4, r4
 1226              	.L107:
 1227 022a 6FEAC464 		mvn	r4, r4, lsl #27
 1228 022e 6FEA5444 		mvn	r4, r4, lsr #17
 1229 0232 A4B2     		uxth	r4, r4
 1230 0234 C2F80044 		str	r4, [r2, #1024]
 1231              	.L105:
 1232 0238 4A78     		ldrb	r2, [r1, #1]	@ zero_extendqisi2
 1233 023a 82BB     		cbnz	r2, .L109
 1234 023c B0F85020 		ldrh	r2, [r0, #80]
 1235 0240 0C78     		ldrb	r4, [r1]	@ zero_extendqisi2
 1236 0242 02EBC402 		add	r2, r2, r4, lsl #3
 1237 0246 0632     		adds	r2, r2, #6
 1238 0248 00EB4202 		add	r2, r0, r2, lsl #1
 1239 024c 3E2B     		cmp	r3, #62
 1240 024e 1AD9     		bls	.L110
 1241 0250 C3F34F14 		ubfx	r4, r3, #5, #16
 1242 0254 13F01F0F 		tst	r3, #31
 1243 0258 01D1     		bne	.L111
 1244 025a 013C     		subs	r4, r4, #1
 1245 025c A4B2     		uxth	r4, r4
 1246              	.L111:
 1247 025e 6FEAC464 		mvn	r4, r4, lsl #27
 1248 0262 6FEA5444 		mvn	r4, r4, lsr #17
 1249 0266 A4B2     		uxth	r4, r4
 1250 0268 C2F80044 		str	r4, [r2, #1024]
 1251 026c F0E6     		b	.L103
 1252              	.L106:
ARM GAS  /tmp/ccssEE41.s 			page 22


 1253 026e C3F34F04 		ubfx	r4, r3, #1, #16
 1254 0272 13F0010F 		tst	r3, #1
 1255 0276 01D0     		beq	.L108
 1256 0278 0134     		adds	r4, r4, #1
 1257 027a A4B2     		uxth	r4, r4
 1258              	.L108:
 1259 027c A402     		lsls	r4, r4, #10
 1260 027e A4B2     		uxth	r4, r4
 1261 0280 C2F80044 		str	r4, [r2, #1024]
 1262 0284 D8E7     		b	.L105
 1263              	.L110:
 1264 0286 C3F34F04 		ubfx	r4, r3, #1, #16
 1265 028a 13F0010F 		tst	r3, #1
 1266 028e 01D0     		beq	.L112
 1267 0290 0134     		adds	r4, r4, #1
 1268 0292 A4B2     		uxth	r4, r4
 1269              	.L112:
 1270 0294 A402     		lsls	r4, r4, #10
 1271 0296 A4B2     		uxth	r4, r4
 1272 0298 C2F80044 		str	r4, [r2, #1024]
 1273 029c D8E6     		b	.L103
 1274              	.L109:
 1275 029e 012A     		cmp	r2, #1
 1276 02a0 7FF4D6AE 		bne	.L103
 1277 02a4 B0F85020 		ldrh	r2, [r0, #80]
 1278 02a8 0C78     		ldrb	r4, [r1]	@ zero_extendqisi2
 1279 02aa 02EBC402 		add	r2, r2, r4, lsl #3
 1280 02ae 0232     		adds	r2, r2, #2
 1281 02b0 00EB4202 		add	r2, r0, r2, lsl #1
 1282 02b4 C2F80034 		str	r3, [r2, #1024]
 1283 02b8 CAE6     		b	.L103
 1285              		.section	.text.USB_ReadPMA,"ax",%progbits
 1286              		.align	1
 1287              		.global	USB_ReadPMA
 1288              		.syntax unified
 1289              		.thumb
 1290              		.thumb_func
 1291              		.fpu softvfp
 1293              	USB_ReadPMA:
 1294              		@ args = 0, pretend = 0, frame = 0
 1295              		@ frame_needed = 0, uses_anonymous_args = 0
 1296              		@ link register save eliminated.
 1297 0000 0133     		adds	r3, r3, #1
 1298 0002 5B10     		asrs	r3, r3, #1
 1299 0004 00EB4202 		add	r2, r0, r2, lsl #1
 1300 0008 02F58062 		add	r2, r2, #1024
 1301              	.L117:
 1302 000c 2BB1     		cbz	r3, .L119
 1303 000e 52F8040B 		ldr	r0, [r2], #4
 1304 0012 21F8020B 		strh	r0, [r1], #2	@ movhi
 1305 0016 013B     		subs	r3, r3, #1
 1306 0018 F8E7     		b	.L117
 1307              	.L119:
 1308 001a 7047     		bx	lr
 1310              		.ident	"GCC: (GNU Tools for Arm Embedded Processors 8-2018-q4-major) 8.2.1 20181213 (release) [gcc
ARM GAS  /tmp/ccssEE41.s 			page 23


DEFINED SYMBOLS
                            *ABS*:0000000000000000 stm32f1xx_ll_usb.c
     /tmp/ccssEE41.s:14     .text.USB_CoreInit:0000000000000000 $t
     /tmp/ccssEE41.s:22     .text.USB_CoreInit:0000000000000000 USB_CoreInit
     /tmp/ccssEE41.s:34     .text.USB_EnableGlobalInt:0000000000000000 $t
     /tmp/ccssEE41.s:41     .text.USB_EnableGlobalInt:0000000000000000 USB_EnableGlobalInt
     /tmp/ccssEE41.s:52     .text.USB_DisableGlobalInt:0000000000000000 $t
     /tmp/ccssEE41.s:59     .text.USB_DisableGlobalInt:0000000000000000 USB_DisableGlobalInt
     /tmp/ccssEE41.s:72     .text.USB_SetCurrentMode:0000000000000000 $t
     /tmp/ccssEE41.s:79     .text.USB_SetCurrentMode:0000000000000000 USB_SetCurrentMode
     /tmp/ccssEE41.s:87     .text.USB_DevInit:0000000000000000 $t
     /tmp/ccssEE41.s:94     .text.USB_DevInit:0000000000000000 USB_DevInit
     /tmp/ccssEE41.s:114    .text.USB_FlushTxFifo:0000000000000000 $t
     /tmp/ccssEE41.s:121    .text.USB_FlushTxFifo:0000000000000000 USB_FlushTxFifo
     /tmp/ccssEE41.s:129    .text.USB_FlushRxFifo:0000000000000000 $t
     /tmp/ccssEE41.s:136    .text.USB_FlushRxFifo:0000000000000000 USB_FlushRxFifo
     /tmp/ccssEE41.s:144    .text.USB_ActivateEndpoint:0000000000000000 $t
     /tmp/ccssEE41.s:151    .text.USB_ActivateEndpoint:0000000000000000 USB_ActivateEndpoint
     /tmp/ccssEE41.s:161    .text.USB_ActivateEndpoint:000000000000000c $d
     /tmp/ccssEE41.s:165    .text.USB_ActivateEndpoint:0000000000000010 $t
     /tmp/ccssEE41.s:441    .text.USB_DeactivateEndpoint:0000000000000000 $t
     /tmp/ccssEE41.s:448    .text.USB_DeactivateEndpoint:0000000000000000 USB_DeactivateEndpoint
     /tmp/ccssEE41.s:609    .text.USB_WritePacket:0000000000000000 $t
     /tmp/ccssEE41.s:616    .text.USB_WritePacket:0000000000000000 USB_WritePacket
     /tmp/ccssEE41.s:624    .text.USB_ReadPacket:0000000000000000 $t
     /tmp/ccssEE41.s:631    .text.USB_ReadPacket:0000000000000000 USB_ReadPacket
     /tmp/ccssEE41.s:639    .text.USB_EPSetStall:0000000000000000 $t
     /tmp/ccssEE41.s:646    .text.USB_EPSetStall:0000000000000000 USB_EPSetStall
     /tmp/ccssEE41.s:688    .text.USB_EPClearStall:0000000000000000 $t
     /tmp/ccssEE41.s:695    .text.USB_EPClearStall:0000000000000000 USB_EPClearStall
     /tmp/ccssEE41.s:750    .text.USB_StopDevice:0000000000000000 $t
     /tmp/ccssEE41.s:757    .text.USB_StopDevice:0000000000000000 USB_StopDevice
     /tmp/ccssEE41.s:771    .text.USB_SetDevAddress:0000000000000000 $t
     /tmp/ccssEE41.s:778    .text.USB_SetDevAddress:0000000000000000 USB_SetDevAddress
     /tmp/ccssEE41.s:790    .text.USB_DevConnect:0000000000000000 $t
     /tmp/ccssEE41.s:797    .text.USB_DevConnect:0000000000000000 USB_DevConnect
     /tmp/ccssEE41.s:805    .text.USB_DevDisconnect:0000000000000000 $t
     /tmp/ccssEE41.s:812    .text.USB_DevDisconnect:0000000000000000 USB_DevDisconnect
     /tmp/ccssEE41.s:820    .text.USB_ReadInterrupts:0000000000000000 $t
     /tmp/ccssEE41.s:827    .text.USB_ReadInterrupts:0000000000000000 USB_ReadInterrupts
     /tmp/ccssEE41.s:835    .text.USB_ReadDevAllOutEpInterrupt:0000000000000000 $t
     /tmp/ccssEE41.s:842    .text.USB_ReadDevAllOutEpInterrupt:0000000000000000 USB_ReadDevAllOutEpInterrupt
     /tmp/ccssEE41.s:850    .text.USB_ReadDevAllInEpInterrupt:0000000000000000 $t
     /tmp/ccssEE41.s:857    .text.USB_ReadDevAllInEpInterrupt:0000000000000000 USB_ReadDevAllInEpInterrupt
     /tmp/ccssEE41.s:865    .text.USB_ReadDevOutEPInterrupt:0000000000000000 $t
     /tmp/ccssEE41.s:872    .text.USB_ReadDevOutEPInterrupt:0000000000000000 USB_ReadDevOutEPInterrupt
     /tmp/ccssEE41.s:880    .text.USB_ReadDevInEPInterrupt:0000000000000000 $t
     /tmp/ccssEE41.s:887    .text.USB_ReadDevInEPInterrupt:0000000000000000 USB_ReadDevInEPInterrupt
     /tmp/ccssEE41.s:895    .text.USB_ClearInterrupts:0000000000000000 $t
     /tmp/ccssEE41.s:902    .text.USB_ClearInterrupts:0000000000000000 USB_ClearInterrupts
     /tmp/ccssEE41.s:909    .text.USB_EP0_OutStart:0000000000000000 $t
     /tmp/ccssEE41.s:916    .text.USB_EP0_OutStart:0000000000000000 USB_EP0_OutStart
     /tmp/ccssEE41.s:924    .text.USB_ActivateRemoteWakeup:0000000000000000 $t
     /tmp/ccssEE41.s:931    .text.USB_ActivateRemoteWakeup:0000000000000000 USB_ActivateRemoteWakeup
     /tmp/ccssEE41.s:942    .text.USB_DeActivateRemoteWakeup:0000000000000000 $t
     /tmp/ccssEE41.s:949    .text.USB_DeActivateRemoteWakeup:0000000000000000 USB_DeActivateRemoteWakeup
     /tmp/ccssEE41.s:962    .text.USB_WritePMA:0000000000000000 $t
ARM GAS  /tmp/ccssEE41.s 			page 24


     /tmp/ccssEE41.s:969    .text.USB_WritePMA:0000000000000000 USB_WritePMA
     /tmp/ccssEE41.s:994    .text.USB_EPStartXfer:0000000000000000 $t
     /tmp/ccssEE41.s:1001   .text.USB_EPStartXfer:0000000000000000 USB_EPStartXfer
     /tmp/ccssEE41.s:1286   .text.USB_ReadPMA:0000000000000000 $t
     /tmp/ccssEE41.s:1293   .text.USB_ReadPMA:0000000000000000 USB_ReadPMA

NO UNDEFINED SYMBOLS
