ARM GAS  /tmp/ccgH2iNE.s 			page 1


   1              		.cpu cortex-m3
   2              		.eabi_attribute 20, 1
   3              		.eabi_attribute 21, 1
   4              		.eabi_attribute 23, 3
   5              		.eabi_attribute 24, 1
   6              		.eabi_attribute 25, 1
   7              		.eabi_attribute 26, 1
   8              		.eabi_attribute 30, 1
   9              		.eabi_attribute 34, 1
  10              		.eabi_attribute 18, 4
  11              		.file	"system_stm32f1xx.c"
  12              		.text
  13              		.section	.text.SystemInit,"ax",%progbits
  14              		.align	1
  15              		.global	SystemInit
  16              		.arch armv7-m
  17              		.syntax unified
  18              		.thumb
  19              		.thumb_func
  20              		.fpu softvfp
  22              	SystemInit:
  23              		@ args = 0, pretend = 0, frame = 0
  24              		@ frame_needed = 0, uses_anonymous_args = 0
  25              		@ link register save eliminated.
  26 0000 0E4B     		ldr	r3, .L2
  27 0002 1A68     		ldr	r2, [r3]
  28 0004 42F00102 		orr	r2, r2, #1
  29 0008 1A60     		str	r2, [r3]
  30 000a 5968     		ldr	r1, [r3, #4]
  31 000c 0C4A     		ldr	r2, .L2+4
  32 000e 0A40     		ands	r2, r2, r1
  33 0010 5A60     		str	r2, [r3, #4]
  34 0012 1A68     		ldr	r2, [r3]
  35 0014 22F08472 		bic	r2, r2, #17301504
  36 0018 22F48032 		bic	r2, r2, #65536
  37 001c 1A60     		str	r2, [r3]
  38 001e 1A68     		ldr	r2, [r3]
  39 0020 22F48022 		bic	r2, r2, #262144
  40 0024 1A60     		str	r2, [r3]
  41 0026 5A68     		ldr	r2, [r3, #4]
  42 0028 22F4FE02 		bic	r2, r2, #8323072
  43 002c 5A60     		str	r2, [r3, #4]
  44 002e 4FF41F02 		mov	r2, #10420224
  45 0032 9A60     		str	r2, [r3, #8]
  46 0034 034B     		ldr	r3, .L2+8
  47 0036 044A     		ldr	r2, .L2+12
  48 0038 9A60     		str	r2, [r3, #8]
  49 003a 7047     		bx	lr
  50              	.L3:
  51              		.align	2
  52              	.L2:
  53 003c 00100240 		.word	1073876992
  54 0040 0000FFF8 		.word	-117506048
  55 0044 00ED00E0 		.word	-536810240
  56 0048 00200008 		.word	134225920
  58              		.section	.text.SystemCoreClockUpdate,"ax",%progbits
  59              		.align	1
ARM GAS  /tmp/ccgH2iNE.s 			page 2


  60              		.global	SystemCoreClockUpdate
  61              		.syntax unified
  62              		.thumb
  63              		.thumb_func
  64              		.fpu softvfp
  66              	SystemCoreClockUpdate:
  67              		@ args = 0, pretend = 0, frame = 0
  68              		@ frame_needed = 0, uses_anonymous_args = 0
  69              		@ link register save eliminated.
  70 0000 1F4B     		ldr	r3, .L12
  71 0002 5B68     		ldr	r3, [r3, #4]
  72 0004 03F00C03 		and	r3, r3, #12
  73 0008 042B     		cmp	r3, #4
  74 000a 14D0     		beq	.L5
  75 000c 082B     		cmp	r3, #8
  76 000e 16D0     		beq	.L6
  77 0010 1BB1     		cbz	r3, .L11
  78 0012 1C4B     		ldr	r3, .L12+4
  79 0014 1C4A     		ldr	r2, .L12+8
  80 0016 1A60     		str	r2, [r3]
  81 0018 02E0     		b	.L8
  82              	.L11:
  83 001a 1A4B     		ldr	r3, .L12+4
  84 001c 1A4A     		ldr	r2, .L12+8
  85 001e 1A60     		str	r2, [r3]
  86              	.L8:
  87 0020 174B     		ldr	r3, .L12
  88 0022 5B68     		ldr	r3, [r3, #4]
  89 0024 C3F30313 		ubfx	r3, r3, #4, #4
  90 0028 184A     		ldr	r2, .L12+12
  91 002a D15C     		ldrb	r1, [r2, r3]	@ zero_extendqisi2
  92 002c 154A     		ldr	r2, .L12+4
  93 002e 1368     		ldr	r3, [r2]
  94 0030 CB40     		lsrs	r3, r3, r1
  95 0032 1360     		str	r3, [r2]
  96 0034 7047     		bx	lr
  97              	.L5:
  98 0036 134B     		ldr	r3, .L12+4
  99 0038 134A     		ldr	r2, .L12+8
 100 003a 1A60     		str	r2, [r3]
 101 003c F0E7     		b	.L8
 102              	.L6:
 103 003e 104A     		ldr	r2, .L12
 104 0040 5368     		ldr	r3, [r2, #4]
 105 0042 5268     		ldr	r2, [r2, #4]
 106 0044 C3F38343 		ubfx	r3, r3, #18, #4
 107 0048 0233     		adds	r3, r3, #2
 108 004a 12F4803F 		tst	r2, #65536
 109 004e 05D1     		bne	.L9
 110 0050 0F4A     		ldr	r2, .L12+16
 111 0052 02FB03F3 		mul	r3, r2, r3
 112 0056 0B4A     		ldr	r2, .L12+4
 113 0058 1360     		str	r3, [r2]
 114 005a E1E7     		b	.L8
 115              	.L9:
 116 005c 084A     		ldr	r2, .L12
 117 005e 5268     		ldr	r2, [r2, #4]
ARM GAS  /tmp/ccgH2iNE.s 			page 3


 118 0060 12F4003F 		tst	r2, #131072
 119 0064 05D0     		beq	.L10
 120 0066 0A4A     		ldr	r2, .L12+16
 121 0068 02FB03F3 		mul	r3, r2, r3
 122 006c 054A     		ldr	r2, .L12+4
 123 006e 1360     		str	r3, [r2]
 124 0070 D6E7     		b	.L8
 125              	.L10:
 126 0072 054A     		ldr	r2, .L12+8
 127 0074 02FB03F3 		mul	r3, r2, r3
 128 0078 024A     		ldr	r2, .L12+4
 129 007a 1360     		str	r3, [r2]
 130 007c D0E7     		b	.L8
 131              	.L13:
 132 007e 00BF     		.align	2
 133              	.L12:
 134 0080 00100240 		.word	1073876992
 135 0084 00000000 		.word	.LANCHOR0
 136 0088 00127A00 		.word	8000000
 137 008c 00000000 		.word	.LANCHOR1
 138 0090 00093D00 		.word	4000000
 140              		.global	APBPrescTable
 141              		.global	AHBPrescTable
 142              		.global	SystemCoreClock
 143              		.section	.data.SystemCoreClock,"aw"
 144              		.align	2
 145              		.set	.LANCHOR0,. + 0
 148              	SystemCoreClock:
 149 0000 00A24A04 		.word	72000000
 150              		.section	.rodata.AHBPrescTable,"a"
 151              		.align	2
 152              		.set	.LANCHOR1,. + 0
 155              	AHBPrescTable:
 156 0000 00       		.byte	0
 157 0001 00       		.byte	0
 158 0002 00       		.byte	0
 159 0003 00       		.byte	0
 160 0004 00       		.byte	0
 161 0005 00       		.byte	0
 162 0006 00       		.byte	0
 163 0007 00       		.byte	0
 164 0008 01       		.byte	1
 165 0009 02       		.byte	2
 166 000a 03       		.byte	3
 167 000b 04       		.byte	4
 168 000c 06       		.byte	6
 169 000d 07       		.byte	7
 170 000e 08       		.byte	8
 171 000f 09       		.byte	9
 172              		.section	.rodata.APBPrescTable,"a"
 173              		.align	2
 176              	APBPrescTable:
 177 0000 00       		.byte	0
 178 0001 00       		.byte	0
 179 0002 00       		.byte	0
 180 0003 00       		.byte	0
 181 0004 01       		.byte	1
ARM GAS  /tmp/ccgH2iNE.s 			page 4


 182 0005 02       		.byte	2
 183 0006 03       		.byte	3
 184 0007 04       		.byte	4
 185              		.ident	"GCC: (GNU Tools for Arm Embedded Processors 8-2018-q4-major) 8.2.1 20181213 (release) [gcc
ARM GAS  /tmp/ccgH2iNE.s 			page 5


DEFINED SYMBOLS
                            *ABS*:0000000000000000 system_stm32f1xx.c
     /tmp/ccgH2iNE.s:14     .text.SystemInit:0000000000000000 $t
     /tmp/ccgH2iNE.s:22     .text.SystemInit:0000000000000000 SystemInit
     /tmp/ccgH2iNE.s:53     .text.SystemInit:000000000000003c $d
     /tmp/ccgH2iNE.s:59     .text.SystemCoreClockUpdate:0000000000000000 $t
     /tmp/ccgH2iNE.s:66     .text.SystemCoreClockUpdate:0000000000000000 SystemCoreClockUpdate
     /tmp/ccgH2iNE.s:134    .text.SystemCoreClockUpdate:0000000000000080 $d
     /tmp/ccgH2iNE.s:176    .rodata.APBPrescTable:0000000000000000 APBPrescTable
     /tmp/ccgH2iNE.s:155    .rodata.AHBPrescTable:0000000000000000 AHBPrescTable
     /tmp/ccgH2iNE.s:148    .data.SystemCoreClock:0000000000000000 SystemCoreClock
     /tmp/ccgH2iNE.s:144    .data.SystemCoreClock:0000000000000000 $d
     /tmp/ccgH2iNE.s:151    .rodata.AHBPrescTable:0000000000000000 $d
     /tmp/ccgH2iNE.s:173    .rodata.APBPrescTable:0000000000000000 $d

NO UNDEFINED SYMBOLS
