ARM GAS  /tmp/ccxBw5R4.s 			page 1


   1              		.cpu cortex-m3
   2              		.eabi_attribute 20, 1
   3              		.eabi_attribute 21, 1
   4              		.eabi_attribute 23, 3
   5              		.eabi_attribute 24, 1
   6              		.eabi_attribute 25, 1
   7              		.eabi_attribute 26, 1
   8              		.eabi_attribute 30, 1
   9              		.eabi_attribute 34, 1
  10              		.eabi_attribute 18, 4
  11              		.file	"usb_device.c"
  12              		.text
  13              		.section	.text.MX_USB_DEVICE_Init,"ax",%progbits
  14              		.align	1
  15              		.global	MX_USB_DEVICE_Init
  16              		.arch armv7-m
  17              		.syntax unified
  18              		.thumb
  19              		.thumb_func
  20              		.fpu softvfp
  22              	MX_USB_DEVICE_Init:
  23              		@ args = 0, pretend = 0, frame = 0
  24              		@ frame_needed = 0, uses_anonymous_args = 0
  25 0000 08B5     		push	{r3, lr}
  26 0002 0022     		movs	r2, #0
  27 0004 0F49     		ldr	r1, .L11
  28 0006 1048     		ldr	r0, .L11+4
  29 0008 FFF7FEFF 		bl	USBD_Init
  30 000c 70B9     		cbnz	r0, .L7
  31              	.L2:
  32 000e 0F49     		ldr	r1, .L11+8
  33 0010 0D48     		ldr	r0, .L11+4
  34 0012 FFF7FEFF 		bl	USBD_RegisterClass
  35 0016 60B9     		cbnz	r0, .L8
  36              	.L3:
  37 0018 0D49     		ldr	r1, .L11+12
  38 001a 0B48     		ldr	r0, .L11+4
  39 001c FFF7FEFF 		bl	USBD_CDC_RegisterInterface
  40 0020 50B9     		cbnz	r0, .L9
  41              	.L4:
  42 0022 0948     		ldr	r0, .L11+4
  43 0024 FFF7FEFF 		bl	USBD_Start
  44 0028 48B9     		cbnz	r0, .L10
  45              	.L1:
  46 002a 08BD     		pop	{r3, pc}
  47              	.L7:
  48 002c FFF7FEFF 		bl	Error_Handler
  49 0030 EDE7     		b	.L2
  50              	.L8:
  51 0032 FFF7FEFF 		bl	Error_Handler
  52 0036 EFE7     		b	.L3
  53              	.L9:
  54 0038 FFF7FEFF 		bl	Error_Handler
  55 003c F1E7     		b	.L4
  56              	.L10:
  57 003e FFF7FEFF 		bl	Error_Handler
  58 0042 F2E7     		b	.L1
ARM GAS  /tmp/ccxBw5R4.s 			page 2


  59              	.L12:
  60              		.align	2
  61              	.L11:
  62 0044 00000000 		.word	FS_Desc
  63 0048 00000000 		.word	hUsbDeviceFS
  64 004c 00000000 		.word	USBD_CDC
  65 0050 00000000 		.word	USBD_Interface_fops_FS
  67              		.comm	hUsbDeviceFS,548,4
  68              		.ident	"GCC: (GNU Tools for Arm Embedded Processors 8-2018-q4-major) 8.2.1 20181213 (release) [gcc
ARM GAS  /tmp/ccxBw5R4.s 			page 3


DEFINED SYMBOLS
                            *ABS*:0000000000000000 usb_device.c
     /tmp/ccxBw5R4.s:14     .text.MX_USB_DEVICE_Init:0000000000000000 $t
     /tmp/ccxBw5R4.s:22     .text.MX_USB_DEVICE_Init:0000000000000000 MX_USB_DEVICE_Init
     /tmp/ccxBw5R4.s:62     .text.MX_USB_DEVICE_Init:0000000000000044 $d
                            *COM*:0000000000000224 hUsbDeviceFS

UNDEFINED SYMBOLS
USBD_Init
USBD_RegisterClass
USBD_CDC_RegisterInterface
USBD_Start
Error_Handler
FS_Desc
USBD_CDC
USBD_Interface_fops_FS
