ARM GAS  /tmp/ccpwTPd3.s 			page 1


   1              		.cpu cortex-m3
   2              		.eabi_attribute 20, 1
   3              		.eabi_attribute 21, 1
   4              		.eabi_attribute 23, 3
   5              		.eabi_attribute 24, 1
   6              		.eabi_attribute 25, 1
   7              		.eabi_attribute 26, 1
   8              		.eabi_attribute 30, 1
   9              		.eabi_attribute 34, 1
  10              		.eabi_attribute 18, 4
  11              		.file	"usbd_cdc.c"
  12              		.text
  13              		.section	.text.USBD_CDC_DataIn,"ax",%progbits
  14              		.align	1
  15              		.arch armv7-m
  16              		.syntax unified
  17              		.thumb
  18              		.thumb_func
  19              		.fpu softvfp
  21              	USBD_CDC_DataIn:
  22              		@ args = 0, pretend = 0, frame = 0
  23              		@ frame_needed = 0, uses_anonymous_args = 0
  24              		@ link register save eliminated.
  25 0000 D0F81832 		ldr	r3, [r0, #536]
  26 0004 1BB1     		cbz	r3, .L3
  27 0006 0020     		movs	r0, #0
  28 0008 C3F81402 		str	r0, [r3, #532]
  29 000c 7047     		bx	lr
  30              	.L3:
  31 000e 0220     		movs	r0, #2
  32 0010 7047     		bx	lr
  34              		.section	.text.USBD_CDC_EP0_RxReady,"ax",%progbits
  35              		.align	1
  36              		.syntax unified
  37              		.thumb
  38              		.thumb_func
  39              		.fpu softvfp
  41              	USBD_CDC_EP0_RxReady:
  42              		@ args = 0, pretend = 0, frame = 0
  43              		@ frame_needed = 0, uses_anonymous_args = 0
  44 0000 10B5     		push	{r4, lr}
  45 0002 D0F81842 		ldr	r4, [r0, #536]
  46 0006 D0F81C32 		ldr	r3, [r0, #540]
  47 000a 5BB1     		cbz	r3, .L5
  48 000c 94F80002 		ldrb	r0, [r4, #512]	@ zero_extendqisi2
  49 0010 FF28     		cmp	r0, #255
  50 0012 07D0     		beq	.L5
  51 0014 9B68     		ldr	r3, [r3, #8]
  52 0016 94F80122 		ldrb	r2, [r4, #513]	@ zero_extendqisi2
  53 001a 2146     		mov	r1, r4
  54 001c 9847     		blx	r3
  55 001e FF23     		movs	r3, #255
  56 0020 84F80032 		strb	r3, [r4, #512]
  57              	.L5:
  58 0024 0020     		movs	r0, #0
  59 0026 10BD     		pop	{r4, pc}
  61              		.section	.text.USBD_CDC_GetFSCfgDesc,"ax",%progbits
ARM GAS  /tmp/ccpwTPd3.s 			page 2


  62              		.align	1
  63              		.syntax unified
  64              		.thumb
  65              		.thumb_func
  66              		.fpu softvfp
  68              	USBD_CDC_GetFSCfgDesc:
  69              		@ args = 0, pretend = 0, frame = 0
  70              		@ frame_needed = 0, uses_anonymous_args = 0
  71              		@ link register save eliminated.
  72 0000 4323     		movs	r3, #67
  73 0002 0380     		strh	r3, [r0]	@ movhi
  74 0004 0048     		ldr	r0, .L8
  75 0006 7047     		bx	lr
  76              	.L9:
  77              		.align	2
  78              	.L8:
  79 0008 00000000 		.word	.LANCHOR0
  81              		.section	.text.USBD_CDC_GetHSCfgDesc,"ax",%progbits
  82              		.align	1
  83              		.syntax unified
  84              		.thumb
  85              		.thumb_func
  86              		.fpu softvfp
  88              	USBD_CDC_GetHSCfgDesc:
  89              		@ args = 0, pretend = 0, frame = 0
  90              		@ frame_needed = 0, uses_anonymous_args = 0
  91              		@ link register save eliminated.
  92 0000 4323     		movs	r3, #67
  93 0002 0380     		strh	r3, [r0]	@ movhi
  94 0004 0048     		ldr	r0, .L11
  95 0006 7047     		bx	lr
  96              	.L12:
  97              		.align	2
  98              	.L11:
  99 0008 00000000 		.word	.LANCHOR1
 101              		.section	.text.USBD_CDC_GetOtherSpeedCfgDesc,"ax",%progbits
 102              		.align	1
 103              		.syntax unified
 104              		.thumb
 105              		.thumb_func
 106              		.fpu softvfp
 108              	USBD_CDC_GetOtherSpeedCfgDesc:
 109              		@ args = 0, pretend = 0, frame = 0
 110              		@ frame_needed = 0, uses_anonymous_args = 0
 111              		@ link register save eliminated.
 112 0000 4323     		movs	r3, #67
 113 0002 0380     		strh	r3, [r0]	@ movhi
 114 0004 0048     		ldr	r0, .L14
 115 0006 7047     		bx	lr
 116              	.L15:
 117              		.align	2
 118              	.L14:
 119 0008 00000000 		.word	.LANCHOR2
 121              		.section	.text.USBD_CDC_GetDeviceQualifierDescriptor,"ax",%progbits
 122              		.align	1
 123              		.global	USBD_CDC_GetDeviceQualifierDescriptor
 124              		.syntax unified
ARM GAS  /tmp/ccpwTPd3.s 			page 3


 125              		.thumb
 126              		.thumb_func
 127              		.fpu softvfp
 129              	USBD_CDC_GetDeviceQualifierDescriptor:
 130              		@ args = 0, pretend = 0, frame = 0
 131              		@ frame_needed = 0, uses_anonymous_args = 0
 132              		@ link register save eliminated.
 133 0000 0A23     		movs	r3, #10
 134 0002 0380     		strh	r3, [r0]	@ movhi
 135 0004 0048     		ldr	r0, .L17
 136 0006 7047     		bx	lr
 137              	.L18:
 138              		.align	2
 139              	.L17:
 140 0008 00000000 		.word	.LANCHOR3
 142              		.section	.text.USBD_CDC_DataOut,"ax",%progbits
 143              		.align	1
 144              		.syntax unified
 145              		.thumb
 146              		.thumb_func
 147              		.fpu softvfp
 149              	USBD_CDC_DataOut:
 150              		@ args = 0, pretend = 0, frame = 0
 151              		@ frame_needed = 0, uses_anonymous_args = 0
 152 0000 38B5     		push	{r3, r4, r5, lr}
 153 0002 0446     		mov	r4, r0
 154 0004 D0F81852 		ldr	r5, [r0, #536]
 155 0008 FFF7FEFF 		bl	USBD_LL_GetRxDataSize
 156 000c C5F80C02 		str	r0, [r5, #524]
 157 0010 D4F81832 		ldr	r3, [r4, #536]
 158 0014 4BB1     		cbz	r3, .L21
 159 0016 D4F81C32 		ldr	r3, [r4, #540]
 160 001a DB68     		ldr	r3, [r3, #12]
 161 001c 05F50371 		add	r1, r5, #524
 162 0020 D5F80402 		ldr	r0, [r5, #516]
 163 0024 9847     		blx	r3
 164 0026 0020     		movs	r0, #0
 165              	.L20:
 166 0028 38BD     		pop	{r3, r4, r5, pc}
 167              	.L21:
 168 002a 0220     		movs	r0, #2
 169 002c FCE7     		b	.L20
 171              		.section	.text.USBD_CDC_Setup,"ax",%progbits
 172              		.align	1
 173              		.syntax unified
 174              		.thumb
 175              		.thumb_func
 176              		.fpu softvfp
 178              	USBD_CDC_Setup:
 179              		@ args = 0, pretend = 0, frame = 0
 180              		@ frame_needed = 0, uses_anonymous_args = 0
 181 0000 70B5     		push	{r4, r5, r6, lr}
 182 0002 0546     		mov	r5, r0
 183 0004 0C46     		mov	r4, r1
 184 0006 D0F81862 		ldr	r6, [r0, #536]
 185 000a 0B78     		ldrb	r3, [r1]	@ zero_extendqisi2
 186 000c 13F06002 		ands	r2, r3, #96
ARM GAS  /tmp/ccpwTPd3.s 			page 4


 187 0010 24D0     		beq	.L24
 188 0012 202A     		cmp	r2, #32
 189 0014 25D1     		bne	.L25
 190 0016 CA88     		ldrh	r2, [r1, #6]
 191 0018 CAB1     		cbz	r2, .L26
 192 001a 13F0800F 		tst	r3, #128
 193 001e 0BD0     		beq	.L27
 194 0020 D0F81C32 		ldr	r3, [r0, #540]
 195 0024 9B68     		ldr	r3, [r3, #8]
 196 0026 3146     		mov	r1, r6
 197 0028 6078     		ldrb	r0, [r4, #1]	@ zero_extendqisi2
 198 002a 9847     		blx	r3
 199 002c E288     		ldrh	r2, [r4, #6]
 200 002e 3146     		mov	r1, r6
 201 0030 2846     		mov	r0, r5
 202 0032 FFF7FEFF 		bl	USBD_CtlSendData
 203 0036 14E0     		b	.L25
 204              	.L27:
 205 0038 4B78     		ldrb	r3, [r1, #1]	@ zero_extendqisi2
 206 003a 86F80032 		strb	r3, [r6, #512]
 207 003e CB88     		ldrh	r3, [r1, #6]
 208 0040 86F80132 		strb	r3, [r6, #513]
 209 0044 CA88     		ldrh	r2, [r1, #6]
 210 0046 3146     		mov	r1, r6
 211 0048 FFF7FEFF 		bl	USBD_CtlPrepareRx
 212 004c 09E0     		b	.L25
 213              	.L26:
 214 004e D0F81C32 		ldr	r3, [r0, #540]
 215 0052 9B68     		ldr	r3, [r3, #8]
 216 0054 0022     		movs	r2, #0
 217 0056 4878     		ldrb	r0, [r1, #1]	@ zero_extendqisi2
 218 0058 9847     		blx	r3
 219 005a 02E0     		b	.L25
 220              	.L24:
 221 005c 4B78     		ldrb	r3, [r1, #1]	@ zero_extendqisi2
 222 005e 0A2B     		cmp	r3, #10
 223 0060 01D0     		beq	.L29
 224              	.L25:
 225 0062 0020     		movs	r0, #0
 226 0064 70BD     		pop	{r4, r5, r6, pc}
 227              	.L29:
 228 0066 0122     		movs	r2, #1
 229 0068 0149     		ldr	r1, .L30
 230 006a FFF7FEFF 		bl	USBD_CtlSendData
 231 006e F8E7     		b	.L25
 232              	.L31:
 233              		.align	2
 234              	.L30:
 235 0070 00000000 		.word	.LANCHOR4
 237              		.section	.text.USBD_CDC_DeInit,"ax",%progbits
 238              		.align	1
 239              		.syntax unified
 240              		.thumb
 241              		.thumb_func
 242              		.fpu softvfp
 244              	USBD_CDC_DeInit:
 245              		@ args = 0, pretend = 0, frame = 0
ARM GAS  /tmp/ccpwTPd3.s 			page 5


 246              		@ frame_needed = 0, uses_anonymous_args = 0
 247 0000 10B5     		push	{r4, lr}
 248 0002 0446     		mov	r4, r0
 249 0004 8121     		movs	r1, #129
 250 0006 FFF7FEFF 		bl	USBD_LL_CloseEP
 251 000a 0121     		movs	r1, #1
 252 000c 2046     		mov	r0, r4
 253 000e FFF7FEFF 		bl	USBD_LL_CloseEP
 254 0012 8221     		movs	r1, #130
 255 0014 2046     		mov	r0, r4
 256 0016 FFF7FEFF 		bl	USBD_LL_CloseEP
 257 001a D4F81832 		ldr	r3, [r4, #536]
 258 001e 53B1     		cbz	r3, .L33
 259 0020 D4F81C32 		ldr	r3, [r4, #540]
 260 0024 5B68     		ldr	r3, [r3, #4]
 261 0026 9847     		blx	r3
 262 0028 D4F81802 		ldr	r0, [r4, #536]
 263 002c FFF7FEFF 		bl	USBD_static_free
 264 0030 0023     		movs	r3, #0
 265 0032 C4F81832 		str	r3, [r4, #536]
 266              	.L33:
 267 0036 0020     		movs	r0, #0
 268 0038 10BD     		pop	{r4, pc}
 270              		.section	.text.USBD_CDC_Init,"ax",%progbits
 271              		.align	1
 272              		.syntax unified
 273              		.thumb
 274              		.thumb_func
 275              		.fpu softvfp
 277              	USBD_CDC_Init:
 278              		@ args = 0, pretend = 0, frame = 0
 279              		@ frame_needed = 0, uses_anonymous_args = 0
 280 0000 38B5     		push	{r3, r4, r5, lr}
 281 0002 0446     		mov	r4, r0
 282 0004 037C     		ldrb	r3, [r0, #16]	@ zero_extendqisi2
 283 0006 7BBB     		cbnz	r3, .L36
 284 0008 4FF40073 		mov	r3, #512
 285 000c 0222     		movs	r2, #2
 286 000e 8121     		movs	r1, #129
 287 0010 FFF7FEFF 		bl	USBD_LL_OpenEP
 288 0014 4FF40073 		mov	r3, #512
 289 0018 0222     		movs	r2, #2
 290 001a 0121     		movs	r1, #1
 291 001c 2046     		mov	r0, r4
 292 001e FFF7FEFF 		bl	USBD_LL_OpenEP
 293              	.L37:
 294 0022 0823     		movs	r3, #8
 295 0024 0322     		movs	r2, #3
 296 0026 8221     		movs	r1, #130
 297 0028 2046     		mov	r0, r4
 298 002a FFF7FEFF 		bl	USBD_LL_OpenEP
 299 002e 4FF40770 		mov	r0, #540
 300 0032 FFF7FEFF 		bl	USBD_static_malloc
 301 0036 0546     		mov	r5, r0
 302 0038 C4F81802 		str	r0, [r4, #536]
 303 003c 48B3     		cbz	r0, .L40
 304 003e D4F81C32 		ldr	r3, [r4, #540]
ARM GAS  /tmp/ccpwTPd3.s 			page 6


 305 0042 1B68     		ldr	r3, [r3]
 306 0044 9847     		blx	r3
 307 0046 0023     		movs	r3, #0
 308 0048 C5F81432 		str	r3, [r5, #532]
 309 004c C5F81832 		str	r3, [r5, #536]
 310 0050 237C     		ldrb	r3, [r4, #16]	@ zero_extendqisi2
 311 0052 ABB9     		cbnz	r3, .L39
 312 0054 4FF40073 		mov	r3, #512
 313 0058 D5F80422 		ldr	r2, [r5, #516]
 314 005c 0121     		movs	r1, #1
 315 005e 2046     		mov	r0, r4
 316 0060 FFF7FEFF 		bl	USBD_LL_PrepareReceive
 317 0064 0020     		movs	r0, #0
 318              	.L38:
 319 0066 38BD     		pop	{r3, r4, r5, pc}
 320              	.L36:
 321 0068 4023     		movs	r3, #64
 322 006a 0222     		movs	r2, #2
 323 006c 8121     		movs	r1, #129
 324 006e FFF7FEFF 		bl	USBD_LL_OpenEP
 325 0072 4023     		movs	r3, #64
 326 0074 0222     		movs	r2, #2
 327 0076 0121     		movs	r1, #1
 328 0078 2046     		mov	r0, r4
 329 007a FFF7FEFF 		bl	USBD_LL_OpenEP
 330 007e D0E7     		b	.L37
 331              	.L39:
 332 0080 4023     		movs	r3, #64
 333 0082 D5F80422 		ldr	r2, [r5, #516]
 334 0086 0121     		movs	r1, #1
 335 0088 2046     		mov	r0, r4
 336 008a FFF7FEFF 		bl	USBD_LL_PrepareReceive
 337 008e 0020     		movs	r0, #0
 338 0090 E9E7     		b	.L38
 339              	.L40:
 340 0092 0120     		movs	r0, #1
 341 0094 E7E7     		b	.L38
 343              		.section	.text.USBD_CDC_RegisterInterface,"ax",%progbits
 344              		.align	1
 345              		.global	USBD_CDC_RegisterInterface
 346              		.syntax unified
 347              		.thumb
 348              		.thumb_func
 349              		.fpu softvfp
 351              	USBD_CDC_RegisterInterface:
 352              		@ args = 0, pretend = 0, frame = 0
 353              		@ frame_needed = 0, uses_anonymous_args = 0
 354              		@ link register save eliminated.
 355 0000 19B1     		cbz	r1, .L44
 356 0002 C0F81C12 		str	r1, [r0, #540]
 357 0006 0020     		movs	r0, #0
 358 0008 7047     		bx	lr
 359              	.L44:
 360 000a 0220     		movs	r0, #2
 361 000c 7047     		bx	lr
 363              		.section	.text.USBD_CDC_SetTxBuffer,"ax",%progbits
 364              		.align	1
ARM GAS  /tmp/ccpwTPd3.s 			page 7


 365              		.global	USBD_CDC_SetTxBuffer
 366              		.syntax unified
 367              		.thumb
 368              		.thumb_func
 369              		.fpu softvfp
 371              	USBD_CDC_SetTxBuffer:
 372              		@ args = 0, pretend = 0, frame = 0
 373              		@ frame_needed = 0, uses_anonymous_args = 0
 374              		@ link register save eliminated.
 375 0000 D0F81832 		ldr	r3, [r0, #536]
 376 0004 C3F80812 		str	r1, [r3, #520]
 377 0008 C3F81022 		str	r2, [r3, #528]
 378 000c 0020     		movs	r0, #0
 379 000e 7047     		bx	lr
 381              		.section	.text.USBD_CDC_SetRxBuffer,"ax",%progbits
 382              		.align	1
 383              		.global	USBD_CDC_SetRxBuffer
 384              		.syntax unified
 385              		.thumb
 386              		.thumb_func
 387              		.fpu softvfp
 389              	USBD_CDC_SetRxBuffer:
 390              		@ args = 0, pretend = 0, frame = 0
 391              		@ frame_needed = 0, uses_anonymous_args = 0
 392              		@ link register save eliminated.
 393 0000 D0F81832 		ldr	r3, [r0, #536]
 394 0004 C3F80412 		str	r1, [r3, #516]
 395 0008 0020     		movs	r0, #0
 396 000a 7047     		bx	lr
 398              		.section	.text.USBD_CDC_TransmitPacket,"ax",%progbits
 399              		.align	1
 400              		.global	USBD_CDC_TransmitPacket
 401              		.syntax unified
 402              		.thumb
 403              		.thumb_func
 404              		.fpu softvfp
 406              	USBD_CDC_TransmitPacket:
 407              		@ args = 0, pretend = 0, frame = 0
 408              		@ frame_needed = 0, uses_anonymous_args = 0
 409 0000 D0F81822 		ldr	r2, [r0, #536]
 410 0004 8AB1     		cbz	r2, .L49
 411 0006 08B5     		push	{r3, lr}
 412 0008 D2F81432 		ldr	r3, [r2, #532]
 413 000c 0BB1     		cbz	r3, .L55
 414 000e 0120     		movs	r0, #1
 415              	.L48:
 416 0010 08BD     		pop	{r3, pc}
 417              	.L55:
 418 0012 0123     		movs	r3, #1
 419 0014 C2F81432 		str	r3, [r2, #532]
 420 0018 B2F81032 		ldrh	r3, [r2, #528]
 421 001c D2F80822 		ldr	r2, [r2, #520]
 422 0020 8121     		movs	r1, #129
 423 0022 FFF7FEFF 		bl	USBD_LL_Transmit
 424 0026 0020     		movs	r0, #0
 425 0028 F2E7     		b	.L48
 426              	.L49:
ARM GAS  /tmp/ccpwTPd3.s 			page 8


 427 002a 0220     		movs	r0, #2
 428 002c 7047     		bx	lr
 430              		.section	.text.USBD_CDC_ReceivePacket,"ax",%progbits
 431              		.align	1
 432              		.global	USBD_CDC_ReceivePacket
 433              		.syntax unified
 434              		.thumb
 435              		.thumb_func
 436              		.fpu softvfp
 438              	USBD_CDC_ReceivePacket:
 439              		@ args = 0, pretend = 0, frame = 0
 440              		@ frame_needed = 0, uses_anonymous_args = 0
 441 0000 D0F81822 		ldr	r2, [r0, #536]
 442 0004 92B1     		cbz	r2, .L60
 443 0006 08B5     		push	{r3, lr}
 444 0008 037C     		ldrb	r3, [r0, #16]	@ zero_extendqisi2
 445 000a 43B9     		cbnz	r3, .L58
 446 000c 4FF40073 		mov	r3, #512
 447 0010 D2F80422 		ldr	r2, [r2, #516]
 448 0014 0121     		movs	r1, #1
 449 0016 FFF7FEFF 		bl	USBD_LL_PrepareReceive
 450              	.L59:
 451 001a 0020     		movs	r0, #0
 452 001c 08BD     		pop	{r3, pc}
 453              	.L58:
 454 001e 4023     		movs	r3, #64
 455 0020 D2F80422 		ldr	r2, [r2, #516]
 456 0024 0121     		movs	r1, #1
 457 0026 FFF7FEFF 		bl	USBD_LL_PrepareReceive
 458 002a F6E7     		b	.L59
 459              	.L60:
 460 002c 0220     		movs	r0, #2
 461 002e 7047     		bx	lr
 463              		.global	USBD_CDC_OtherSpeedCfgDesc
 464              		.global	USBD_CDC_CfgFSDesc
 465              		.global	USBD_CDC_CfgHSDesc
 466              		.global	USBD_CDC
 467              		.section	.bss.ifalt.7775,"aw",%nobits
 468              		.set	.LANCHOR4,. + 0
 471              	ifalt.7775:
 472 0000 00       		.space	1
 473              		.section	.data.USBD_CDC,"aw"
 474              		.align	2
 477              	USBD_CDC:
 478 0000 00000000 		.word	USBD_CDC_Init
 479 0004 00000000 		.word	USBD_CDC_DeInit
 480 0008 00000000 		.word	USBD_CDC_Setup
 481 000c 00000000 		.word	0
 482 0010 00000000 		.word	USBD_CDC_EP0_RxReady
 483 0014 00000000 		.word	USBD_CDC_DataIn
 484 0018 00000000 		.word	USBD_CDC_DataOut
 485 001c 00000000 		.word	0
 486 0020 00000000 		.word	0
 487 0024 00000000 		.word	0
 488 0028 00000000 		.word	USBD_CDC_GetHSCfgDesc
 489 002c 00000000 		.word	USBD_CDC_GetFSCfgDesc
 490 0030 00000000 		.word	USBD_CDC_GetOtherSpeedCfgDesc
ARM GAS  /tmp/ccpwTPd3.s 			page 9


 491 0034 00000000 		.word	USBD_CDC_GetDeviceQualifierDescriptor
 492              		.section	.data.USBD_CDC_CfgFSDesc,"aw"
 493              		.align	2
 494              		.set	.LANCHOR0,. + 0
 497              	USBD_CDC_CfgFSDesc:
 498 0000 09       		.byte	9
 499 0001 02       		.byte	2
 500 0002 43       		.byte	67
 501 0003 00       		.byte	0
 502 0004 02       		.byte	2
 503 0005 01       		.byte	1
 504 0006 00       		.byte	0
 505 0007 C0       		.byte	-64
 506 0008 32       		.byte	50
 507 0009 09       		.byte	9
 508 000a 04       		.byte	4
 509 000b 00       		.byte	0
 510 000c 00       		.byte	0
 511 000d 01       		.byte	1
 512 000e 02       		.byte	2
 513 000f 02       		.byte	2
 514 0010 01       		.byte	1
 515 0011 00       		.byte	0
 516 0012 05       		.byte	5
 517 0013 24       		.byte	36
 518 0014 00       		.byte	0
 519 0015 10       		.byte	16
 520 0016 01       		.byte	1
 521 0017 05       		.byte	5
 522 0018 24       		.byte	36
 523 0019 01       		.byte	1
 524 001a 00       		.byte	0
 525 001b 01       		.byte	1
 526 001c 04       		.byte	4
 527 001d 24       		.byte	36
 528 001e 02       		.byte	2
 529 001f 02       		.byte	2
 530 0020 05       		.byte	5
 531 0021 24       		.byte	36
 532 0022 06       		.byte	6
 533 0023 00       		.byte	0
 534 0024 01       		.byte	1
 535 0025 07       		.byte	7
 536 0026 05       		.byte	5
 537 0027 82       		.byte	-126
 538 0028 03       		.byte	3
 539 0029 08       		.byte	8
 540 002a 00       		.byte	0
 541 002b 10       		.byte	16
 542 002c 09       		.byte	9
 543 002d 04       		.byte	4
 544 002e 01       		.byte	1
 545 002f 00       		.byte	0
 546 0030 02       		.byte	2
 547 0031 0A       		.byte	10
 548 0032 00       		.byte	0
 549 0033 00       		.byte	0
ARM GAS  /tmp/ccpwTPd3.s 			page 10


 550 0034 00       		.byte	0
 551 0035 07       		.byte	7
 552 0036 05       		.byte	5
 553 0037 01       		.byte	1
 554 0038 02       		.byte	2
 555 0039 40       		.byte	64
 556 003a 00       		.byte	0
 557 003b 00       		.byte	0
 558 003c 07       		.byte	7
 559 003d 05       		.byte	5
 560 003e 81       		.byte	-127
 561 003f 02       		.byte	2
 562 0040 40       		.byte	64
 563 0041 00       		.byte	0
 564 0042 00       		.byte	0
 565              		.section	.data.USBD_CDC_CfgHSDesc,"aw"
 566              		.align	2
 567              		.set	.LANCHOR1,. + 0
 570              	USBD_CDC_CfgHSDesc:
 571 0000 09       		.byte	9
 572 0001 02       		.byte	2
 573 0002 43       		.byte	67
 574 0003 00       		.byte	0
 575 0004 02       		.byte	2
 576 0005 01       		.byte	1
 577 0006 00       		.byte	0
 578 0007 C0       		.byte	-64
 579 0008 32       		.byte	50
 580 0009 09       		.byte	9
 581 000a 04       		.byte	4
 582 000b 00       		.byte	0
 583 000c 00       		.byte	0
 584 000d 01       		.byte	1
 585 000e 02       		.byte	2
 586 000f 02       		.byte	2
 587 0010 01       		.byte	1
 588 0011 00       		.byte	0
 589 0012 05       		.byte	5
 590 0013 24       		.byte	36
 591 0014 00       		.byte	0
 592 0015 10       		.byte	16
 593 0016 01       		.byte	1
 594 0017 05       		.byte	5
 595 0018 24       		.byte	36
 596 0019 01       		.byte	1
 597 001a 00       		.byte	0
 598 001b 01       		.byte	1
 599 001c 04       		.byte	4
 600 001d 24       		.byte	36
 601 001e 02       		.byte	2
 602 001f 02       		.byte	2
 603 0020 05       		.byte	5
 604 0021 24       		.byte	36
 605 0022 06       		.byte	6
 606 0023 00       		.byte	0
 607 0024 01       		.byte	1
 608 0025 07       		.byte	7
ARM GAS  /tmp/ccpwTPd3.s 			page 11


 609 0026 05       		.byte	5
 610 0027 82       		.byte	-126
 611 0028 03       		.byte	3
 612 0029 08       		.byte	8
 613 002a 00       		.byte	0
 614 002b 10       		.byte	16
 615 002c 09       		.byte	9
 616 002d 04       		.byte	4
 617 002e 01       		.byte	1
 618 002f 00       		.byte	0
 619 0030 02       		.byte	2
 620 0031 0A       		.byte	10
 621 0032 00       		.byte	0
 622 0033 00       		.byte	0
 623 0034 00       		.byte	0
 624 0035 07       		.byte	7
 625 0036 05       		.byte	5
 626 0037 01       		.byte	1
 627 0038 02       		.byte	2
 628 0039 00       		.byte	0
 629 003a 02       		.byte	2
 630 003b 00       		.byte	0
 631 003c 07       		.byte	7
 632 003d 05       		.byte	5
 633 003e 81       		.byte	-127
 634 003f 02       		.byte	2
 635 0040 00       		.byte	0
 636 0041 02       		.byte	2
 637 0042 00       		.byte	0
 638              		.section	.data.USBD_CDC_DeviceQualifierDesc,"aw"
 639              		.align	2
 640              		.set	.LANCHOR3,. + 0
 643              	USBD_CDC_DeviceQualifierDesc:
 644 0000 0A       		.byte	10
 645 0001 06       		.byte	6
 646 0002 00       		.byte	0
 647 0003 02       		.byte	2
 648 0004 00       		.byte	0
 649 0005 00       		.byte	0
 650 0006 00       		.byte	0
 651 0007 40       		.byte	64
 652 0008 01       		.byte	1
 653 0009 00       		.byte	0
 654              		.section	.data.USBD_CDC_OtherSpeedCfgDesc,"aw"
 655              		.align	2
 656              		.set	.LANCHOR2,. + 0
 659              	USBD_CDC_OtherSpeedCfgDesc:
 660 0000 09       		.byte	9
 661 0001 07       		.byte	7
 662 0002 43       		.byte	67
 663 0003 00       		.byte	0
 664 0004 02       		.byte	2
 665 0005 01       		.byte	1
 666 0006 04       		.byte	4
 667 0007 C0       		.byte	-64
 668 0008 32       		.byte	50
 669 0009 09       		.byte	9
ARM GAS  /tmp/ccpwTPd3.s 			page 12


 670 000a 04       		.byte	4
 671 000b 00       		.byte	0
 672 000c 00       		.byte	0
 673 000d 01       		.byte	1
 674 000e 02       		.byte	2
 675 000f 02       		.byte	2
 676 0010 01       		.byte	1
 677 0011 00       		.byte	0
 678 0012 05       		.byte	5
 679 0013 24       		.byte	36
 680 0014 00       		.byte	0
 681 0015 10       		.byte	16
 682 0016 01       		.byte	1
 683 0017 05       		.byte	5
 684 0018 24       		.byte	36
 685 0019 01       		.byte	1
 686 001a 00       		.byte	0
 687 001b 01       		.byte	1
 688 001c 04       		.byte	4
 689 001d 24       		.byte	36
 690 001e 02       		.byte	2
 691 001f 02       		.byte	2
 692 0020 05       		.byte	5
 693 0021 24       		.byte	36
 694 0022 06       		.byte	6
 695 0023 00       		.byte	0
 696 0024 01       		.byte	1
 697 0025 07       		.byte	7
 698 0026 05       		.byte	5
 699 0027 82       		.byte	-126
 700 0028 03       		.byte	3
 701 0029 08       		.byte	8
 702 002a 00       		.byte	0
 703 002b FF       		.byte	-1
 704 002c 09       		.byte	9
 705 002d 04       		.byte	4
 706 002e 01       		.byte	1
 707 002f 00       		.byte	0
 708 0030 02       		.byte	2
 709 0031 0A       		.byte	10
 710 0032 00       		.byte	0
 711 0033 00       		.byte	0
 712 0034 00       		.byte	0
 713 0035 07       		.byte	7
 714 0036 05       		.byte	5
 715 0037 01       		.byte	1
 716 0038 02       		.byte	2
 717 0039 40       		.byte	64
 718 003a 00       		.byte	0
 719 003b 00       		.byte	0
 720 003c 07       		.byte	7
 721 003d 05       		.byte	5
 722 003e 81       		.byte	-127
 723 003f 02       		.byte	2
 724 0040 40       		.byte	64
 725 0041 00       		.byte	0
 726 0042 00       		.byte	0
ARM GAS  /tmp/ccpwTPd3.s 			page 13


 727              		.ident	"GCC: (GNU Tools for Arm Embedded Processors 8-2018-q4-major) 8.2.1 20181213 (release) [gcc
ARM GAS  /tmp/ccpwTPd3.s 			page 14


DEFINED SYMBOLS
                            *ABS*:0000000000000000 usbd_cdc.c
     /tmp/ccpwTPd3.s:14     .text.USBD_CDC_DataIn:0000000000000000 $t
     /tmp/ccpwTPd3.s:21     .text.USBD_CDC_DataIn:0000000000000000 USBD_CDC_DataIn
     /tmp/ccpwTPd3.s:35     .text.USBD_CDC_EP0_RxReady:0000000000000000 $t
     /tmp/ccpwTPd3.s:41     .text.USBD_CDC_EP0_RxReady:0000000000000000 USBD_CDC_EP0_RxReady
     /tmp/ccpwTPd3.s:62     .text.USBD_CDC_GetFSCfgDesc:0000000000000000 $t
     /tmp/ccpwTPd3.s:68     .text.USBD_CDC_GetFSCfgDesc:0000000000000000 USBD_CDC_GetFSCfgDesc
     /tmp/ccpwTPd3.s:79     .text.USBD_CDC_GetFSCfgDesc:0000000000000008 $d
     /tmp/ccpwTPd3.s:82     .text.USBD_CDC_GetHSCfgDesc:0000000000000000 $t
     /tmp/ccpwTPd3.s:88     .text.USBD_CDC_GetHSCfgDesc:0000000000000000 USBD_CDC_GetHSCfgDesc
     /tmp/ccpwTPd3.s:99     .text.USBD_CDC_GetHSCfgDesc:0000000000000008 $d
     /tmp/ccpwTPd3.s:102    .text.USBD_CDC_GetOtherSpeedCfgDesc:0000000000000000 $t
     /tmp/ccpwTPd3.s:108    .text.USBD_CDC_GetOtherSpeedCfgDesc:0000000000000000 USBD_CDC_GetOtherSpeedCfgDesc
     /tmp/ccpwTPd3.s:119    .text.USBD_CDC_GetOtherSpeedCfgDesc:0000000000000008 $d
     /tmp/ccpwTPd3.s:122    .text.USBD_CDC_GetDeviceQualifierDescriptor:0000000000000000 $t
     /tmp/ccpwTPd3.s:129    .text.USBD_CDC_GetDeviceQualifierDescriptor:0000000000000000 USBD_CDC_GetDeviceQualifierDescriptor
     /tmp/ccpwTPd3.s:140    .text.USBD_CDC_GetDeviceQualifierDescriptor:0000000000000008 $d
     /tmp/ccpwTPd3.s:143    .text.USBD_CDC_DataOut:0000000000000000 $t
     /tmp/ccpwTPd3.s:149    .text.USBD_CDC_DataOut:0000000000000000 USBD_CDC_DataOut
     /tmp/ccpwTPd3.s:172    .text.USBD_CDC_Setup:0000000000000000 $t
     /tmp/ccpwTPd3.s:178    .text.USBD_CDC_Setup:0000000000000000 USBD_CDC_Setup
     /tmp/ccpwTPd3.s:235    .text.USBD_CDC_Setup:0000000000000070 $d
     /tmp/ccpwTPd3.s:238    .text.USBD_CDC_DeInit:0000000000000000 $t
     /tmp/ccpwTPd3.s:244    .text.USBD_CDC_DeInit:0000000000000000 USBD_CDC_DeInit
     /tmp/ccpwTPd3.s:271    .text.USBD_CDC_Init:0000000000000000 $t
     /tmp/ccpwTPd3.s:277    .text.USBD_CDC_Init:0000000000000000 USBD_CDC_Init
     /tmp/ccpwTPd3.s:344    .text.USBD_CDC_RegisterInterface:0000000000000000 $t
     /tmp/ccpwTPd3.s:351    .text.USBD_CDC_RegisterInterface:0000000000000000 USBD_CDC_RegisterInterface
     /tmp/ccpwTPd3.s:364    .text.USBD_CDC_SetTxBuffer:0000000000000000 $t
     /tmp/ccpwTPd3.s:371    .text.USBD_CDC_SetTxBuffer:0000000000000000 USBD_CDC_SetTxBuffer
     /tmp/ccpwTPd3.s:382    .text.USBD_CDC_SetRxBuffer:0000000000000000 $t
     /tmp/ccpwTPd3.s:389    .text.USBD_CDC_SetRxBuffer:0000000000000000 USBD_CDC_SetRxBuffer
     /tmp/ccpwTPd3.s:399    .text.USBD_CDC_TransmitPacket:0000000000000000 $t
     /tmp/ccpwTPd3.s:406    .text.USBD_CDC_TransmitPacket:0000000000000000 USBD_CDC_TransmitPacket
     /tmp/ccpwTPd3.s:431    .text.USBD_CDC_ReceivePacket:0000000000000000 $t
     /tmp/ccpwTPd3.s:438    .text.USBD_CDC_ReceivePacket:0000000000000000 USBD_CDC_ReceivePacket
     /tmp/ccpwTPd3.s:659    .data.USBD_CDC_OtherSpeedCfgDesc:0000000000000000 USBD_CDC_OtherSpeedCfgDesc
     /tmp/ccpwTPd3.s:497    .data.USBD_CDC_CfgFSDesc:0000000000000000 USBD_CDC_CfgFSDesc
     /tmp/ccpwTPd3.s:570    .data.USBD_CDC_CfgHSDesc:0000000000000000 USBD_CDC_CfgHSDesc
     /tmp/ccpwTPd3.s:477    .data.USBD_CDC:0000000000000000 USBD_CDC
     /tmp/ccpwTPd3.s:471    .bss.ifalt.7775:0000000000000000 ifalt.7775
     /tmp/ccpwTPd3.s:472    .bss.ifalt.7775:0000000000000000 $d
     /tmp/ccpwTPd3.s:474    .data.USBD_CDC:0000000000000000 $d
     /tmp/ccpwTPd3.s:493    .data.USBD_CDC_CfgFSDesc:0000000000000000 $d
     /tmp/ccpwTPd3.s:566    .data.USBD_CDC_CfgHSDesc:0000000000000000 $d
     /tmp/ccpwTPd3.s:639    .data.USBD_CDC_DeviceQualifierDesc:0000000000000000 $d
     /tmp/ccpwTPd3.s:643    .data.USBD_CDC_DeviceQualifierDesc:0000000000000000 USBD_CDC_DeviceQualifierDesc
     /tmp/ccpwTPd3.s:655    .data.USBD_CDC_OtherSpeedCfgDesc:0000000000000000 $d

UNDEFINED SYMBOLS
USBD_LL_GetRxDataSize
USBD_CtlSendData
USBD_CtlPrepareRx
USBD_LL_CloseEP
USBD_static_free
USBD_LL_OpenEP
ARM GAS  /tmp/ccpwTPd3.s 			page 15


USBD_static_malloc
USBD_LL_PrepareReceive
USBD_LL_Transmit
